<?xml version="1.0" encoding="utf-8"?>
<TestRun id="04ba8af3-195b-47e1-bb34-492091a06068" name="Alex@DESKTOP-G8PCQAF 2025-11-05 22:14:56" runUser="DESKTOP-G8PCQAF\Alex" xmlns="http://microsoft.com/schemas/VisualStudio/TeamTest/2010">
  <Times creation="2025-11-05T22:14:56.4019287+00:00" queuing="2025-11-05T22:14:56.4019288+00:00" start="2025-11-05T22:14:55.1453087+00:00" finish="2025-11-05T22:14:56.5639760+00:00" />
  <TestSettings name="default" id="73ea7d97-0263-4b9f-9090-2ca331e133da">
    <Deployment runDeploymentRoot="Alex_DESKTOP-G8PCQAF_2025-11-05_22_14_56" />
  </TestSettings>
  <Results>
    <UnitTestResult executionId="53acfc98-faaf-4fe4-a036-46ac626beb19" testId="8ade1ad6-cd5b-8300-f442-60d687ecfaf9" testName="AltarModsConstants_PlayerMods_ShouldBePrioritized" computerName="DESKTOP-G8PCQAF" duration="00:00:00.0007566" startTime="2025-11-05T22:14:56.4480887+00:00" endTime="2025-11-05T22:14:56.4489418+00:00" testType="13cdc9d9-ddb5-4fa4-a97d-d965ccfc6d4b" outcome="Passed" testListId="8c84fa94-04c1-424b-9868-57a2d4851a1d" relativeResultsDirectory="53acfc98-faaf-4fe4-a036-46ac626beb19" />
    <UnitTestResult executionId="16d22f68-fc89-40e8-81a7-d2bb29951d82" testId="595f203c-4c11-4413-5fed-f653b27e96f2" testName="AltarTargetDict_ShouldContainExpectedKeys" computerName="DESKTOP-G8PCQAF" duration="00:00:00.0002229" startTime="2025-11-05T22:14:56.2981210+00:00" endTime="2025-11-05T22:14:56.2981210+00:00" testType="13cdc9d9-ddb5-4fa4-a97d-d965ccfc6d4b" outcome="Passed" testListId="8c84fa94-04c1-424b-9868-57a2d4851a1d" relativeResultsDirectory="16d22f68-fc89-40e8-81a7-d2bb29951d82" />
    <UnitTestResult executionId="07fd4a50-92ed-49e7-b9d3-78388a976c7c" testId="128b796f-ea93-fb99-78f5-b328aafb2a7e" testName="ModCollections_ShouldHaveBalancedCounts" computerName="DESKTOP-G8PCQAF" duration="00:00:00.0001563" startTime="2025-11-05T22:14:56.4223386+00:00" endTime="2025-11-05T22:14:56.4228383+00:00" testType="13cdc9d9-ddb5-4fa4-a97d-d965ccfc6d4b" outcome="Passed" testListId="8c84fa94-04c1-424b-9868-57a2d4851a1d" relativeResultsDirectory="07fd4a50-92ed-49e7-b9d3-78388a976c7c" />
    <UnitTestResult executionId="116e00e1-3df5-4c4e-9232-413e3d662da2" testId="078ca68a-9d68-e993-23b7-79de24968cb8" testName="AltarModsConstants_FilterAndAltarDicts_ShouldHaveExpectedCoverage" computerName="DESKTOP-G8PCQAF" duration="00:00:00.0082740" startTime="2025-11-05T22:14:56.4393235+00:00" endTime="2025-11-05T22:14:56.4480887+00:00" testType="13cdc9d9-ddb5-4fa4-a97d-d965ccfc6d4b" outcome="Passed" testListId="8c84fa94-04c1-424b-9868-57a2d4851a1d" relativeResultsDirectory="116e00e1-3df5-4c4e-9232-413e3d662da2" />
    <UnitTestResult executionId="41c120c9-c537-41f4-8f53-557de1808dea" testId="cd8fea07-85c5-7062-80c5-9fe5081431e8" testName="UpsideMods_ShouldNotBeEmpty" computerName="DESKTOP-G8PCQAF" duration="00:00:00.0001114" startTime="2025-11-05T22:14:56.2904647+00:00" endTime="2025-11-05T22:14:56.2909732+00:00" testType="13cdc9d9-ddb5-4fa4-a97d-d965ccfc6d4b" outcome="Passed" testListId="8c84fa94-04c1-424b-9868-57a2d4851a1d" relativeResultsDirectory="41c120c9-c537-41f4-8f53-557de1808dea" />
    <UnitTestResult executionId="a9e934c6-1445-4f12-99a9-0857a5f9ac45" testId="97d31d73-bf28-0aa5-7ffd-7d9562c2baca" testName="UpsideMods_ShouldContainEssentialGameplayMods" computerName="DESKTOP-G8PCQAF" duration="00:00:00.0009945" startTime="2025-11-05T22:14:56.3545313+00:00" endTime="2025-11-05T22:14:56.3555302+00:00" testType="13cdc9d9-ddb5-4fa4-a97d-d965ccfc6d4b" outcome="Passed" testListId="8c84fa94-04c1-424b-9868-57a2d4851a1d" relativeResultsDirectory="a9e934c6-1445-4f12-99a9-0857a5f9ac45" />
    <UnitTestResult executionId="a78daf50-7db0-429d-ab52-f57bab838db0" testId="7e440687-2125-c666-9384-8cda94159715" testName="DownsideMods_ShouldNotBeEmpty" computerName="DESKTOP-G8PCQAF" duration="00:00:00.0287709" startTime="2025-11-05T22:14:56.0725298+00:00" endTime="2025-11-05T22:14:56.2833315+00:00" testType="13cdc9d9-ddb5-4fa4-a97d-d965ccfc6d4b" outcome="Passed" testListId="8c84fa94-04c1-424b-9868-57a2d4851a1d" relativeResultsDirectory="a78daf50-7db0-429d-ab52-f57bab838db0" />
    <UnitTestResult executionId="347d7b29-7cad-4434-ae3d-753455253805" testId="8f93e997-62b9-86aa-244b-4acb788e20de" testName="DownsideMods_ShouldHaveUniqueIds" computerName="DESKTOP-G8PCQAF" duration="00:00:00.0037358" startTime="2025-11-05T22:14:56.3143274+00:00" endTime="2025-11-05T22:14:56.3178974+00:00" testType="13cdc9d9-ddb5-4fa4-a97d-d965ccfc6d4b" outcome="Passed" testListId="8c84fa94-04c1-424b-9868-57a2d4851a1d" relativeResultsDirectory="347d7b29-7cad-4434-ae3d-753455253805" />
    <UnitTestResult executionId="b3272d87-7adb-4d0b-85bf-974fbdc56736" testId="15fcb06f-8632-359a-75ce-6f44f89c5277" testName="FilterTargetDict_ShouldHaveCorrectMappings" computerName="DESKTOP-G8PCQAF" duration="00:00:00.0011880" startTime="2025-11-05T22:14:56.3563714+00:00" endTime="2025-11-05T22:14:56.3568826+00:00" testType="13cdc9d9-ddb5-4fa4-a97d-d965ccfc6d4b" outcome="Passed" testListId="8c84fa94-04c1-424b-9868-57a2d4851a1d" relativeResultsDirectory="b3272d87-7adb-4d0b-85bf-974fbdc56736" />
    <UnitTestResult executionId="e0220d41-e1b7-4b1e-b8a2-0e1f558a5372" testId="b6edeb4d-3e3c-642a-f6f0-27641568a038" testName="UpsideMods_ShouldHaveConsistentDataFormat" computerName="DESKTOP-G8PCQAF" duration="00:00:00.0016974" startTime="2025-11-05T22:14:56.3514696+00:00" endTime="2025-11-05T22:14:56.3540294+00:00" testType="13cdc9d9-ddb5-4fa4-a97d-d965ccfc6d4b" outcome="Passed" testListId="8c84fa94-04c1-424b-9868-57a2d4851a1d" relativeResultsDirectory="e0220d41-e1b7-4b1e-b8a2-0e1f558a5372" />
    <UnitTestResult executionId="d0395fbb-101d-4381-b4d2-1e4ef1fe8431" testId="248d00c6-c302-7bd6-fc5a-6bca7756d217" testName="UpsideMods_ShouldHaveValidStructure" computerName="DESKTOP-G8PCQAF" duration="00:00:00.0004672" startTime="2025-11-05T22:14:56.3138260+00:00" endTime="2025-11-05T22:14:56.3143274+00:00" testType="13cdc9d9-ddb5-4fa4-a97d-d965ccfc6d4b" outcome="Passed" testListId="8c84fa94-04c1-424b-9868-57a2d4851a1d" relativeResultsDirectory="d0395fbb-101d-4381-b4d2-1e4ef1fe8431" />
    <UnitTestResult executionId="100cfc1a-3618-4c9e-9373-a1bb548bd7b8" testId="061e59bf-0492-5b0e-6078-213fa56918b7" testName="DownsideMods_ShouldHaveConsistentDataFormat" computerName="DESKTOP-G8PCQAF" duration="00:00:00.0005313" startTime="2025-11-05T22:14:56.3540294+00:00" endTime="2025-11-05T22:14:56.3545313+00:00" testType="13cdc9d9-ddb5-4fa4-a97d-d965ccfc6d4b" outcome="Passed" testListId="8c84fa94-04c1-424b-9868-57a2d4851a1d" relativeResultsDirectory="100cfc1a-3618-4c9e-9373-a1bb548bd7b8" />
    <UnitTestResult executionId="4b794f8d-326b-4edc-8d34-8686c3271dbd" testId="6b8ec001-d942-663e-5555-3cd7c053c8d4" testName="ModCollections_ShouldHaveReasonableSize" computerName="DESKTOP-G8PCQAF" duration="00:00:00.0036945" startTime="2025-11-05T22:14:56.3184148+00:00" endTime="2025-11-05T22:14:56.3229106+00:00" testType="13cdc9d9-ddb5-4fa4-a97d-d965ccfc6d4b" outcome="Passed" testListId="8c84fa94-04c1-424b-9868-57a2d4851a1d" relativeResultsDirectory="4b794f8d-326b-4edc-8d34-8686c3271dbd" />
    <UnitTestResult executionId="4e023b75-76cb-4866-abd2-05289e9d89a0" testId="f6e9bfc6-6443-4123-a982-6d2a4eb4858a" testName="AltarModsConstants_ShouldHaveValidTypeDistribution" computerName="DESKTOP-G8PCQAF" duration="00:00:00.0050920" startTime="2025-11-05T22:14:56.4317593+00:00" endTime="2025-11-05T22:14:56.4368064+00:00" testType="13cdc9d9-ddb5-4fa4-a97d-d965ccfc6d4b" outcome="Passed" testListId="8c84fa94-04c1-424b-9868-57a2d4851a1d" relativeResultsDirectory="4e023b75-76cb-4866-abd2-05289e9d89a0" />
    <UnitTestResult executionId="caa153f0-f62a-4d35-be29-8ebc7fbe1225" testId="426ee2a5-cf45-4842-36aa-a2444b978cca" testName="AltarModsConstants_DownsideMods_ShouldHaveUniqueNames" computerName="DESKTOP-G8PCQAF" duration="00:00:00.0002161" startTime="2025-11-05T22:14:56.4267474+00:00" endTime="2025-11-05T22:14:56.4267474+00:00" testType="13cdc9d9-ddb5-4fa4-a97d-d965ccfc6d4b" outcome="Passed" testListId="8c84fa94-04c1-424b-9868-57a2d4851a1d" relativeResultsDirectory="caa153f0-f62a-4d35-be29-8ebc7fbe1225" />
    <UnitTestResult executionId="0b27176f-1057-431f-9527-f755ea11833c" testId="6d698d24-a9fe-2474-63bf-08d79ad53192" testName="FilterTargetDict_ShouldContainExpectedKeys" computerName="DESKTOP-G8PCQAF" duration="00:00:00.0072812" startTime="2025-11-05T22:14:56.2909732+00:00" endTime="2025-11-05T22:14:56.2981210+00:00" testType="13cdc9d9-ddb5-4fa4-a97d-d965ccfc6d4b" outcome="Passed" testListId="8c84fa94-04c1-424b-9868-57a2d4851a1d" relativeResultsDirectory="0b27176f-1057-431f-9527-f755ea11833c" />
    <UnitTestResult executionId="4c506f96-a3dd-49a1-94c6-a44cd4117975" testId="f436735f-e0e0-5642-0c04-aae30d37785a" testName="BossTargetedMods_ShouldExist" computerName="DESKTOP-G8PCQAF" duration="00:00:00.0002865" startTime="2025-11-05T22:14:56.4218378+00:00" endTime="2025-11-05T22:14:56.4223386+00:00" testType="13cdc9d9-ddb5-4fa4-a97d-d965ccfc6d4b" outcome="Passed" testListId="8c84fa94-04c1-424b-9868-57a2d4851a1d" relativeResultsDirectory="4c506f96-a3dd-49a1-94c6-a44cd4117975" />
    <UnitTestResult executionId="136d810b-004d-4f9a-9b82-be1ba4b8ec7c" testId="8369a21d-54a8-a919-98dd-2c710db28541" testName="AltarModsConstants_ModIds_ShouldNotHaveLeadingOrTrailingWhitespace" computerName="DESKTOP-G8PCQAF" duration="00:00:00.0028283" startTime="2025-11-05T22:14:56.4287648+00:00" endTime="2025-11-05T22:14:56.4317593+00:00" testType="13cdc9d9-ddb5-4fa4-a97d-d965ccfc6d4b" outcome="Passed" testListId="8c84fa94-04c1-424b-9868-57a2d4851a1d" relativeResultsDirectory="136d810b-004d-4f9a-9b82-be1ba4b8ec7c" />
    <UnitTestResult executionId="a991c54b-1a97-4746-b39d-087203fd43b6" testId="2e14e2a6-11eb-c8c2-9f7a-50c0ca1738f2" testName="DownsideMods_ShouldHaveValidStructure" computerName="DESKTOP-G8PCQAF" duration="00:00:00.0148547" startTime="2025-11-05T22:14:56.2981210+00:00" endTime="2025-11-05T22:14:56.3133273+00:00" testType="13cdc9d9-ddb5-4fa4-a97d-d965ccfc6d4b" outcome="Passed" testListId="8c84fa94-04c1-424b-9868-57a2d4851a1d" relativeResultsDirectory="a991c54b-1a97-4746-b39d-087203fd43b6" />
    <UnitTestResult executionId="a29da84c-ec72-416b-940e-a98abc91ba27" testId="e892ec32-5ef7-2210-3298-2be37b1da00f" testName="AltarModsConstants_AllMods_ShouldHaveValidWeightRanges" computerName="DESKTOP-G8PCQAF" duration="00:00:00.0015311" startTime="2025-11-05T22:14:56.4267474+00:00" endTime="2025-11-05T22:14:56.4287648+00:00" testType="13cdc9d9-ddb5-4fa4-a97d-d965ccfc6d4b" outcome="Passed" testListId="8c84fa94-04c1-424b-9868-57a2d4851a1d" relativeResultsDirectory="a29da84c-ec72-416b-940e-a98abc91ba27" />
    <UnitTestResult executionId="f9fb20c0-882c-4e7f-9890-6040d76bd2fc" testId="53d6b819-c67d-0003-1d18-1e487a15d2ef" testName="AltarModsConstants_ModNames_ShouldBeDescriptive" computerName="DESKTOP-G8PCQAF" duration="00:00:00.0016648" startTime="2025-11-05T22:14:56.4489418+00:00" endTime="2025-11-05T22:14:56.4509582+00:00" testType="13cdc9d9-ddb5-4fa4-a97d-d965ccfc6d4b" outcome="Passed" testListId="8c84fa94-04c1-424b-9868-57a2d4851a1d" relativeResultsDirectory="f9fb20c0-882c-4e7f-9890-6040d76bd2fc" />
    <UnitTestResult executionId="09f7467a-480b-439c-9ef5-8c70e5a9140d" testId="3a61beba-698c-f922-c647-1aed1276266b" testName="AltarModsConstants_LowValueMods_ShouldExist" computerName="DESKTOP-G8PCQAF" duration="00:00:00.0002624" startTime="2025-11-05T22:14:56.4388241+00:00" endTime="2025-11-05T22:14:56.4388241+00:00" testType="13cdc9d9-ddb5-4fa4-a97d-d965ccfc6d4b" outcome="Passed" testListId="8c84fa94-04c1-424b-9868-57a2d4851a1d" relativeResultsDirectory="09f7467a-480b-439c-9ef5-8c70e5a9140d" />
    <UnitTestResult executionId="e767d9b9-795a-4986-844a-939c6ba97b62" testId="ee4c6a80-67ea-ad07-5d96-ac8c10b054ad" testName="AltarModsConstants_UpsideMods_ShouldHaveUniqueNames" computerName="DESKTOP-G8PCQAF" duration="00:00:00.0036414" startTime="2025-11-05T22:14:56.4228383+00:00" endTime="2025-11-05T22:14:56.4267474+00:00" testType="13cdc9d9-ddb5-4fa4-a97d-d965ccfc6d4b" outcome="Passed" testListId="8c84fa94-04c1-424b-9868-57a2d4851a1d" relativeResultsDirectory="e767d9b9-795a-4986-844a-939c6ba97b62" />
    <UnitTestResult executionId="8a76338d-49f7-4780-9f8c-220fbb7d7b33" testId="e2469839-e919-9f58-0648-fd6483af4b0b" testName="AltarTargetDict_ShouldHaveCorrectMappings" computerName="DESKTOP-G8PCQAF" duration="00:00:00.0001900" startTime="2025-11-05T22:14:56.3568826+00:00" endTime="2025-11-05T22:14:56.3578885+00:00" testType="13cdc9d9-ddb5-4fa4-a97d-d965ccfc6d4b" outcome="Passed" testListId="8c84fa94-04c1-424b-9868-57a2d4851a1d" relativeResultsDirectory="8a76338d-49f7-4780-9f8c-220fbb7d7b33" />
    <UnitTestResult executionId="f8808a23-3129-4e8a-b9cd-05b9b8a7a0ee" testId="c9a312cc-aa1d-e7ec-7115-906a6a9a3d22" testName="DownsideMods_ShouldContainEssentialGameplayMods" computerName="DESKTOP-G8PCQAF" duration="00:00:00.0002794" startTime="2025-11-05T22:14:56.3555302+00:00" endTime="2025-11-05T22:14:56.3563714+00:00" testType="13cdc9d9-ddb5-4fa4-a97d-d965ccfc6d4b" outcome="Passed" testListId="8c84fa94-04c1-424b-9868-57a2d4851a1d" relativeResultsDirectory="f8808a23-3129-4e8a-b9cd-05b9b8a7a0ee" />
    <UnitTestResult executionId="d32e10d8-c6e3-4c3e-b90c-9856187e95d6" testId="2b942233-0b14-723c-536c-69c3832eef7b" testName="AltarModsConstants_HighValueMods_ShouldBeIdentifiable" computerName="DESKTOP-G8PCQAF" duration="00:00:00.0017082" startTime="2025-11-05T22:14:56.4368064+00:00" endTime="2025-11-05T22:14:56.4383246+00:00" testType="13cdc9d9-ddb5-4fa4-a97d-d965ccfc6d4b" outcome="Passed" testListId="8c84fa94-04c1-424b-9868-57a2d4851a1d" relativeResultsDirectory="d32e10d8-c6e3-4c3e-b90c-9856187e95d6" />
    <UnitTestResult executionId="dd0afc54-1de1-42fe-b0b9-5814613f15bb" testId="cebd853f-9b4e-ca20-b1f3-76488911521a" testName="PlayerTargetedMods_ShouldHaveAppropriateWeights" computerName="DESKTOP-G8PCQAF" duration="00:00:00.0027278" startTime="2025-11-05T22:14:56.4183127+00:00" endTime="2025-11-05T22:14:56.4205860+00:00" testType="13cdc9d9-ddb5-4fa4-a97d-d965ccfc6d4b" outcome="Passed" testListId="8c84fa94-04c1-424b-9868-57a2d4851a1d" relativeResultsDirectory="dd0afc54-1de1-42fe-b0b9-5814613f15bb" />
    <UnitTestResult executionId="89aefc73-9c87-45c8-9943-533f92991602" testId="ed57d447-e093-d5c1-cf09-9f7c15f531c2" testName="DefaultWeights_ShouldFollowReasonableDistribution" computerName="DESKTOP-G8PCQAF" duration="00:00:00.0556536" startTime="2025-11-05T22:14:56.3622850+00:00" endTime="2025-11-05T22:14:56.4177798+00:00" testType="13cdc9d9-ddb5-4fa4-a97d-d965ccfc6d4b" outcome="Passed" testListId="8c84fa94-04c1-424b-9868-57a2d4851a1d" relativeResultsDirectory="89aefc73-9c87-45c8-9943-533f92991602" />
    <UnitTestResult executionId="8fcc2953-f21d-4e29-9e0c-5aa00e78c3ae" testId="260489a1-cf2d-ac81-79c0-c2c4ad88bdb5" testName="ModTypes_ShouldBeValidAndConsistent" computerName="DESKTOP-G8PCQAF" duration="00:00:00.0041759" startTime="2025-11-05T22:14:56.3578885+00:00" endTime="2025-11-05T22:14:56.3622850+00:00" testType="13cdc9d9-ddb5-4fa4-a97d-d965ccfc6d4b" outcome="Passed" testListId="8c84fa94-04c1-424b-9868-57a2d4851a1d" relativeResultsDirectory="8fcc2953-f21d-4e29-9e0c-5aa00e78c3ae" />
    <UnitTestResult executionId="a75366b2-ef3e-4ff7-b18a-b3dc515e6d62" testId="46cabf82-2444-0088-5b02-785f0f225c12" testName="UpsideMods_ShouldHaveUniqueIds" computerName="DESKTOP-G8PCQAF" duration="00:00:00.0002047" startTime="2025-11-05T22:14:56.3178974+00:00" endTime="2025-11-05T22:14:56.3184148+00:00" testType="13cdc9d9-ddb5-4fa4-a97d-d965ccfc6d4b" outcome="Passed" testListId="8c84fa94-04c1-424b-9868-57a2d4851a1d" relativeResultsDirectory="a75366b2-ef3e-4ff7-b18a-b3dc515e6d62" />
  </Results>
  <TestDefinitions>
    <UnitTest name="AltarModsConstants_PlayerMods_ShouldBePrioritized" storage="c:\1.path stuff\githubrepositories\clickit\tests\bin\debug\net48\clickit.tests.dll" id="8ade1ad6-cd5b-8300-f442-60d687ecfaf9">
      <Execution id="53acfc98-faaf-4fe4-a036-46ac626beb19" />
      <TestMethod codeBase="C:\1.Path stuff\GithubRepositories\ClickIt\Tests\bin\Debug\net48\ClickIt.Tests.dll" adapterTypeName="executor://mstestadapter/v2" className="ClickIt.Tests.UtilityFunctionTests" name="AltarModsConstants_PlayerMods_ShouldBePrioritized" />
    </UnitTest>
    <UnitTest name="PlayerTargetedMods_ShouldHaveAppropriateWeights" storage="c:\1.path stuff\githubrepositories\clickit\tests\bin\debug\net48\clickit.tests.dll" id="cebd853f-9b4e-ca20-b1f3-76488911521a">
      <Execution id="dd0afc54-1de1-42fe-b0b9-5814613f15bb" />
      <TestMethod codeBase="C:\1.Path stuff\GithubRepositories\ClickIt\Tests\bin\Debug\net48\ClickIt.Tests.dll" adapterTypeName="executor://mstestadapter/v2" className="ClickIt.Tests.ExtendedConstantsTests" name="PlayerTargetedMods_ShouldHaveAppropriateWeights" />
    </UnitTest>
    <UnitTest name="AltarModsConstants_ShouldHaveValidTypeDistribution" storage="c:\1.path stuff\githubrepositories\clickit\tests\bin\debug\net48\clickit.tests.dll" id="f6e9bfc6-6443-4123-a982-6d2a4eb4858a">
      <Execution id="4e023b75-76cb-4866-abd2-05289e9d89a0" />
      <TestMethod codeBase="C:\1.Path stuff\GithubRepositories\ClickIt\Tests\bin\Debug\net48\ClickIt.Tests.dll" adapterTypeName="executor://mstestadapter/v2" className="ClickIt.Tests.UtilityFunctionTests" name="AltarModsConstants_ShouldHaveValidTypeDistribution" />
    </UnitTest>
    <UnitTest name="AltarModsConstants_HighValueMods_ShouldBeIdentifiable" storage="c:\1.path stuff\githubrepositories\clickit\tests\bin\debug\net48\clickit.tests.dll" id="2b942233-0b14-723c-536c-69c3832eef7b">
      <Execution id="d32e10d8-c6e3-4c3e-b90c-9856187e95d6" />
      <TestMethod codeBase="C:\1.Path stuff\GithubRepositories\ClickIt\Tests\bin\Debug\net48\ClickIt.Tests.dll" adapterTypeName="executor://mstestadapter/v2" className="ClickIt.Tests.UtilityFunctionTests" name="AltarModsConstants_HighValueMods_ShouldBeIdentifiable" />
    </UnitTest>
    <UnitTest name="DownsideMods_ShouldNotBeEmpty" storage="c:\1.path stuff\githubrepositories\clickit\tests\bin\debug\net48\clickit.tests.dll" id="7e440687-2125-c666-9384-8cda94159715">
      <Execution id="a78daf50-7db0-429d-ab52-f57bab838db0" />
      <TestMethod codeBase="C:\1.Path stuff\GithubRepositories\ClickIt\Tests\bin\Debug\net48\ClickIt.Tests.dll" adapterTypeName="executor://mstestadapter/v2" className="ClickIt.Tests.AltarModsConstantsTests" name="DownsideMods_ShouldNotBeEmpty" />
    </UnitTest>
    <UnitTest name="FilterTargetDict_ShouldContainExpectedKeys" storage="c:\1.path stuff\githubrepositories\clickit\tests\bin\debug\net48\clickit.tests.dll" id="6d698d24-a9fe-2474-63bf-08d79ad53192">
      <Execution id="0b27176f-1057-431f-9527-f755ea11833c" />
      <TestMethod codeBase="C:\1.Path stuff\GithubRepositories\ClickIt\Tests\bin\Debug\net48\ClickIt.Tests.dll" adapterTypeName="executor://mstestadapter/v2" className="ClickIt.Tests.AltarModsConstantsTests" name="FilterTargetDict_ShouldContainExpectedKeys" />
    </UnitTest>
    <UnitTest name="BossTargetedMods_ShouldExist" storage="c:\1.path stuff\githubrepositories\clickit\tests\bin\debug\net48\clickit.tests.dll" id="f436735f-e0e0-5642-0c04-aae30d37785a">
      <Execution id="4c506f96-a3dd-49a1-94c6-a44cd4117975" />
      <TestMethod codeBase="C:\1.Path stuff\GithubRepositories\ClickIt\Tests\bin\Debug\net48\ClickIt.Tests.dll" adapterTypeName="executor://mstestadapter/v2" className="ClickIt.Tests.ExtendedConstantsTests" name="BossTargetedMods_ShouldExist" />
    </UnitTest>
    <UnitTest name="DownsideMods_ShouldContainEssentialGameplayMods" storage="c:\1.path stuff\githubrepositories\clickit\tests\bin\debug\net48\clickit.tests.dll" id="c9a312cc-aa1d-e7ec-7115-906a6a9a3d22">
      <Execution id="f8808a23-3129-4e8a-b9cd-05b9b8a7a0ee" />
      <TestMethod codeBase="C:\1.Path stuff\GithubRepositories\ClickIt\Tests\bin\Debug\net48\ClickIt.Tests.dll" adapterTypeName="executor://mstestadapter/v2" className="ClickIt.Tests.ExtendedConstantsTests" name="DownsideMods_ShouldContainEssentialGameplayMods" />
    </UnitTest>
    <UnitTest name="UpsideMods_ShouldNotBeEmpty" storage="c:\1.path stuff\githubrepositories\clickit\tests\bin\debug\net48\clickit.tests.dll" id="cd8fea07-85c5-7062-80c5-9fe5081431e8">
      <Execution id="41c120c9-c537-41f4-8f53-557de1808dea" />
      <TestMethod codeBase="C:\1.Path stuff\GithubRepositories\ClickIt\Tests\bin\Debug\net48\ClickIt.Tests.dll" adapterTypeName="executor://mstestadapter/v2" className="ClickIt.Tests.AltarModsConstantsTests" name="UpsideMods_ShouldNotBeEmpty" />
    </UnitTest>
    <UnitTest name="UpsideMods_ShouldHaveValidStructure" storage="c:\1.path stuff\githubrepositories\clickit\tests\bin\debug\net48\clickit.tests.dll" id="248d00c6-c302-7bd6-fc5a-6bca7756d217">
      <Execution id="d0395fbb-101d-4381-b4d2-1e4ef1fe8431" />
      <TestMethod codeBase="C:\1.Path stuff\GithubRepositories\ClickIt\Tests\bin\Debug\net48\ClickIt.Tests.dll" adapterTypeName="executor://mstestadapter/v2" className="ClickIt.Tests.AltarModsConstantsTests" name="UpsideMods_ShouldHaveValidStructure" />
    </UnitTest>
    <UnitTest name="ModTypes_ShouldBeValidAndConsistent" storage="c:\1.path stuff\githubrepositories\clickit\tests\bin\debug\net48\clickit.tests.dll" id="260489a1-cf2d-ac81-79c0-c2c4ad88bdb5">
      <Execution id="8fcc2953-f21d-4e29-9e0c-5aa00e78c3ae" />
      <TestMethod codeBase="C:\1.Path stuff\GithubRepositories\ClickIt\Tests\bin\Debug\net48\ClickIt.Tests.dll" adapterTypeName="executor://mstestadapter/v2" className="ClickIt.Tests.ExtendedConstantsTests" name="ModTypes_ShouldBeValidAndConsistent" />
    </UnitTest>
    <UnitTest name="AltarModsConstants_DownsideMods_ShouldHaveUniqueNames" storage="c:\1.path stuff\githubrepositories\clickit\tests\bin\debug\net48\clickit.tests.dll" id="426ee2a5-cf45-4842-36aa-a2444b978cca">
      <Execution id="caa153f0-f62a-4d35-be29-8ebc7fbe1225" />
      <TestMethod codeBase="C:\1.Path stuff\GithubRepositories\ClickIt\Tests\bin\Debug\net48\ClickIt.Tests.dll" adapterTypeName="executor://mstestadapter/v2" className="ClickIt.Tests.UtilityFunctionTests" name="AltarModsConstants_DownsideMods_ShouldHaveUniqueNames" />
    </UnitTest>
    <UnitTest name="UpsideMods_ShouldHaveConsistentDataFormat" storage="c:\1.path stuff\githubrepositories\clickit\tests\bin\debug\net48\clickit.tests.dll" id="b6edeb4d-3e3c-642a-f6f0-27641568a038">
      <Execution id="e0220d41-e1b7-4b1e-b8a2-0e1f558a5372" />
      <TestMethod codeBase="C:\1.Path stuff\GithubRepositories\ClickIt\Tests\bin\Debug\net48\ClickIt.Tests.dll" adapterTypeName="executor://mstestadapter/v2" className="ClickIt.Tests.ExtendedConstantsTests" name="UpsideMods_ShouldHaveConsistentDataFormat" />
    </UnitTest>
    <UnitTest name="DownsideMods_ShouldHaveConsistentDataFormat" storage="c:\1.path stuff\githubrepositories\clickit\tests\bin\debug\net48\clickit.tests.dll" id="061e59bf-0492-5b0e-6078-213fa56918b7">
      <Execution id="100cfc1a-3618-4c9e-9373-a1bb548bd7b8" />
      <TestMethod codeBase="C:\1.Path stuff\GithubRepositories\ClickIt\Tests\bin\Debug\net48\ClickIt.Tests.dll" adapterTypeName="executor://mstestadapter/v2" className="ClickIt.Tests.ExtendedConstantsTests" name="DownsideMods_ShouldHaveConsistentDataFormat" />
    </UnitTest>
    <UnitTest name="AltarTargetDict_ShouldHaveCorrectMappings" storage="c:\1.path stuff\githubrepositories\clickit\tests\bin\debug\net48\clickit.tests.dll" id="e2469839-e919-9f58-0648-fd6483af4b0b">
      <Execution id="8a76338d-49f7-4780-9f8c-220fbb7d7b33" />
      <TestMethod codeBase="C:\1.Path stuff\GithubRepositories\ClickIt\Tests\bin\Debug\net48\ClickIt.Tests.dll" adapterTypeName="executor://mstestadapter/v2" className="ClickIt.Tests.ExtendedConstantsTests" name="AltarTargetDict_ShouldHaveCorrectMappings" />
    </UnitTest>
    <UnitTest name="FilterTargetDict_ShouldHaveCorrectMappings" storage="c:\1.path stuff\githubrepositories\clickit\tests\bin\debug\net48\clickit.tests.dll" id="15fcb06f-8632-359a-75ce-6f44f89c5277">
      <Execution id="b3272d87-7adb-4d0b-85bf-974fbdc56736" />
      <TestMethod codeBase="C:\1.Path stuff\GithubRepositories\ClickIt\Tests\bin\Debug\net48\ClickIt.Tests.dll" adapterTypeName="executor://mstestadapter/v2" className="ClickIt.Tests.ExtendedConstantsTests" name="FilterTargetDict_ShouldHaveCorrectMappings" />
    </UnitTest>
    <UnitTest name="DownsideMods_ShouldHaveValidStructure" storage="c:\1.path stuff\githubrepositories\clickit\tests\bin\debug\net48\clickit.tests.dll" id="2e14e2a6-11eb-c8c2-9f7a-50c0ca1738f2">
      <Execution id="a991c54b-1a97-4746-b39d-087203fd43b6" />
      <TestMethod codeBase="C:\1.Path stuff\GithubRepositories\ClickIt\Tests\bin\Debug\net48\ClickIt.Tests.dll" adapterTypeName="executor://mstestadapter/v2" className="ClickIt.Tests.AltarModsConstantsTests" name="DownsideMods_ShouldHaveValidStructure" />
    </UnitTest>
    <UnitTest name="DefaultWeights_ShouldFollowReasonableDistribution" storage="c:\1.path stuff\githubrepositories\clickit\tests\bin\debug\net48\clickit.tests.dll" id="ed57d447-e093-d5c1-cf09-9f7c15f531c2">
      <Execution id="89aefc73-9c87-45c8-9943-533f92991602" />
      <TestMethod codeBase="C:\1.Path stuff\GithubRepositories\ClickIt\Tests\bin\Debug\net48\ClickIt.Tests.dll" adapterTypeName="executor://mstestadapter/v2" className="ClickIt.Tests.ExtendedConstantsTests" name="DefaultWeights_ShouldFollowReasonableDistribution" />
    </UnitTest>
    <UnitTest name="AltarModsConstants_FilterAndAltarDicts_ShouldHaveExpectedCoverage" storage="c:\1.path stuff\githubrepositories\clickit\tests\bin\debug\net48\clickit.tests.dll" id="078ca68a-9d68-e993-23b7-79de24968cb8">
      <Execution id="116e00e1-3df5-4c4e-9232-413e3d662da2" />
      <TestMethod codeBase="C:\1.Path stuff\GithubRepositories\ClickIt\Tests\bin\Debug\net48\ClickIt.Tests.dll" adapterTypeName="executor://mstestadapter/v2" className="ClickIt.Tests.UtilityFunctionTests" name="AltarModsConstants_FilterAndAltarDicts_ShouldHaveExpectedCoverage" />
    </UnitTest>
    <UnitTest name="AltarModsConstants_ModIds_ShouldNotHaveLeadingOrTrailingWhitespace" storage="c:\1.path stuff\githubrepositories\clickit\tests\bin\debug\net48\clickit.tests.dll" id="8369a21d-54a8-a919-98dd-2c710db28541">
      <Execution id="136d810b-004d-4f9a-9b82-be1ba4b8ec7c" />
      <TestMethod codeBase="C:\1.Path stuff\GithubRepositories\ClickIt\Tests\bin\Debug\net48\ClickIt.Tests.dll" adapterTypeName="executor://mstestadapter/v2" className="ClickIt.Tests.UtilityFunctionTests" name="AltarModsConstants_ModIds_ShouldNotHaveLeadingOrTrailingWhitespace" />
    </UnitTest>
    <UnitTest name="ModCollections_ShouldHaveReasonableSize" storage="c:\1.path stuff\githubrepositories\clickit\tests\bin\debug\net48\clickit.tests.dll" id="6b8ec001-d942-663e-5555-3cd7c053c8d4">
      <Execution id="4b794f8d-326b-4edc-8d34-8686c3271dbd" />
      <TestMethod codeBase="C:\1.Path stuff\GithubRepositories\ClickIt\Tests\bin\Debug\net48\ClickIt.Tests.dll" adapterTypeName="executor://mstestadapter/v2" className="ClickIt.Tests.AltarModsConstantsTests" name="ModCollections_ShouldHaveReasonableSize" />
    </UnitTest>
    <UnitTest name="ModCollections_ShouldHaveBalancedCounts" storage="c:\1.path stuff\githubrepositories\clickit\tests\bin\debug\net48\clickit.tests.dll" id="128b796f-ea93-fb99-78f5-b328aafb2a7e">
      <Execution id="07fd4a50-92ed-49e7-b9d3-78388a976c7c" />
      <TestMethod codeBase="C:\1.Path stuff\GithubRepositories\ClickIt\Tests\bin\Debug\net48\ClickIt.Tests.dll" adapterTypeName="executor://mstestadapter/v2" className="ClickIt.Tests.ExtendedConstantsTests" name="ModCollections_ShouldHaveBalancedCounts" />
    </UnitTest>
    <UnitTest name="UpsideMods_ShouldHaveUniqueIds" storage="c:\1.path stuff\githubrepositories\clickit\tests\bin\debug\net48\clickit.tests.dll" id="46cabf82-2444-0088-5b02-785f0f225c12">
      <Execution id="a75366b2-ef3e-4ff7-b18a-b3dc515e6d62" />
      <TestMethod codeBase="C:\1.Path stuff\GithubRepositories\ClickIt\Tests\bin\Debug\net48\ClickIt.Tests.dll" adapterTypeName="executor://mstestadapter/v2" className="ClickIt.Tests.AltarModsConstantsTests" name="UpsideMods_ShouldHaveUniqueIds" />
    </UnitTest>
    <UnitTest name="AltarModsConstants_AllMods_ShouldHaveValidWeightRanges" storage="c:\1.path stuff\githubrepositories\clickit\tests\bin\debug\net48\clickit.tests.dll" id="e892ec32-5ef7-2210-3298-2be37b1da00f">
      <Execution id="a29da84c-ec72-416b-940e-a98abc91ba27" />
      <TestMethod codeBase="C:\1.Path stuff\GithubRepositories\ClickIt\Tests\bin\Debug\net48\ClickIt.Tests.dll" adapterTypeName="executor://mstestadapter/v2" className="ClickIt.Tests.UtilityFunctionTests" name="AltarModsConstants_AllMods_ShouldHaveValidWeightRanges" />
    </UnitTest>
    <UnitTest name="UpsideMods_ShouldContainEssentialGameplayMods" storage="c:\1.path stuff\githubrepositories\clickit\tests\bin\debug\net48\clickit.tests.dll" id="97d31d73-bf28-0aa5-7ffd-7d9562c2baca">
      <Execution id="a9e934c6-1445-4f12-99a9-0857a5f9ac45" />
      <TestMethod codeBase="C:\1.Path stuff\GithubRepositories\ClickIt\Tests\bin\Debug\net48\ClickIt.Tests.dll" adapterTypeName="executor://mstestadapter/v2" className="ClickIt.Tests.ExtendedConstantsTests" name="UpsideMods_ShouldContainEssentialGameplayMods" />
    </UnitTest>
    <UnitTest name="DownsideMods_ShouldHaveUniqueIds" storage="c:\1.path stuff\githubrepositories\clickit\tests\bin\debug\net48\clickit.tests.dll" id="8f93e997-62b9-86aa-244b-4acb788e20de">
      <Execution id="347d7b29-7cad-4434-ae3d-753455253805" />
      <TestMethod codeBase="C:\1.Path stuff\GithubRepositories\ClickIt\Tests\bin\Debug\net48\ClickIt.Tests.dll" adapterTypeName="executor://mstestadapter/v2" className="ClickIt.Tests.AltarModsConstantsTests" name="DownsideMods_ShouldHaveUniqueIds" />
    </UnitTest>
    <UnitTest name="AltarModsConstants_ModNames_ShouldBeDescriptive" storage="c:\1.path stuff\githubrepositories\clickit\tests\bin\debug\net48\clickit.tests.dll" id="53d6b819-c67d-0003-1d18-1e487a15d2ef">
      <Execution id="f9fb20c0-882c-4e7f-9890-6040d76bd2fc" />
      <TestMethod codeBase="C:\1.Path stuff\GithubRepositories\ClickIt\Tests\bin\Debug\net48\ClickIt.Tests.dll" adapterTypeName="executor://mstestadapter/v2" className="ClickIt.Tests.UtilityFunctionTests" name="AltarModsConstants_ModNames_ShouldBeDescriptive" />
    </UnitTest>
    <UnitTest name="AltarModsConstants_LowValueMods_ShouldExist" storage="c:\1.path stuff\githubrepositories\clickit\tests\bin\debug\net48\clickit.tests.dll" id="3a61beba-698c-f922-c647-1aed1276266b">
      <Execution id="09f7467a-480b-439c-9ef5-8c70e5a9140d" />
      <TestMethod codeBase="C:\1.Path stuff\GithubRepositories\ClickIt\Tests\bin\Debug\net48\ClickIt.Tests.dll" adapterTypeName="executor://mstestadapter/v2" className="ClickIt.Tests.UtilityFunctionTests" name="AltarModsConstants_LowValueMods_ShouldExist" />
    </UnitTest>
    <UnitTest name="AltarModsConstants_UpsideMods_ShouldHaveUniqueNames" storage="c:\1.path stuff\githubrepositories\clickit\tests\bin\debug\net48\clickit.tests.dll" id="ee4c6a80-67ea-ad07-5d96-ac8c10b054ad">
      <Execution id="e767d9b9-795a-4986-844a-939c6ba97b62" />
      <TestMethod codeBase="C:\1.Path stuff\GithubRepositories\ClickIt\Tests\bin\Debug\net48\ClickIt.Tests.dll" adapterTypeName="executor://mstestadapter/v2" className="ClickIt.Tests.UtilityFunctionTests" name="AltarModsConstants_UpsideMods_ShouldHaveUniqueNames" />
    </UnitTest>
    <UnitTest name="AltarTargetDict_ShouldContainExpectedKeys" storage="c:\1.path stuff\githubrepositories\clickit\tests\bin\debug\net48\clickit.tests.dll" id="595f203c-4c11-4413-5fed-f653b27e96f2">
      <Execution id="16d22f68-fc89-40e8-81a7-d2bb29951d82" />
      <TestMethod codeBase="C:\1.Path stuff\GithubRepositories\ClickIt\Tests\bin\Debug\net48\ClickIt.Tests.dll" adapterTypeName="executor://mstestadapter/v2" className="ClickIt.Tests.AltarModsConstantsTests" name="AltarTargetDict_ShouldContainExpectedKeys" />
    </UnitTest>
  </TestDefinitions>
  <TestEntries>
    <TestEntry testId="8ade1ad6-cd5b-8300-f442-60d687ecfaf9" executionId="53acfc98-faaf-4fe4-a036-46ac626beb19" testListId="8c84fa94-04c1-424b-9868-57a2d4851a1d" />
    <TestEntry testId="595f203c-4c11-4413-5fed-f653b27e96f2" executionId="16d22f68-fc89-40e8-81a7-d2bb29951d82" testListId="8c84fa94-04c1-424b-9868-57a2d4851a1d" />
    <TestEntry testId="128b796f-ea93-fb99-78f5-b328aafb2a7e" executionId="07fd4a50-92ed-49e7-b9d3-78388a976c7c" testListId="8c84fa94-04c1-424b-9868-57a2d4851a1d" />
    <TestEntry testId="078ca68a-9d68-e993-23b7-79de24968cb8" executionId="116e00e1-3df5-4c4e-9232-413e3d662da2" testListId="8c84fa94-04c1-424b-9868-57a2d4851a1d" />
    <TestEntry testId="cd8fea07-85c5-7062-80c5-9fe5081431e8" executionId="41c120c9-c537-41f4-8f53-557de1808dea" testListId="8c84fa94-04c1-424b-9868-57a2d4851a1d" />
    <TestEntry testId="97d31d73-bf28-0aa5-7ffd-7d9562c2baca" executionId="a9e934c6-1445-4f12-99a9-0857a5f9ac45" testListId="8c84fa94-04c1-424b-9868-57a2d4851a1d" />
    <TestEntry testId="7e440687-2125-c666-9384-8cda94159715" executionId="a78daf50-7db0-429d-ab52-f57bab838db0" testListId="8c84fa94-04c1-424b-9868-57a2d4851a1d" />
    <TestEntry testId="8f93e997-62b9-86aa-244b-4acb788e20de" executionId="347d7b29-7cad-4434-ae3d-753455253805" testListId="8c84fa94-04c1-424b-9868-57a2d4851a1d" />
    <TestEntry testId="15fcb06f-8632-359a-75ce-6f44f89c5277" executionId="b3272d87-7adb-4d0b-85bf-974fbdc56736" testListId="8c84fa94-04c1-424b-9868-57a2d4851a1d" />
    <TestEntry testId="b6edeb4d-3e3c-642a-f6f0-27641568a038" executionId="e0220d41-e1b7-4b1e-b8a2-0e1f558a5372" testListId="8c84fa94-04c1-424b-9868-57a2d4851a1d" />
    <TestEntry testId="248d00c6-c302-7bd6-fc5a-6bca7756d217" executionId="d0395fbb-101d-4381-b4d2-1e4ef1fe8431" testListId="8c84fa94-04c1-424b-9868-57a2d4851a1d" />
    <TestEntry testId="061e59bf-0492-5b0e-6078-213fa56918b7" executionId="100cfc1a-3618-4c9e-9373-a1bb548bd7b8" testListId="8c84fa94-04c1-424b-9868-57a2d4851a1d" />
    <TestEntry testId="6b8ec001-d942-663e-5555-3cd7c053c8d4" executionId="4b794f8d-326b-4edc-8d34-8686c3271dbd" testListId="8c84fa94-04c1-424b-9868-57a2d4851a1d" />
    <TestEntry testId="f6e9bfc6-6443-4123-a982-6d2a4eb4858a" executionId="4e023b75-76cb-4866-abd2-05289e9d89a0" testListId="8c84fa94-04c1-424b-9868-57a2d4851a1d" />
    <TestEntry testId="426ee2a5-cf45-4842-36aa-a2444b978cca" executionId="caa153f0-f62a-4d35-be29-8ebc7fbe1225" testListId="8c84fa94-04c1-424b-9868-57a2d4851a1d" />
    <TestEntry testId="6d698d24-a9fe-2474-63bf-08d79ad53192" executionId="0b27176f-1057-431f-9527-f755ea11833c" testListId="8c84fa94-04c1-424b-9868-57a2d4851a1d" />
    <TestEntry testId="f436735f-e0e0-5642-0c04-aae30d37785a" executionId="4c506f96-a3dd-49a1-94c6-a44cd4117975" testListId="8c84fa94-04c1-424b-9868-57a2d4851a1d" />
    <TestEntry testId="8369a21d-54a8-a919-98dd-2c710db28541" executionId="136d810b-004d-4f9a-9b82-be1ba4b8ec7c" testListId="8c84fa94-04c1-424b-9868-57a2d4851a1d" />
    <TestEntry testId="2e14e2a6-11eb-c8c2-9f7a-50c0ca1738f2" executionId="a991c54b-1a97-4746-b39d-087203fd43b6" testListId="8c84fa94-04c1-424b-9868-57a2d4851a1d" />
    <TestEntry testId="e892ec32-5ef7-2210-3298-2be37b1da00f" executionId="a29da84c-ec72-416b-940e-a98abc91ba27" testListId="8c84fa94-04c1-424b-9868-57a2d4851a1d" />
    <TestEntry testId="53d6b819-c67d-0003-1d18-1e487a15d2ef" executionId="f9fb20c0-882c-4e7f-9890-6040d76bd2fc" testListId="8c84fa94-04c1-424b-9868-57a2d4851a1d" />
    <TestEntry testId="3a61beba-698c-f922-c647-1aed1276266b" executionId="09f7467a-480b-439c-9ef5-8c70e5a9140d" testListId="8c84fa94-04c1-424b-9868-57a2d4851a1d" />
    <TestEntry testId="ee4c6a80-67ea-ad07-5d96-ac8c10b054ad" executionId="e767d9b9-795a-4986-844a-939c6ba97b62" testListId="8c84fa94-04c1-424b-9868-57a2d4851a1d" />
    <TestEntry testId="e2469839-e919-9f58-0648-fd6483af4b0b" executionId="8a76338d-49f7-4780-9f8c-220fbb7d7b33" testListId="8c84fa94-04c1-424b-9868-57a2d4851a1d" />
    <TestEntry testId="c9a312cc-aa1d-e7ec-7115-906a6a9a3d22" executionId="f8808a23-3129-4e8a-b9cd-05b9b8a7a0ee" testListId="8c84fa94-04c1-424b-9868-57a2d4851a1d" />
    <TestEntry testId="2b942233-0b14-723c-536c-69c3832eef7b" executionId="d32e10d8-c6e3-4c3e-b90c-9856187e95d6" testListId="8c84fa94-04c1-424b-9868-57a2d4851a1d" />
    <TestEntry testId="cebd853f-9b4e-ca20-b1f3-76488911521a" executionId="dd0afc54-1de1-42fe-b0b9-5814613f15bb" testListId="8c84fa94-04c1-424b-9868-57a2d4851a1d" />
    <TestEntry testId="ed57d447-e093-d5c1-cf09-9f7c15f531c2" executionId="89aefc73-9c87-45c8-9943-533f92991602" testListId="8c84fa94-04c1-424b-9868-57a2d4851a1d" />
    <TestEntry testId="260489a1-cf2d-ac81-79c0-c2c4ad88bdb5" executionId="8fcc2953-f21d-4e29-9e0c-5aa00e78c3ae" testListId="8c84fa94-04c1-424b-9868-57a2d4851a1d" />
    <TestEntry testId="46cabf82-2444-0088-5b02-785f0f225c12" executionId="a75366b2-ef3e-4ff7-b18a-b3dc515e6d62" testListId="8c84fa94-04c1-424b-9868-57a2d4851a1d" />
  </TestEntries>
  <TestLists>
    <TestList name="Results Not in a List" id="8c84fa94-04c1-424b-9868-57a2d4851a1d" />
    <TestList name="All Loaded Results" id="19431567-8539-422a-85d7-44ee4e166bda" />
  </TestLists>
  <ResultSummary outcome="Completed">
    <Counters total="30" executed="30" passed="30" failed="0" error="0" timeout="0" aborted="0" inconclusive="0" passedButRunAborted="0" notRunnable="0" notExecuted="0" disconnected="0" warning="0" completed="0" inProgress="0" pending="0" />
  </ResultSummary>
</TestRun>