<?xml version="1.0" encoding="utf-8"?>
<TestRun id="57eccf28-4b43-4773-9f5a-5ab262ca85dd" name="Alex@DESKTOP-G8PCQAF 2025-11-05 21:02:41" runUser="DESKTOP-G8PCQAF\Alex" xmlns="http://microsoft.com/schemas/VisualStudio/TeamTest/2010">
  <Times creation="2025-11-05T21:02:41.5404457+00:00" queuing="2025-11-05T21:02:41.5404458+00:00" start="2025-11-05T21:02:40.3931924+00:00" finish="2025-11-05T21:02:41.6902580+00:00" />
  <TestSettings name="default" id="db1fc00f-e2ad-4e1a-a9af-2c9c3fe0999f">
    <Deployment runDeploymentRoot="Alex_DESKTOP-G8PCQAF_2025-11-05_21_02_41" />
  </TestSettings>
  <Results>
    <UnitTestResult executionId="94758ade-3864-4992-86ef-810b3d5b9d98" testId="2e14e2a6-11eb-c8c2-9f7a-50c0ca1738f2" testName="DownsideMods_ShouldHaveValidStructure" computerName="DESKTOP-G8PCQAF" duration="00:00:00.0107969" startTime="2025-11-05T21:02:41.4544951+00:00" endTime="2025-11-05T21:02:41.4653508+00:00" testType="13cdc9d9-ddb5-4fa4-a97d-d965ccfc6d4b" outcome="Passed" testListId="8c84fa94-04c1-424b-9868-57a2d4851a1d" relativeResultsDirectory="94758ade-3864-4992-86ef-810b3d5b9d98" />
    <UnitTestResult executionId="b2c404d9-2ec9-48e5-9ad1-9d27e0b34189" testId="6b8ec001-d942-663e-5555-3cd7c053c8d4" testName="ModCollections_ShouldHaveReasonableSize" computerName="DESKTOP-G8PCQAF" duration="00:00:00.0031027" startTime="2025-11-05T21:02:41.4699852+00:00" endTime="2025-11-05T21:02:41.4737772+00:00" testType="13cdc9d9-ddb5-4fa4-a97d-d965ccfc6d4b" outcome="Passed" testListId="8c84fa94-04c1-424b-9868-57a2d4851a1d" relativeResultsDirectory="b2c404d9-2ec9-48e5-9ad1-9d27e0b34189" />
    <UnitTestResult executionId="c52869bb-3c9c-4806-a84d-b84270700ef9" testId="53d6b819-c67d-0003-1d18-1e487a15d2ef" testName="AltarModsConstants_ModNames_ShouldBeDescriptive" computerName="DESKTOP-G8PCQAF" duration="00:00:00.0015193" startTime="2025-11-05T21:02:41.5840214+00:00" endTime="2025-11-05T21:02:41.5860457+00:00" testType="13cdc9d9-ddb5-4fa4-a97d-d965ccfc6d4b" outcome="Passed" testListId="8c84fa94-04c1-424b-9868-57a2d4851a1d" relativeResultsDirectory="c52869bb-3c9c-4806-a84d-b84270700ef9" />
    <UnitTestResult executionId="c6182951-7b69-410e-8842-bcf59a44fa07" testId="8f93e997-62b9-86aa-244b-4acb788e20de" testName="DownsideMods_ShouldHaveUniqueIds" computerName="DESKTOP-G8PCQAF" duration="00:00:00.0031756" startTime="2025-11-05T21:02:41.4660587+00:00" endTime="2025-11-05T21:02:41.4694843+00:00" testType="13cdc9d9-ddb5-4fa4-a97d-d965ccfc6d4b" outcome="Passed" testListId="8c84fa94-04c1-424b-9868-57a2d4851a1d" relativeResultsDirectory="c6182951-7b69-410e-8842-bcf59a44fa07" />
    <UnitTestResult executionId="d24cf8e7-963f-4003-9663-f72ed9b855b1" testId="6d698d24-a9fe-2474-63bf-08d79ad53192" testName="FilterTargetDict_ShouldContainExpectedKeys" computerName="DESKTOP-G8PCQAF" duration="00:00:00.0052307" startTime="2025-11-05T21:02:41.4491812+00:00" endTime="2025-11-05T21:02:41.4544951+00:00" testType="13cdc9d9-ddb5-4fa4-a97d-d965ccfc6d4b" outcome="Passed" testListId="8c84fa94-04c1-424b-9868-57a2d4851a1d" relativeResultsDirectory="d24cf8e7-963f-4003-9663-f72ed9b855b1" />
    <UnitTestResult executionId="17fadaa5-ed1f-4d4e-9fb6-c49eed5866ec" testId="e892ec32-5ef7-2210-3298-2be37b1da00f" testName="AltarModsConstants_AllMods_ShouldHaveValidWeightRanges" computerName="DESKTOP-G8PCQAF" duration="00:00:00.0016453" startTime="2025-11-05T21:02:41.5619948+00:00" endTime="2025-11-05T21:02:41.5636885+00:00" testType="13cdc9d9-ddb5-4fa4-a97d-d965ccfc6d4b" outcome="Passed" testListId="8c84fa94-04c1-424b-9868-57a2d4851a1d" relativeResultsDirectory="17fadaa5-ed1f-4d4e-9fb6-c49eed5866ec" />
    <UnitTestResult executionId="9b2dd2ce-36e2-4ae9-b2d1-8e6c7cd8b333" testId="128b796f-ea93-fb99-78f5-b328aafb2a7e" testName="ModCollections_ShouldHaveBalancedCounts" computerName="DESKTOP-G8PCQAF" duration="00:00:00.0001743" startTime="2025-11-05T21:02:41.5574698+00:00" endTime="2025-11-05T21:02:41.5574698+00:00" testType="13cdc9d9-ddb5-4fa4-a97d-d965ccfc6d4b" outcome="Passed" testListId="8c84fa94-04c1-424b-9868-57a2d4851a1d" relativeResultsDirectory="9b2dd2ce-36e2-4ae9-b2d1-8e6c7cd8b333" />
    <UnitTestResult executionId="29c5f817-b168-4d0a-a181-5a0d36d81b5e" testId="248d00c6-c302-7bd6-fc5a-6bca7756d217" testName="UpsideMods_ShouldHaveValidStructure" computerName="DESKTOP-G8PCQAF" duration="00:00:00.0004292" startTime="2025-11-05T21:02:41.4653508+00:00" endTime="2025-11-05T21:02:41.4660587+00:00" testType="13cdc9d9-ddb5-4fa4-a97d-d965ccfc6d4b" outcome="Passed" testListId="8c84fa94-04c1-424b-9868-57a2d4851a1d" relativeResultsDirectory="29c5f817-b168-4d0a-a181-5a0d36d81b5e" />
    <UnitTestResult executionId="aa087861-fc01-4ce0-ae11-a2fe06147e6c" testId="f6e9bfc6-6443-4123-a982-6d2a4eb4858a" testName="AltarModsConstants_ShouldHaveValidTypeDistribution" computerName="DESKTOP-G8PCQAF" duration="00:00:00.0052448" startTime="2025-11-05T21:02:41.5672235+00:00" endTime="2025-11-05T21:02:41.5722525+00:00" testType="13cdc9d9-ddb5-4fa4-a97d-d965ccfc6d4b" outcome="Passed" testListId="8c84fa94-04c1-424b-9868-57a2d4851a1d" relativeResultsDirectory="aa087861-fc01-4ce0-ae11-a2fe06147e6c" />
    <UnitTestResult executionId="fd935fdd-95f5-4373-a803-72fe154fc32f" testId="078ca68a-9d68-e993-23b7-79de24968cb8" testName="AltarModsConstants_FilterAndAltarDicts_ShouldHaveExpectedCoverage" computerName="DESKTOP-G8PCQAF" duration="00:00:00.0076201" startTime="2025-11-05T21:02:41.5753111+00:00" endTime="2025-11-05T21:02:41.5830201+00:00" testType="13cdc9d9-ddb5-4fa4-a97d-d965ccfc6d4b" outcome="Passed" testListId="8c84fa94-04c1-424b-9868-57a2d4851a1d" relativeResultsDirectory="fd935fdd-95f5-4373-a803-72fe154fc32f" />
    <UnitTestResult executionId="e64cb6fc-58cb-4d3d-8ba4-d203d6c595c8" testId="8369a21d-54a8-a919-98dd-2c710db28541" testName="AltarModsConstants_ModIds_ShouldNotHaveLeadingOrTrailingWhitespace" computerName="DESKTOP-G8PCQAF" duration="00:00:00.0034994" startTime="2025-11-05T21:02:41.5636885+00:00" endTime="2025-11-05T21:02:41.5672235+00:00" testType="13cdc9d9-ddb5-4fa4-a97d-d965ccfc6d4b" outcome="Passed" testListId="8c84fa94-04c1-424b-9868-57a2d4851a1d" relativeResultsDirectory="e64cb6fc-58cb-4d3d-8ba4-d203d6c595c8" />
    <UnitTestResult executionId="9918a512-0e10-4335-87d1-5da10d642588" testId="cd8fea07-85c5-7062-80c5-9fe5081431e8" testName="UpsideMods_ShouldNotBeEmpty" computerName="DESKTOP-G8PCQAF" duration="00:00:00.0000937" startTime="2025-11-05T21:02:41.4481755+00:00" endTime="2025-11-05T21:02:41.4491812+00:00" testType="13cdc9d9-ddb5-4fa4-a97d-d965ccfc6d4b" outcome="Passed" testListId="8c84fa94-04c1-424b-9868-57a2d4851a1d" relativeResultsDirectory="9918a512-0e10-4335-87d1-5da10d642588" />
    <UnitTestResult executionId="bf14e81e-29a8-435b-a97f-c870d43d4e99" testId="595f203c-4c11-4413-5fed-f653b27e96f2" testName="AltarTargetDict_ShouldContainExpectedKeys" computerName="DESKTOP-G8PCQAF" duration="00:00:00.0001915" startTime="2025-11-05T21:02:41.4544951+00:00" endTime="2025-11-05T21:02:41.4544951+00:00" testType="13cdc9d9-ddb5-4fa4-a97d-d965ccfc6d4b" outcome="Passed" testListId="8c84fa94-04c1-424b-9868-57a2d4851a1d" relativeResultsDirectory="bf14e81e-29a8-435b-a97f-c870d43d4e99" />
    <UnitTestResult executionId="596e42fb-1506-443f-83db-b182f3f5b359" testId="f436735f-e0e0-5642-0c04-aae30d37785a" testName="BossTargetedMods_ShouldExist" computerName="DESKTOP-G8PCQAF" duration="00:00:00.0002726" startTime="2025-11-05T21:02:41.5569666+00:00" endTime="2025-11-05T21:02:41.5574698+00:00" testType="13cdc9d9-ddb5-4fa4-a97d-d965ccfc6d4b" outcome="Passed" testListId="8c84fa94-04c1-424b-9868-57a2d4851a1d" relativeResultsDirectory="596e42fb-1506-443f-83db-b182f3f5b359" />
    <UnitTestResult executionId="e7237e3d-5951-4d47-ac41-62b5aaea57bb" testId="7e440687-2125-c666-9384-8cda94159715" testName="DownsideMods_ShouldNotBeEmpty" computerName="DESKTOP-G8PCQAF" duration="00:00:00.0256218" startTime="2025-11-05T21:02:41.2499205+00:00" endTime="2025-11-05T21:02:41.4425389+00:00" testType="13cdc9d9-ddb5-4fa4-a97d-d965ccfc6d4b" outcome="Passed" testListId="8c84fa94-04c1-424b-9868-57a2d4851a1d" relativeResultsDirectory="e7237e3d-5951-4d47-ac41-62b5aaea57bb" />
    <UnitTestResult executionId="144a5aae-1058-46f6-9cee-e7d8a7b8c12a" testId="260489a1-cf2d-ac81-79c0-c2c4ad88bdb5" testName="ModTypes_ShouldBeValidAndConsistent" computerName="DESKTOP-G8PCQAF" duration="00:00:00.0038830" startTime="2025-11-05T21:02:41.5030766+00:00" endTime="2025-11-05T21:02:41.5071108+00:00" testType="13cdc9d9-ddb5-4fa4-a97d-d965ccfc6d4b" outcome="Passed" testListId="8c84fa94-04c1-424b-9868-57a2d4851a1d" relativeResultsDirectory="144a5aae-1058-46f6-9cee-e7d8a7b8c12a" />
    <UnitTestResult executionId="2e497fa6-a26c-4688-acab-d3a6b725778a" testId="b6edeb4d-3e3c-642a-f6f0-27641568a038" testName="UpsideMods_ShouldHaveConsistentDataFormat" computerName="DESKTOP-G8PCQAF" duration="00:00:00.0012835" startTime="2025-11-05T21:02:41.4979736+00:00" endTime="2025-11-05T21:02:41.4994899+00:00" testType="13cdc9d9-ddb5-4fa4-a97d-d965ccfc6d4b" outcome="Passed" testListId="8c84fa94-04c1-424b-9868-57a2d4851a1d" relativeResultsDirectory="2e497fa6-a26c-4688-acab-d3a6b725778a" />
    <UnitTestResult executionId="52bb512f-1e43-46f5-8f5c-e182470d362c" testId="ee4c6a80-67ea-ad07-5d96-ac8c10b054ad" testName="AltarModsConstants_UpsideMods_ShouldHaveUniqueNames" computerName="DESKTOP-G8PCQAF" duration="00:00:00.0015479" startTime="2025-11-05T21:02:41.5574698+00:00" endTime="2025-11-05T21:02:41.5594860+00:00" testType="13cdc9d9-ddb5-4fa4-a97d-d965ccfc6d4b" outcome="Passed" testListId="8c84fa94-04c1-424b-9868-57a2d4851a1d" relativeResultsDirectory="52bb512f-1e43-46f5-8f5c-e182470d362c" />
    <UnitTestResult executionId="78335045-a5a0-4915-8243-7e3d66b83d4d" testId="061e59bf-0492-5b0e-6078-213fa56918b7" testName="DownsideMods_ShouldHaveConsistentDataFormat" computerName="DESKTOP-G8PCQAF" duration="00:00:00.0004238" startTime="2025-11-05T21:02:41.4994899+00:00" endTime="2025-11-05T21:02:41.4999986+00:00" testType="13cdc9d9-ddb5-4fa4-a97d-d965ccfc6d4b" outcome="Passed" testListId="8c84fa94-04c1-424b-9868-57a2d4851a1d" relativeResultsDirectory="78335045-a5a0-4915-8243-7e3d66b83d4d" />
    <UnitTestResult executionId="4cc84c0f-dd66-4ccf-a8d7-74434a816238" testId="3a61beba-698c-f922-c647-1aed1276266b" testName="AltarModsConstants_LowValueMods_ShouldExist" computerName="DESKTOP-G8PCQAF" duration="00:00:00.0002612" startTime="2025-11-05T21:02:41.5747255+00:00" endTime="2025-11-05T21:02:41.5747255+00:00" testType="13cdc9d9-ddb5-4fa4-a97d-d965ccfc6d4b" outcome="Passed" testListId="8c84fa94-04c1-424b-9868-57a2d4851a1d" relativeResultsDirectory="4cc84c0f-dd66-4ccf-a8d7-74434a816238" />
    <UnitTestResult executionId="f4254ed4-1687-4b93-8086-0c5892198ce5" testId="c9a312cc-aa1d-e7ec-7115-906a6a9a3d22" testName="DownsideMods_ShouldContainEssentialGameplayMods" computerName="DESKTOP-G8PCQAF" duration="00:00:00.0002566" startTime="2025-11-05T21:02:41.5010045+00:00" endTime="2025-11-05T21:02:41.5015328+00:00" testType="13cdc9d9-ddb5-4fa4-a97d-d965ccfc6d4b" outcome="Passed" testListId="8c84fa94-04c1-424b-9868-57a2d4851a1d" relativeResultsDirectory="f4254ed4-1687-4b93-8086-0c5892198ce5" />
    <UnitTestResult executionId="44be9e0f-6324-4b83-a03f-0106477e2f18" testId="97d31d73-bf28-0aa5-7ffd-7d9562c2baca" testName="UpsideMods_ShouldContainEssentialGameplayMods" computerName="DESKTOP-G8PCQAF" duration="00:00:00.0009145" startTime="2025-11-05T21:02:41.4999986+00:00" endTime="2025-11-05T21:02:41.5010045+00:00" testType="13cdc9d9-ddb5-4fa4-a97d-d965ccfc6d4b" outcome="Passed" testListId="8c84fa94-04c1-424b-9868-57a2d4851a1d" relativeResultsDirectory="44be9e0f-6324-4b83-a03f-0106477e2f18" />
    <UnitTestResult executionId="3d772013-b775-4dc7-8b55-f0dd2d443fce" testId="e2469839-e919-9f58-0648-fd6483af4b0b" testName="AltarTargetDict_ShouldHaveCorrectMappings" computerName="DESKTOP-G8PCQAF" duration="00:00:00.0001463" startTime="2025-11-05T21:02:41.5030766+00:00" endTime="2025-11-05T21:02:41.5030766+00:00" testType="13cdc9d9-ddb5-4fa4-a97d-d965ccfc6d4b" outcome="Passed" testListId="8c84fa94-04c1-424b-9868-57a2d4851a1d" relativeResultsDirectory="3d772013-b775-4dc7-8b55-f0dd2d443fce" />
    <UnitTestResult executionId="3d0899d1-36e2-4960-b46b-b68f60ce22c5" testId="15fcb06f-8632-359a-75ce-6f44f89c5277" testName="FilterTargetDict_ShouldHaveCorrectMappings" computerName="DESKTOP-G8PCQAF" duration="00:00:00.0012843" startTime="2025-11-05T21:02:41.5015328+00:00" endTime="2025-11-05T21:02:41.5030766+00:00" testType="13cdc9d9-ddb5-4fa4-a97d-d965ccfc6d4b" outcome="Passed" testListId="8c84fa94-04c1-424b-9868-57a2d4851a1d" relativeResultsDirectory="3d0899d1-36e2-4960-b46b-b68f60ce22c5" />
    <UnitTestResult executionId="4fabfc47-6ba4-431d-9560-3e9d708d65ab" testId="cebd853f-9b4e-ca20-b1f3-76488911521a" testName="PlayerTargetedMods_ShouldHaveAppropriateWeights" computerName="DESKTOP-G8PCQAF" duration="00:00:00.0024395" startTime="2025-11-05T21:02:41.5533627+00:00" endTime="2025-11-05T21:02:41.5559651+00:00" testType="13cdc9d9-ddb5-4fa4-a97d-d965ccfc6d4b" outcome="Passed" testListId="8c84fa94-04c1-424b-9868-57a2d4851a1d" relativeResultsDirectory="4fabfc47-6ba4-431d-9560-3e9d708d65ab" />
    <UnitTestResult executionId="bb3a576f-9d56-4088-8440-a747b8c4c012" testId="8ade1ad6-cd5b-8300-f442-60d687ecfaf9" testName="AltarModsConstants_PlayerMods_ShouldBePrioritized" computerName="DESKTOP-G8PCQAF" duration="00:00:00.0007510" startTime="2025-11-05T21:02:41.5830201+00:00" endTime="2025-11-05T21:02:41.5840214+00:00" testType="13cdc9d9-ddb5-4fa4-a97d-d965ccfc6d4b" outcome="Passed" testListId="8c84fa94-04c1-424b-9868-57a2d4851a1d" relativeResultsDirectory="bb3a576f-9d56-4088-8440-a747b8c4c012" />
    <UnitTestResult executionId="84b91a14-69d0-4f90-a4f3-ea246ff8300d" testId="2b942233-0b14-723c-536c-69c3832eef7b" testName="AltarModsConstants_HighValueMods_ShouldBeIdentifiable" computerName="DESKTOP-G8PCQAF" duration="00:00:00.0016340" startTime="2025-11-05T21:02:41.5722525+00:00" endTime="2025-11-05T21:02:41.5747255+00:00" testType="13cdc9d9-ddb5-4fa4-a97d-d965ccfc6d4b" outcome="Passed" testListId="8c84fa94-04c1-424b-9868-57a2d4851a1d" relativeResultsDirectory="84b91a14-69d0-4f90-a4f3-ea246ff8300d" />
    <UnitTestResult executionId="42886a0c-2672-451c-8c74-76abf95f21b3" testId="426ee2a5-cf45-4842-36aa-a2444b978cca" testName="AltarModsConstants_DownsideMods_ShouldHaveUniqueNames" computerName="DESKTOP-G8PCQAF" duration="00:00:00.0002378" startTime="2025-11-05T21:02:41.5614931+00:00" endTime="2025-11-05T21:02:41.5619948+00:00" testType="13cdc9d9-ddb5-4fa4-a97d-d965ccfc6d4b" outcome="Passed" testListId="8c84fa94-04c1-424b-9868-57a2d4851a1d" relativeResultsDirectory="42886a0c-2672-451c-8c74-76abf95f21b3" />
    <UnitTestResult executionId="c68df5e5-0667-4ff1-b782-cec53af33ab8" testId="ed57d447-e093-d5c1-cf09-9f7c15f531c2" testName="DefaultWeights_ShouldFollowReasonableDistribution" computerName="DESKTOP-G8PCQAF" duration="00:00:00.0460110" startTime="2025-11-05T21:02:41.5071108+00:00" endTime="2025-11-05T21:02:41.5533627+00:00" testType="13cdc9d9-ddb5-4fa4-a97d-d965ccfc6d4b" outcome="Passed" testListId="8c84fa94-04c1-424b-9868-57a2d4851a1d" relativeResultsDirectory="c68df5e5-0667-4ff1-b782-cec53af33ab8" />
    <UnitTestResult executionId="d20f2d5e-b664-4af6-9dd6-707a1ff738d0" testId="46cabf82-2444-0088-5b02-785f0f225c12" testName="UpsideMods_ShouldHaveUniqueIds" computerName="DESKTOP-G8PCQAF" duration="00:00:00.0001487" startTime="2025-11-05T21:02:41.4694843+00:00" endTime="2025-11-05T21:02:41.4699852+00:00" testType="13cdc9d9-ddb5-4fa4-a97d-d965ccfc6d4b" outcome="Passed" testListId="8c84fa94-04c1-424b-9868-57a2d4851a1d" relativeResultsDirectory="d20f2d5e-b664-4af6-9dd6-707a1ff738d0" />
  </Results>
  <TestDefinitions>
    <UnitTest name="AltarModsConstants_PlayerMods_ShouldBePrioritized" storage="c:\1.path stuff\githubrepositories\clickit\tests\bin\debug\net48\clickit.tests.dll" id="8ade1ad6-cd5b-8300-f442-60d687ecfaf9">
      <Execution id="bb3a576f-9d56-4088-8440-a747b8c4c012" />
      <TestMethod codeBase="C:\1.Path stuff\GithubRepositories\ClickIt\Tests\bin\Debug\net48\ClickIt.Tests.dll" adapterTypeName="executor://mstestadapter/v2" className="ClickIt.Tests.UtilityFunctionTests" name="AltarModsConstants_PlayerMods_ShouldBePrioritized" />
    </UnitTest>
    <UnitTest name="PlayerTargetedMods_ShouldHaveAppropriateWeights" storage="c:\1.path stuff\githubrepositories\clickit\tests\bin\debug\net48\clickit.tests.dll" id="cebd853f-9b4e-ca20-b1f3-76488911521a">
      <Execution id="4fabfc47-6ba4-431d-9560-3e9d708d65ab" />
      <TestMethod codeBase="C:\1.Path stuff\GithubRepositories\ClickIt\Tests\bin\Debug\net48\ClickIt.Tests.dll" adapterTypeName="executor://mstestadapter/v2" className="ClickIt.Tests.ExtendedConstantsTests" name="PlayerTargetedMods_ShouldHaveAppropriateWeights" />
    </UnitTest>
    <UnitTest name="AltarModsConstants_ShouldHaveValidTypeDistribution" storage="c:\1.path stuff\githubrepositories\clickit\tests\bin\debug\net48\clickit.tests.dll" id="f6e9bfc6-6443-4123-a982-6d2a4eb4858a">
      <Execution id="aa087861-fc01-4ce0-ae11-a2fe06147e6c" />
      <TestMethod codeBase="C:\1.Path stuff\GithubRepositories\ClickIt\Tests\bin\Debug\net48\ClickIt.Tests.dll" adapterTypeName="executor://mstestadapter/v2" className="ClickIt.Tests.UtilityFunctionTests" name="AltarModsConstants_ShouldHaveValidTypeDistribution" />
    </UnitTest>
    <UnitTest name="AltarModsConstants_HighValueMods_ShouldBeIdentifiable" storage="c:\1.path stuff\githubrepositories\clickit\tests\bin\debug\net48\clickit.tests.dll" id="2b942233-0b14-723c-536c-69c3832eef7b">
      <Execution id="84b91a14-69d0-4f90-a4f3-ea246ff8300d" />
      <TestMethod codeBase="C:\1.Path stuff\GithubRepositories\ClickIt\Tests\bin\Debug\net48\ClickIt.Tests.dll" adapterTypeName="executor://mstestadapter/v2" className="ClickIt.Tests.UtilityFunctionTests" name="AltarModsConstants_HighValueMods_ShouldBeIdentifiable" />
    </UnitTest>
    <UnitTest name="DownsideMods_ShouldNotBeEmpty" storage="c:\1.path stuff\githubrepositories\clickit\tests\bin\debug\net48\clickit.tests.dll" id="7e440687-2125-c666-9384-8cda94159715">
      <Execution id="e7237e3d-5951-4d47-ac41-62b5aaea57bb" />
      <TestMethod codeBase="C:\1.Path stuff\GithubRepositories\ClickIt\Tests\bin\Debug\net48\ClickIt.Tests.dll" adapterTypeName="executor://mstestadapter/v2" className="ClickIt.Tests.AltarModsConstantsTests" name="DownsideMods_ShouldNotBeEmpty" />
    </UnitTest>
    <UnitTest name="FilterTargetDict_ShouldContainExpectedKeys" storage="c:\1.path stuff\githubrepositories\clickit\tests\bin\debug\net48\clickit.tests.dll" id="6d698d24-a9fe-2474-63bf-08d79ad53192">
      <Execution id="d24cf8e7-963f-4003-9663-f72ed9b855b1" />
      <TestMethod codeBase="C:\1.Path stuff\GithubRepositories\ClickIt\Tests\bin\Debug\net48\ClickIt.Tests.dll" adapterTypeName="executor://mstestadapter/v2" className="ClickIt.Tests.AltarModsConstantsTests" name="FilterTargetDict_ShouldContainExpectedKeys" />
    </UnitTest>
    <UnitTest name="BossTargetedMods_ShouldExist" storage="c:\1.path stuff\githubrepositories\clickit\tests\bin\debug\net48\clickit.tests.dll" id="f436735f-e0e0-5642-0c04-aae30d37785a">
      <Execution id="596e42fb-1506-443f-83db-b182f3f5b359" />
      <TestMethod codeBase="C:\1.Path stuff\GithubRepositories\ClickIt\Tests\bin\Debug\net48\ClickIt.Tests.dll" adapterTypeName="executor://mstestadapter/v2" className="ClickIt.Tests.ExtendedConstantsTests" name="BossTargetedMods_ShouldExist" />
    </UnitTest>
    <UnitTest name="DownsideMods_ShouldContainEssentialGameplayMods" storage="c:\1.path stuff\githubrepositories\clickit\tests\bin\debug\net48\clickit.tests.dll" id="c9a312cc-aa1d-e7ec-7115-906a6a9a3d22">
      <Execution id="f4254ed4-1687-4b93-8086-0c5892198ce5" />
      <TestMethod codeBase="C:\1.Path stuff\GithubRepositories\ClickIt\Tests\bin\Debug\net48\ClickIt.Tests.dll" adapterTypeName="executor://mstestadapter/v2" className="ClickIt.Tests.ExtendedConstantsTests" name="DownsideMods_ShouldContainEssentialGameplayMods" />
    </UnitTest>
    <UnitTest name="UpsideMods_ShouldNotBeEmpty" storage="c:\1.path stuff\githubrepositories\clickit\tests\bin\debug\net48\clickit.tests.dll" id="cd8fea07-85c5-7062-80c5-9fe5081431e8">
      <Execution id="9918a512-0e10-4335-87d1-5da10d642588" />
      <TestMethod codeBase="C:\1.Path stuff\GithubRepositories\ClickIt\Tests\bin\Debug\net48\ClickIt.Tests.dll" adapterTypeName="executor://mstestadapter/v2" className="ClickIt.Tests.AltarModsConstantsTests" name="UpsideMods_ShouldNotBeEmpty" />
    </UnitTest>
    <UnitTest name="UpsideMods_ShouldHaveValidStructure" storage="c:\1.path stuff\githubrepositories\clickit\tests\bin\debug\net48\clickit.tests.dll" id="248d00c6-c302-7bd6-fc5a-6bca7756d217">
      <Execution id="29c5f817-b168-4d0a-a181-5a0d36d81b5e" />
      <TestMethod codeBase="C:\1.Path stuff\GithubRepositories\ClickIt\Tests\bin\Debug\net48\ClickIt.Tests.dll" adapterTypeName="executor://mstestadapter/v2" className="ClickIt.Tests.AltarModsConstantsTests" name="UpsideMods_ShouldHaveValidStructure" />
    </UnitTest>
    <UnitTest name="ModTypes_ShouldBeValidAndConsistent" storage="c:\1.path stuff\githubrepositories\clickit\tests\bin\debug\net48\clickit.tests.dll" id="260489a1-cf2d-ac81-79c0-c2c4ad88bdb5">
      <Execution id="144a5aae-1058-46f6-9cee-e7d8a7b8c12a" />
      <TestMethod codeBase="C:\1.Path stuff\GithubRepositories\ClickIt\Tests\bin\Debug\net48\ClickIt.Tests.dll" adapterTypeName="executor://mstestadapter/v2" className="ClickIt.Tests.ExtendedConstantsTests" name="ModTypes_ShouldBeValidAndConsistent" />
    </UnitTest>
    <UnitTest name="AltarModsConstants_DownsideMods_ShouldHaveUniqueNames" storage="c:\1.path stuff\githubrepositories\clickit\tests\bin\debug\net48\clickit.tests.dll" id="426ee2a5-cf45-4842-36aa-a2444b978cca">
      <Execution id="42886a0c-2672-451c-8c74-76abf95f21b3" />
      <TestMethod codeBase="C:\1.Path stuff\GithubRepositories\ClickIt\Tests\bin\Debug\net48\ClickIt.Tests.dll" adapterTypeName="executor://mstestadapter/v2" className="ClickIt.Tests.UtilityFunctionTests" name="AltarModsConstants_DownsideMods_ShouldHaveUniqueNames" />
    </UnitTest>
    <UnitTest name="UpsideMods_ShouldHaveConsistentDataFormat" storage="c:\1.path stuff\githubrepositories\clickit\tests\bin\debug\net48\clickit.tests.dll" id="b6edeb4d-3e3c-642a-f6f0-27641568a038">
      <Execution id="2e497fa6-a26c-4688-acab-d3a6b725778a" />
      <TestMethod codeBase="C:\1.Path stuff\GithubRepositories\ClickIt\Tests\bin\Debug\net48\ClickIt.Tests.dll" adapterTypeName="executor://mstestadapter/v2" className="ClickIt.Tests.ExtendedConstantsTests" name="UpsideMods_ShouldHaveConsistentDataFormat" />
    </UnitTest>
    <UnitTest name="DownsideMods_ShouldHaveConsistentDataFormat" storage="c:\1.path stuff\githubrepositories\clickit\tests\bin\debug\net48\clickit.tests.dll" id="061e59bf-0492-5b0e-6078-213fa56918b7">
      <Execution id="78335045-a5a0-4915-8243-7e3d66b83d4d" />
      <TestMethod codeBase="C:\1.Path stuff\GithubRepositories\ClickIt\Tests\bin\Debug\net48\ClickIt.Tests.dll" adapterTypeName="executor://mstestadapter/v2" className="ClickIt.Tests.ExtendedConstantsTests" name="DownsideMods_ShouldHaveConsistentDataFormat" />
    </UnitTest>
    <UnitTest name="AltarTargetDict_ShouldHaveCorrectMappings" storage="c:\1.path stuff\githubrepositories\clickit\tests\bin\debug\net48\clickit.tests.dll" id="e2469839-e919-9f58-0648-fd6483af4b0b">
      <Execution id="3d772013-b775-4dc7-8b55-f0dd2d443fce" />
      <TestMethod codeBase="C:\1.Path stuff\GithubRepositories\ClickIt\Tests\bin\Debug\net48\ClickIt.Tests.dll" adapterTypeName="executor://mstestadapter/v2" className="ClickIt.Tests.ExtendedConstantsTests" name="AltarTargetDict_ShouldHaveCorrectMappings" />
    </UnitTest>
    <UnitTest name="FilterTargetDict_ShouldHaveCorrectMappings" storage="c:\1.path stuff\githubrepositories\clickit\tests\bin\debug\net48\clickit.tests.dll" id="15fcb06f-8632-359a-75ce-6f44f89c5277">
      <Execution id="3d0899d1-36e2-4960-b46b-b68f60ce22c5" />
      <TestMethod codeBase="C:\1.Path stuff\GithubRepositories\ClickIt\Tests\bin\Debug\net48\ClickIt.Tests.dll" adapterTypeName="executor://mstestadapter/v2" className="ClickIt.Tests.ExtendedConstantsTests" name="FilterTargetDict_ShouldHaveCorrectMappings" />
    </UnitTest>
    <UnitTest name="DownsideMods_ShouldHaveValidStructure" storage="c:\1.path stuff\githubrepositories\clickit\tests\bin\debug\net48\clickit.tests.dll" id="2e14e2a6-11eb-c8c2-9f7a-50c0ca1738f2">
      <Execution id="94758ade-3864-4992-86ef-810b3d5b9d98" />
      <TestMethod codeBase="C:\1.Path stuff\GithubRepositories\ClickIt\Tests\bin\Debug\net48\ClickIt.Tests.dll" adapterTypeName="executor://mstestadapter/v2" className="ClickIt.Tests.AltarModsConstantsTests" name="DownsideMods_ShouldHaveValidStructure" />
    </UnitTest>
    <UnitTest name="DefaultWeights_ShouldFollowReasonableDistribution" storage="c:\1.path stuff\githubrepositories\clickit\tests\bin\debug\net48\clickit.tests.dll" id="ed57d447-e093-d5c1-cf09-9f7c15f531c2">
      <Execution id="c68df5e5-0667-4ff1-b782-cec53af33ab8" />
      <TestMethod codeBase="C:\1.Path stuff\GithubRepositories\ClickIt\Tests\bin\Debug\net48\ClickIt.Tests.dll" adapterTypeName="executor://mstestadapter/v2" className="ClickIt.Tests.ExtendedConstantsTests" name="DefaultWeights_ShouldFollowReasonableDistribution" />
    </UnitTest>
    <UnitTest name="AltarModsConstants_FilterAndAltarDicts_ShouldHaveExpectedCoverage" storage="c:\1.path stuff\githubrepositories\clickit\tests\bin\debug\net48\clickit.tests.dll" id="078ca68a-9d68-e993-23b7-79de24968cb8">
      <Execution id="fd935fdd-95f5-4373-a803-72fe154fc32f" />
      <TestMethod codeBase="C:\1.Path stuff\GithubRepositories\ClickIt\Tests\bin\Debug\net48\ClickIt.Tests.dll" adapterTypeName="executor://mstestadapter/v2" className="ClickIt.Tests.UtilityFunctionTests" name="AltarModsConstants_FilterAndAltarDicts_ShouldHaveExpectedCoverage" />
    </UnitTest>
    <UnitTest name="AltarModsConstants_ModIds_ShouldNotHaveLeadingOrTrailingWhitespace" storage="c:\1.path stuff\githubrepositories\clickit\tests\bin\debug\net48\clickit.tests.dll" id="8369a21d-54a8-a919-98dd-2c710db28541">
      <Execution id="e64cb6fc-58cb-4d3d-8ba4-d203d6c595c8" />
      <TestMethod codeBase="C:\1.Path stuff\GithubRepositories\ClickIt\Tests\bin\Debug\net48\ClickIt.Tests.dll" adapterTypeName="executor://mstestadapter/v2" className="ClickIt.Tests.UtilityFunctionTests" name="AltarModsConstants_ModIds_ShouldNotHaveLeadingOrTrailingWhitespace" />
    </UnitTest>
    <UnitTest name="ModCollections_ShouldHaveReasonableSize" storage="c:\1.path stuff\githubrepositories\clickit\tests\bin\debug\net48\clickit.tests.dll" id="6b8ec001-d942-663e-5555-3cd7c053c8d4">
      <Execution id="b2c404d9-2ec9-48e5-9ad1-9d27e0b34189" />
      <TestMethod codeBase="C:\1.Path stuff\GithubRepositories\ClickIt\Tests\bin\Debug\net48\ClickIt.Tests.dll" adapterTypeName="executor://mstestadapter/v2" className="ClickIt.Tests.AltarModsConstantsTests" name="ModCollections_ShouldHaveReasonableSize" />
    </UnitTest>
    <UnitTest name="ModCollections_ShouldHaveBalancedCounts" storage="c:\1.path stuff\githubrepositories\clickit\tests\bin\debug\net48\clickit.tests.dll" id="128b796f-ea93-fb99-78f5-b328aafb2a7e">
      <Execution id="9b2dd2ce-36e2-4ae9-b2d1-8e6c7cd8b333" />
      <TestMethod codeBase="C:\1.Path stuff\GithubRepositories\ClickIt\Tests\bin\Debug\net48\ClickIt.Tests.dll" adapterTypeName="executor://mstestadapter/v2" className="ClickIt.Tests.ExtendedConstantsTests" name="ModCollections_ShouldHaveBalancedCounts" />
    </UnitTest>
    <UnitTest name="UpsideMods_ShouldHaveUniqueIds" storage="c:\1.path stuff\githubrepositories\clickit\tests\bin\debug\net48\clickit.tests.dll" id="46cabf82-2444-0088-5b02-785f0f225c12">
      <Execution id="d20f2d5e-b664-4af6-9dd6-707a1ff738d0" />
      <TestMethod codeBase="C:\1.Path stuff\GithubRepositories\ClickIt\Tests\bin\Debug\net48\ClickIt.Tests.dll" adapterTypeName="executor://mstestadapter/v2" className="ClickIt.Tests.AltarModsConstantsTests" name="UpsideMods_ShouldHaveUniqueIds" />
    </UnitTest>
    <UnitTest name="AltarModsConstants_AllMods_ShouldHaveValidWeightRanges" storage="c:\1.path stuff\githubrepositories\clickit\tests\bin\debug\net48\clickit.tests.dll" id="e892ec32-5ef7-2210-3298-2be37b1da00f">
      <Execution id="17fadaa5-ed1f-4d4e-9fb6-c49eed5866ec" />
      <TestMethod codeBase="C:\1.Path stuff\GithubRepositories\ClickIt\Tests\bin\Debug\net48\ClickIt.Tests.dll" adapterTypeName="executor://mstestadapter/v2" className="ClickIt.Tests.UtilityFunctionTests" name="AltarModsConstants_AllMods_ShouldHaveValidWeightRanges" />
    </UnitTest>
    <UnitTest name="UpsideMods_ShouldContainEssentialGameplayMods" storage="c:\1.path stuff\githubrepositories\clickit\tests\bin\debug\net48\clickit.tests.dll" id="97d31d73-bf28-0aa5-7ffd-7d9562c2baca">
      <Execution id="44be9e0f-6324-4b83-a03f-0106477e2f18" />
      <TestMethod codeBase="C:\1.Path stuff\GithubRepositories\ClickIt\Tests\bin\Debug\net48\ClickIt.Tests.dll" adapterTypeName="executor://mstestadapter/v2" className="ClickIt.Tests.ExtendedConstantsTests" name="UpsideMods_ShouldContainEssentialGameplayMods" />
    </UnitTest>
    <UnitTest name="DownsideMods_ShouldHaveUniqueIds" storage="c:\1.path stuff\githubrepositories\clickit\tests\bin\debug\net48\clickit.tests.dll" id="8f93e997-62b9-86aa-244b-4acb788e20de">
      <Execution id="c6182951-7b69-410e-8842-bcf59a44fa07" />
      <TestMethod codeBase="C:\1.Path stuff\GithubRepositories\ClickIt\Tests\bin\Debug\net48\ClickIt.Tests.dll" adapterTypeName="executor://mstestadapter/v2" className="ClickIt.Tests.AltarModsConstantsTests" name="DownsideMods_ShouldHaveUniqueIds" />
    </UnitTest>
    <UnitTest name="AltarModsConstants_ModNames_ShouldBeDescriptive" storage="c:\1.path stuff\githubrepositories\clickit\tests\bin\debug\net48\clickit.tests.dll" id="53d6b819-c67d-0003-1d18-1e487a15d2ef">
      <Execution id="c52869bb-3c9c-4806-a84d-b84270700ef9" />
      <TestMethod codeBase="C:\1.Path stuff\GithubRepositories\ClickIt\Tests\bin\Debug\net48\ClickIt.Tests.dll" adapterTypeName="executor://mstestadapter/v2" className="ClickIt.Tests.UtilityFunctionTests" name="AltarModsConstants_ModNames_ShouldBeDescriptive" />
    </UnitTest>
    <UnitTest name="AltarModsConstants_LowValueMods_ShouldExist" storage="c:\1.path stuff\githubrepositories\clickit\tests\bin\debug\net48\clickit.tests.dll" id="3a61beba-698c-f922-c647-1aed1276266b">
      <Execution id="4cc84c0f-dd66-4ccf-a8d7-74434a816238" />
      <TestMethod codeBase="C:\1.Path stuff\GithubRepositories\ClickIt\Tests\bin\Debug\net48\ClickIt.Tests.dll" adapterTypeName="executor://mstestadapter/v2" className="ClickIt.Tests.UtilityFunctionTests" name="AltarModsConstants_LowValueMods_ShouldExist" />
    </UnitTest>
    <UnitTest name="AltarModsConstants_UpsideMods_ShouldHaveUniqueNames" storage="c:\1.path stuff\githubrepositories\clickit\tests\bin\debug\net48\clickit.tests.dll" id="ee4c6a80-67ea-ad07-5d96-ac8c10b054ad">
      <Execution id="52bb512f-1e43-46f5-8f5c-e182470d362c" />
      <TestMethod codeBase="C:\1.Path stuff\GithubRepositories\ClickIt\Tests\bin\Debug\net48\ClickIt.Tests.dll" adapterTypeName="executor://mstestadapter/v2" className="ClickIt.Tests.UtilityFunctionTests" name="AltarModsConstants_UpsideMods_ShouldHaveUniqueNames" />
    </UnitTest>
    <UnitTest name="AltarTargetDict_ShouldContainExpectedKeys" storage="c:\1.path stuff\githubrepositories\clickit\tests\bin\debug\net48\clickit.tests.dll" id="595f203c-4c11-4413-5fed-f653b27e96f2">
      <Execution id="bf14e81e-29a8-435b-a97f-c870d43d4e99" />
      <TestMethod codeBase="C:\1.Path stuff\GithubRepositories\ClickIt\Tests\bin\Debug\net48\ClickIt.Tests.dll" adapterTypeName="executor://mstestadapter/v2" className="ClickIt.Tests.AltarModsConstantsTests" name="AltarTargetDict_ShouldContainExpectedKeys" />
    </UnitTest>
  </TestDefinitions>
  <TestEntries>
    <TestEntry testId="2e14e2a6-11eb-c8c2-9f7a-50c0ca1738f2" executionId="94758ade-3864-4992-86ef-810b3d5b9d98" testListId="8c84fa94-04c1-424b-9868-57a2d4851a1d" />
    <TestEntry testId="6b8ec001-d942-663e-5555-3cd7c053c8d4" executionId="b2c404d9-2ec9-48e5-9ad1-9d27e0b34189" testListId="8c84fa94-04c1-424b-9868-57a2d4851a1d" />
    <TestEntry testId="53d6b819-c67d-0003-1d18-1e487a15d2ef" executionId="c52869bb-3c9c-4806-a84d-b84270700ef9" testListId="8c84fa94-04c1-424b-9868-57a2d4851a1d" />
    <TestEntry testId="8f93e997-62b9-86aa-244b-4acb788e20de" executionId="c6182951-7b69-410e-8842-bcf59a44fa07" testListId="8c84fa94-04c1-424b-9868-57a2d4851a1d" />
    <TestEntry testId="6d698d24-a9fe-2474-63bf-08d79ad53192" executionId="d24cf8e7-963f-4003-9663-f72ed9b855b1" testListId="8c84fa94-04c1-424b-9868-57a2d4851a1d" />
    <TestEntry testId="e892ec32-5ef7-2210-3298-2be37b1da00f" executionId="17fadaa5-ed1f-4d4e-9fb6-c49eed5866ec" testListId="8c84fa94-04c1-424b-9868-57a2d4851a1d" />
    <TestEntry testId="128b796f-ea93-fb99-78f5-b328aafb2a7e" executionId="9b2dd2ce-36e2-4ae9-b2d1-8e6c7cd8b333" testListId="8c84fa94-04c1-424b-9868-57a2d4851a1d" />
    <TestEntry testId="248d00c6-c302-7bd6-fc5a-6bca7756d217" executionId="29c5f817-b168-4d0a-a181-5a0d36d81b5e" testListId="8c84fa94-04c1-424b-9868-57a2d4851a1d" />
    <TestEntry testId="f6e9bfc6-6443-4123-a982-6d2a4eb4858a" executionId="aa087861-fc01-4ce0-ae11-a2fe06147e6c" testListId="8c84fa94-04c1-424b-9868-57a2d4851a1d" />
    <TestEntry testId="078ca68a-9d68-e993-23b7-79de24968cb8" executionId="fd935fdd-95f5-4373-a803-72fe154fc32f" testListId="8c84fa94-04c1-424b-9868-57a2d4851a1d" />
    <TestEntry testId="8369a21d-54a8-a919-98dd-2c710db28541" executionId="e64cb6fc-58cb-4d3d-8ba4-d203d6c595c8" testListId="8c84fa94-04c1-424b-9868-57a2d4851a1d" />
    <TestEntry testId="cd8fea07-85c5-7062-80c5-9fe5081431e8" executionId="9918a512-0e10-4335-87d1-5da10d642588" testListId="8c84fa94-04c1-424b-9868-57a2d4851a1d" />
    <TestEntry testId="595f203c-4c11-4413-5fed-f653b27e96f2" executionId="bf14e81e-29a8-435b-a97f-c870d43d4e99" testListId="8c84fa94-04c1-424b-9868-57a2d4851a1d" />
    <TestEntry testId="f436735f-e0e0-5642-0c04-aae30d37785a" executionId="596e42fb-1506-443f-83db-b182f3f5b359" testListId="8c84fa94-04c1-424b-9868-57a2d4851a1d" />
    <TestEntry testId="7e440687-2125-c666-9384-8cda94159715" executionId="e7237e3d-5951-4d47-ac41-62b5aaea57bb" testListId="8c84fa94-04c1-424b-9868-57a2d4851a1d" />
    <TestEntry testId="260489a1-cf2d-ac81-79c0-c2c4ad88bdb5" executionId="144a5aae-1058-46f6-9cee-e7d8a7b8c12a" testListId="8c84fa94-04c1-424b-9868-57a2d4851a1d" />
    <TestEntry testId="b6edeb4d-3e3c-642a-f6f0-27641568a038" executionId="2e497fa6-a26c-4688-acab-d3a6b725778a" testListId="8c84fa94-04c1-424b-9868-57a2d4851a1d" />
    <TestEntry testId="ee4c6a80-67ea-ad07-5d96-ac8c10b054ad" executionId="52bb512f-1e43-46f5-8f5c-e182470d362c" testListId="8c84fa94-04c1-424b-9868-57a2d4851a1d" />
    <TestEntry testId="061e59bf-0492-5b0e-6078-213fa56918b7" executionId="78335045-a5a0-4915-8243-7e3d66b83d4d" testListId="8c84fa94-04c1-424b-9868-57a2d4851a1d" />
    <TestEntry testId="3a61beba-698c-f922-c647-1aed1276266b" executionId="4cc84c0f-dd66-4ccf-a8d7-74434a816238" testListId="8c84fa94-04c1-424b-9868-57a2d4851a1d" />
    <TestEntry testId="c9a312cc-aa1d-e7ec-7115-906a6a9a3d22" executionId="f4254ed4-1687-4b93-8086-0c5892198ce5" testListId="8c84fa94-04c1-424b-9868-57a2d4851a1d" />
    <TestEntry testId="97d31d73-bf28-0aa5-7ffd-7d9562c2baca" executionId="44be9e0f-6324-4b83-a03f-0106477e2f18" testListId="8c84fa94-04c1-424b-9868-57a2d4851a1d" />
    <TestEntry testId="e2469839-e919-9f58-0648-fd6483af4b0b" executionId="3d772013-b775-4dc7-8b55-f0dd2d443fce" testListId="8c84fa94-04c1-424b-9868-57a2d4851a1d" />
    <TestEntry testId="15fcb06f-8632-359a-75ce-6f44f89c5277" executionId="3d0899d1-36e2-4960-b46b-b68f60ce22c5" testListId="8c84fa94-04c1-424b-9868-57a2d4851a1d" />
    <TestEntry testId="cebd853f-9b4e-ca20-b1f3-76488911521a" executionId="4fabfc47-6ba4-431d-9560-3e9d708d65ab" testListId="8c84fa94-04c1-424b-9868-57a2d4851a1d" />
    <TestEntry testId="8ade1ad6-cd5b-8300-f442-60d687ecfaf9" executionId="bb3a576f-9d56-4088-8440-a747b8c4c012" testListId="8c84fa94-04c1-424b-9868-57a2d4851a1d" />
    <TestEntry testId="2b942233-0b14-723c-536c-69c3832eef7b" executionId="84b91a14-69d0-4f90-a4f3-ea246ff8300d" testListId="8c84fa94-04c1-424b-9868-57a2d4851a1d" />
    <TestEntry testId="426ee2a5-cf45-4842-36aa-a2444b978cca" executionId="42886a0c-2672-451c-8c74-76abf95f21b3" testListId="8c84fa94-04c1-424b-9868-57a2d4851a1d" />
    <TestEntry testId="ed57d447-e093-d5c1-cf09-9f7c15f531c2" executionId="c68df5e5-0667-4ff1-b782-cec53af33ab8" testListId="8c84fa94-04c1-424b-9868-57a2d4851a1d" />
    <TestEntry testId="46cabf82-2444-0088-5b02-785f0f225c12" executionId="d20f2d5e-b664-4af6-9dd6-707a1ff738d0" testListId="8c84fa94-04c1-424b-9868-57a2d4851a1d" />
  </TestEntries>
  <TestLists>
    <TestList name="Results Not in a List" id="8c84fa94-04c1-424b-9868-57a2d4851a1d" />
    <TestList name="All Loaded Results" id="19431567-8539-422a-85d7-44ee4e166bda" />
  </TestLists>
  <ResultSummary outcome="Completed">
    <Counters total="30" executed="30" passed="30" failed="0" error="0" timeout="0" aborted="0" inconclusive="0" passedButRunAborted="0" notRunnable="0" notExecuted="0" disconnected="0" warning="0" completed="0" inProgress="0" pending="0" />
  </ResultSummary>
</TestRun>