<?xml version="1.0" encoding="utf-8"?>
<TestRun id="a7eae996-43cf-4546-8375-34787825c245" name="Alex@DESKTOP-G8PCQAF 2025-11-05 21:31:41" runUser="DESKTOP-G8PCQAF\Alex" xmlns="http://microsoft.com/schemas/VisualStudio/TeamTest/2010">
  <Times creation="2025-11-05T21:31:41.7427781+00:00" queuing="2025-11-05T21:31:41.7427782+00:00" start="2025-11-05T21:31:40.4531303+00:00" finish="2025-11-05T21:31:41.9077364+00:00" />
  <TestSettings name="default" id="f7e971ee-e574-4841-81c2-c0e1d6c0d4f3">
    <Deployment runDeploymentRoot="Alex_DESKTOP-G8PCQAF_2025-11-05_21_31_41" />
  </TestSettings>
  <Results>
    <UnitTestResult executionId="0814201f-4784-4f70-af10-84fd12af6a4d" testId="cd8fea07-85c5-7062-80c5-9fe5081431e8" testName="UpsideMods_ShouldNotBeEmpty" computerName="DESKTOP-G8PCQAF" duration="00:00:00.0000963" startTime="2025-11-05T21:31:41.6334463+00:00" endTime="2025-11-05T21:31:41.6334463+00:00" testType="13cdc9d9-ddb5-4fa4-a97d-d965ccfc6d4b" outcome="Passed" testListId="8c84fa94-04c1-424b-9868-57a2d4851a1d" relativeResultsDirectory="0814201f-4784-4f70-af10-84fd12af6a4d" />
    <UnitTestResult executionId="91f09a45-ea5f-4026-bdb6-ee2a05055289" testId="8369a21d-54a8-a919-98dd-2c710db28541" testName="AltarModsConstants_ModIds_ShouldNotHaveLeadingOrTrailingWhitespace" computerName="DESKTOP-G8PCQAF" duration="00:00:00.0029764" startTime="2025-11-05T21:31:41.7688570+00:00" endTime="2025-11-05T21:31:41.7716342+00:00" testType="13cdc9d9-ddb5-4fa4-a97d-d965ccfc6d4b" outcome="Passed" testListId="8c84fa94-04c1-424b-9868-57a2d4851a1d" relativeResultsDirectory="91f09a45-ea5f-4026-bdb6-ee2a05055289" />
    <UnitTestResult executionId="dd6ef734-82c4-4281-8c00-6103cf702004" testId="cebd853f-9b4e-ca20-b1f3-76488911521a" testName="PlayerTargetedMods_ShouldHaveAppropriateWeights" computerName="DESKTOP-G8PCQAF" duration="00:00:00.0024341" startTime="2025-11-05T21:31:41.7587048+00:00" endTime="2025-11-05T21:31:41.7616184+00:00" testType="13cdc9d9-ddb5-4fa4-a97d-d965ccfc6d4b" outcome="Passed" testListId="8c84fa94-04c1-424b-9868-57a2d4851a1d" relativeResultsDirectory="dd6ef734-82c4-4281-8c00-6103cf702004" />
    <UnitTestResult executionId="140859bc-5d67-49e5-b1ad-bea31674e945" testId="061e59bf-0492-5b0e-6078-213fa56918b7" testName="DownsideMods_ShouldHaveConsistentDataFormat" computerName="DESKTOP-G8PCQAF" duration="00:00:00.0006987" startTime="2025-11-05T21:31:41.6926733+00:00" endTime="2025-11-05T21:31:41.6937589+00:00" testType="13cdc9d9-ddb5-4fa4-a97d-d965ccfc6d4b" outcome="Passed" testListId="8c84fa94-04c1-424b-9868-57a2d4851a1d" relativeResultsDirectory="140859bc-5d67-49e5-b1ad-bea31674e945" />
    <UnitTestResult executionId="b2761e0a-9b22-405a-be1b-361e6fa7aebd" testId="ed57d447-e093-d5c1-cf09-9f7c15f531c2" testName="DefaultWeights_ShouldFollowReasonableDistribution" computerName="DESKTOP-G8PCQAF" duration="00:00:00.0561323" startTime="2025-11-05T21:31:41.7023227+00:00" endTime="2025-11-05T21:31:41.7587048+00:00" testType="13cdc9d9-ddb5-4fa4-a97d-d965ccfc6d4b" outcome="Passed" testListId="8c84fa94-04c1-424b-9868-57a2d4851a1d" relativeResultsDirectory="b2761e0a-9b22-405a-be1b-361e6fa7aebd" />
    <UnitTestResult executionId="07e124a3-b57f-49c7-9b1f-92d848435b63" testId="248d00c6-c302-7bd6-fc5a-6bca7756d217" testName="UpsideMods_ShouldHaveValidStructure" computerName="DESKTOP-G8PCQAF" duration="00:00:00.0003395" startTime="2025-11-05T21:31:41.6556800+00:00" endTime="2025-11-05T21:31:41.6561814+00:00" testType="13cdc9d9-ddb5-4fa4-a97d-d965ccfc6d4b" outcome="Passed" testListId="8c84fa94-04c1-424b-9868-57a2d4851a1d" relativeResultsDirectory="07e124a3-b57f-49c7-9b1f-92d848435b63" />
    <UnitTestResult executionId="79a06b61-f104-4395-b2f8-7699e6bd4eb3" testId="8ade1ad6-cd5b-8300-f442-60d687ecfaf9" testName="AltarModsConstants_PlayerMods_ShouldBePrioritized" computerName="DESKTOP-G8PCQAF" duration="00:00:00.0007898" startTime="2025-11-05T21:31:41.7895761+00:00" endTime="2025-11-05T21:31:41.7900778+00:00" testType="13cdc9d9-ddb5-4fa4-a97d-d965ccfc6d4b" outcome="Passed" testListId="8c84fa94-04c1-424b-9868-57a2d4851a1d" relativeResultsDirectory="79a06b61-f104-4395-b2f8-7699e6bd4eb3" />
    <UnitTestResult executionId="54fd98b6-61b0-4cf8-9abc-dde99adaf650" testId="426ee2a5-cf45-4842-36aa-a2444b978cca" testName="AltarModsConstants_DownsideMods_ShouldHaveUniqueNames" computerName="DESKTOP-G8PCQAF" duration="00:00:00.0002020" startTime="2025-11-05T21:31:41.7670414+00:00" endTime="2025-11-05T21:31:41.7670414+00:00" testType="13cdc9d9-ddb5-4fa4-a97d-d965ccfc6d4b" outcome="Passed" testListId="8c84fa94-04c1-424b-9868-57a2d4851a1d" relativeResultsDirectory="54fd98b6-61b0-4cf8-9abc-dde99adaf650" />
    <UnitTestResult executionId="3ab1d1a8-c589-4dc6-8bae-16d1f1618841" testId="c9a312cc-aa1d-e7ec-7115-906a6a9a3d22" testName="DownsideMods_ShouldContainEssentialGameplayMods" computerName="DESKTOP-G8PCQAF" duration="00:00:00.0003187" startTime="2025-11-05T21:31:41.6947640+00:00" endTime="2025-11-05T21:31:41.6952780+00:00" testType="13cdc9d9-ddb5-4fa4-a97d-d965ccfc6d4b" outcome="Passed" testListId="8c84fa94-04c1-424b-9868-57a2d4851a1d" relativeResultsDirectory="3ab1d1a8-c589-4dc6-8bae-16d1f1618841" />
    <UnitTestResult executionId="2f3849a8-cf16-46a9-8406-8315cd3eeba2" testId="3a61beba-698c-f922-c647-1aed1276266b" testName="AltarModsConstants_LowValueMods_ShouldExist" computerName="DESKTOP-G8PCQAF" duration="00:00:00.0002855" startTime="2025-11-05T21:31:41.7788034+00:00" endTime="2025-11-05T21:31:41.7793032+00:00" testType="13cdc9d9-ddb5-4fa4-a97d-d965ccfc6d4b" outcome="Passed" testListId="8c84fa94-04c1-424b-9868-57a2d4851a1d" relativeResultsDirectory="2f3849a8-cf16-46a9-8406-8315cd3eeba2" />
    <UnitTestResult executionId="2bac1a4c-ac71-44a3-8ff3-8a0c30dfd9d7" testId="e2469839-e919-9f58-0648-fd6483af4b0b" testName="AltarTargetDict_ShouldHaveCorrectMappings" computerName="DESKTOP-G8PCQAF" duration="00:00:00.0001770" startTime="2025-11-05T21:31:41.6967920+00:00" endTime="2025-11-05T21:31:41.6972953+00:00" testType="13cdc9d9-ddb5-4fa4-a97d-d965ccfc6d4b" outcome="Passed" testListId="8c84fa94-04c1-424b-9868-57a2d4851a1d" relativeResultsDirectory="2bac1a4c-ac71-44a3-8ff3-8a0c30dfd9d7" />
    <UnitTestResult executionId="4fc272bb-1ae9-4959-86db-d895cdf89cc4" testId="128b796f-ea93-fb99-78f5-b328aafb2a7e" testName="ModCollections_ShouldHaveBalancedCounts" computerName="DESKTOP-G8PCQAF" duration="00:00:00.0002182" startTime="2025-11-05T21:31:41.7628061+00:00" endTime="2025-11-05T21:31:41.7634247+00:00" testType="13cdc9d9-ddb5-4fa4-a97d-d965ccfc6d4b" outcome="Passed" testListId="8c84fa94-04c1-424b-9868-57a2d4851a1d" relativeResultsDirectory="4fc272bb-1ae9-4959-86db-d895cdf89cc4" />
    <UnitTestResult executionId="118813a4-68e7-46bb-bdc8-6140ff2eea75" testId="260489a1-cf2d-ac81-79c0-c2c4ad88bdb5" testName="ModTypes_ShouldBeValidAndConsistent" computerName="DESKTOP-G8PCQAF" duration="00:00:00.0051434" startTime="2025-11-05T21:31:41.6972953+00:00" endTime="2025-11-05T21:31:41.7023227+00:00" testType="13cdc9d9-ddb5-4fa4-a97d-d965ccfc6d4b" outcome="Passed" testListId="8c84fa94-04c1-424b-9868-57a2d4851a1d" relativeResultsDirectory="118813a4-68e7-46bb-bdc8-6140ff2eea75" />
    <UnitTestResult executionId="34831c77-b349-4c11-8d99-394c877f1184" testId="6d698d24-a9fe-2474-63bf-08d79ad53192" testName="FilterTargetDict_ShouldContainExpectedKeys" computerName="DESKTOP-G8PCQAF" duration="00:00:00.0069501" startTime="2025-11-05T21:31:41.6334463+00:00" endTime="2025-11-05T21:31:41.6411325+00:00" testType="13cdc9d9-ddb5-4fa4-a97d-d965ccfc6d4b" outcome="Passed" testListId="8c84fa94-04c1-424b-9868-57a2d4851a1d" relativeResultsDirectory="34831c77-b349-4c11-8d99-394c877f1184" />
    <UnitTestResult executionId="61b4d2b0-0248-4758-bb1f-3a3a1130c707" testId="b6edeb4d-3e3c-642a-f6f0-27641568a038" testName="UpsideMods_ShouldHaveConsistentDataFormat" computerName="DESKTOP-G8PCQAF" duration="00:00:00.0015931" startTime="2025-11-05T21:31:41.6909094+00:00" endTime="2025-11-05T21:31:41.6926733+00:00" testType="13cdc9d9-ddb5-4fa4-a97d-d965ccfc6d4b" outcome="Passed" testListId="8c84fa94-04c1-424b-9868-57a2d4851a1d" relativeResultsDirectory="61b4d2b0-0248-4758-bb1f-3a3a1130c707" />
    <UnitTestResult executionId="6b1ad4c1-6eea-4e8f-b6de-641ae769c60a" testId="f6e9bfc6-6443-4123-a982-6d2a4eb4858a" testName="AltarModsConstants_ShouldHaveValidTypeDistribution" computerName="DESKTOP-G8PCQAF" duration="00:00:00.0052029" startTime="2025-11-05T21:31:41.7716342+00:00" endTime="2025-11-05T21:31:41.7772843+00:00" testType="13cdc9d9-ddb5-4fa4-a97d-d965ccfc6d4b" outcome="Passed" testListId="8c84fa94-04c1-424b-9868-57a2d4851a1d" relativeResultsDirectory="6b1ad4c1-6eea-4e8f-b6de-641ae769c60a" />
    <UnitTestResult executionId="6dde22c1-5d44-4200-80f2-76441aad4daf" testId="53d6b819-c67d-0003-1d18-1e487a15d2ef" testName="AltarModsConstants_ModNames_ShouldBeDescriptive" computerName="DESKTOP-G8PCQAF" duration="00:00:00.0015418" startTime="2025-11-05T21:31:41.7900778+00:00" endTime="2025-11-05T21:31:41.7926911+00:00" testType="13cdc9d9-ddb5-4fa4-a97d-d965ccfc6d4b" outcome="Passed" testListId="8c84fa94-04c1-424b-9868-57a2d4851a1d" relativeResultsDirectory="6dde22c1-5d44-4200-80f2-76441aad4daf" />
    <UnitTestResult executionId="fb7b3c1f-ec9f-44a3-8178-6c8719f94b8b" testId="f436735f-e0e0-5642-0c04-aae30d37785a" testName="BossTargetedMods_ShouldExist" computerName="DESKTOP-G8PCQAF" duration="00:00:00.0003043" startTime="2025-11-05T21:31:41.7623007+00:00" endTime="2025-11-05T21:31:41.7628061+00:00" testType="13cdc9d9-ddb5-4fa4-a97d-d965ccfc6d4b" outcome="Passed" testListId="8c84fa94-04c1-424b-9868-57a2d4851a1d" relativeResultsDirectory="fb7b3c1f-ec9f-44a3-8178-6c8719f94b8b" />
    <UnitTestResult executionId="a86988af-d2f7-4f89-949c-9e128d558862" testId="595f203c-4c11-4413-5fed-f653b27e96f2" testName="AltarTargetDict_ShouldContainExpectedKeys" computerName="DESKTOP-G8PCQAF" duration="00:00:00.0002138" startTime="2025-11-05T21:31:41.6411325+00:00" endTime="2025-11-05T21:31:41.6417427+00:00" testType="13cdc9d9-ddb5-4fa4-a97d-d965ccfc6d4b" outcome="Passed" testListId="8c84fa94-04c1-424b-9868-57a2d4851a1d" relativeResultsDirectory="a86988af-d2f7-4f89-949c-9e128d558862" />
    <UnitTestResult executionId="2c13019c-e59d-4022-835d-85c63ec2d107" testId="2b942233-0b14-723c-536c-69c3832eef7b" testName="AltarModsConstants_HighValueMods_ShouldBeIdentifiable" computerName="DESKTOP-G8PCQAF" duration="00:00:00.0016170" startTime="2025-11-05T21:31:41.7772843+00:00" endTime="2025-11-05T21:31:41.7788034+00:00" testType="13cdc9d9-ddb5-4fa4-a97d-d965ccfc6d4b" outcome="Passed" testListId="8c84fa94-04c1-424b-9868-57a2d4851a1d" relativeResultsDirectory="2c13019c-e59d-4022-835d-85c63ec2d107" />
    <UnitTestResult executionId="c57aca43-d486-4c6a-a0b6-dea8ce21af28" testId="7e440687-2125-c666-9384-8cda94159715" testName="DownsideMods_ShouldNotBeEmpty" computerName="DESKTOP-G8PCQAF" duration="00:00:00.0285159" startTime="2025-11-05T21:31:41.4226296+00:00" endTime="2025-11-05T21:31:41.6271211+00:00" testType="13cdc9d9-ddb5-4fa4-a97d-d965ccfc6d4b" outcome="Passed" testListId="8c84fa94-04c1-424b-9868-57a2d4851a1d" relativeResultsDirectory="c57aca43-d486-4c6a-a0b6-dea8ce21af28" />
    <UnitTestResult executionId="9f11ef7d-917b-44f9-ab43-976a17941932" testId="ee4c6a80-67ea-ad07-5d96-ac8c10b054ad" testName="AltarModsConstants_UpsideMods_ShouldHaveUniqueNames" computerName="DESKTOP-G8PCQAF" duration="00:00:00.0033785" startTime="2025-11-05T21:31:41.7634247+00:00" endTime="2025-11-05T21:31:41.7670414+00:00" testType="13cdc9d9-ddb5-4fa4-a97d-d965ccfc6d4b" outcome="Passed" testListId="8c84fa94-04c1-424b-9868-57a2d4851a1d" relativeResultsDirectory="9f11ef7d-917b-44f9-ab43-976a17941932" />
    <UnitTestResult executionId="641e3168-0ac0-44b3-8fd3-1769e7f870d2" testId="078ca68a-9d68-e993-23b7-79de24968cb8" testName="AltarModsConstants_FilterAndAltarDicts_ShouldHaveExpectedCoverage" computerName="DESKTOP-G8PCQAF" duration="00:00:00.0095303" startTime="2025-11-05T21:31:41.7798172+00:00" endTime="2025-11-05T21:31:41.7889919+00:00" testType="13cdc9d9-ddb5-4fa4-a97d-d965ccfc6d4b" outcome="Passed" testListId="8c84fa94-04c1-424b-9868-57a2d4851a1d" relativeResultsDirectory="641e3168-0ac0-44b3-8fd3-1769e7f870d2" />
    <UnitTestResult executionId="36c1eecc-75c7-4ac3-b63f-468cee03636e" testId="6b8ec001-d942-663e-5555-3cd7c053c8d4" testName="ModCollections_ShouldHaveReasonableSize" computerName="DESKTOP-G8PCQAF" duration="00:00:00.0033394" startTime="2025-11-05T21:31:41.6594416+00:00" endTime="2025-11-05T21:31:41.6634541+00:00" testType="13cdc9d9-ddb5-4fa4-a97d-d965ccfc6d4b" outcome="Passed" testListId="8c84fa94-04c1-424b-9868-57a2d4851a1d" relativeResultsDirectory="36c1eecc-75c7-4ac3-b63f-468cee03636e" />
    <UnitTestResult executionId="739a2e4e-8409-44c4-9fcc-f3ed90e77767" testId="46cabf82-2444-0088-5b02-785f0f225c12" testName="UpsideMods_ShouldHaveUniqueIds" computerName="DESKTOP-G8PCQAF" duration="00:00:00.0001506" startTime="2025-11-05T21:31:41.6594416+00:00" endTime="2025-11-05T21:31:41.6594416+00:00" testType="13cdc9d9-ddb5-4fa4-a97d-d965ccfc6d4b" outcome="Passed" testListId="8c84fa94-04c1-424b-9868-57a2d4851a1d" relativeResultsDirectory="739a2e4e-8409-44c4-9fcc-f3ed90e77767" />
    <UnitTestResult executionId="a816e04f-2b9b-490d-a0cc-ddcb4914aa60" testId="15fcb06f-8632-359a-75ce-6f44f89c5277" testName="FilterTargetDict_ShouldHaveCorrectMappings" computerName="DESKTOP-G8PCQAF" duration="00:00:00.0014204" startTime="2025-11-05T21:31:41.6952780+00:00" endTime="2025-11-05T21:31:41.6967920+00:00" testType="13cdc9d9-ddb5-4fa4-a97d-d965ccfc6d4b" outcome="Passed" testListId="8c84fa94-04c1-424b-9868-57a2d4851a1d" relativeResultsDirectory="a816e04f-2b9b-490d-a0cc-ddcb4914aa60" />
    <UnitTestResult executionId="59ab63eb-c662-4491-af5f-ac690a61b6f5" testId="e892ec32-5ef7-2210-3298-2be37b1da00f" testName="AltarModsConstants_AllMods_ShouldHaveValidWeightRanges" computerName="DESKTOP-G8PCQAF" duration="00:00:00.0013549" startTime="2025-11-05T21:31:41.7670414+00:00" endTime="2025-11-05T21:31:41.7688570+00:00" testType="13cdc9d9-ddb5-4fa4-a97d-d965ccfc6d4b" outcome="Passed" testListId="8c84fa94-04c1-424b-9868-57a2d4851a1d" relativeResultsDirectory="59ab63eb-c662-4491-af5f-ac690a61b6f5" />
    <UnitTestResult executionId="e2ec3411-df93-4cbb-96f5-0d5682cfd86d" testId="2e14e2a6-11eb-c8c2-9f7a-50c0ca1738f2" testName="DownsideMods_ShouldHaveValidStructure" computerName="DESKTOP-G8PCQAF" duration="00:00:00.0139614" startTime="2025-11-05T21:31:41.6417427+00:00" endTime="2025-11-05T21:31:41.6556800+00:00" testType="13cdc9d9-ddb5-4fa4-a97d-d965ccfc6d4b" outcome="Passed" testListId="8c84fa94-04c1-424b-9868-57a2d4851a1d" relativeResultsDirectory="e2ec3411-df93-4cbb-96f5-0d5682cfd86d" />
    <UnitTestResult executionId="e09984b8-8fe1-4dcb-a42f-449a7dff6c3a" testId="97d31d73-bf28-0aa5-7ffd-7d9562c2baca" testName="UpsideMods_ShouldContainEssentialGameplayMods" computerName="DESKTOP-G8PCQAF" duration="00:00:00.0010981" startTime="2025-11-05T21:31:41.6937589+00:00" endTime="2025-11-05T21:31:41.6947640+00:00" testType="13cdc9d9-ddb5-4fa4-a97d-d965ccfc6d4b" outcome="Passed" testListId="8c84fa94-04c1-424b-9868-57a2d4851a1d" relativeResultsDirectory="e09984b8-8fe1-4dcb-a42f-449a7dff6c3a" />
    <UnitTestResult executionId="9c7265b5-8f1a-419d-9161-ef5e2c4ba4af" testId="8f93e997-62b9-86aa-244b-4acb788e20de" testName="DownsideMods_ShouldHaveUniqueIds" computerName="DESKTOP-G8PCQAF" duration="00:00:00.0036126" startTime="2025-11-05T21:31:41.6561814+00:00" endTime="2025-11-05T21:31:41.6594416+00:00" testType="13cdc9d9-ddb5-4fa4-a97d-d965ccfc6d4b" outcome="Passed" testListId="8c84fa94-04c1-424b-9868-57a2d4851a1d" relativeResultsDirectory="9c7265b5-8f1a-419d-9161-ef5e2c4ba4af" />
  </Results>
  <TestDefinitions>
    <UnitTest name="AltarModsConstants_PlayerMods_ShouldBePrioritized" storage="c:\1.path stuff\githubrepositories\clickit\tests\bin\debug\net48\clickit.tests.dll" id="8ade1ad6-cd5b-8300-f442-60d687ecfaf9">
      <Execution id="79a06b61-f104-4395-b2f8-7699e6bd4eb3" />
      <TestMethod codeBase="C:\1.Path stuff\GithubRepositories\ClickIt\Tests\bin\Debug\net48\ClickIt.Tests.dll" adapterTypeName="executor://mstestadapter/v2" className="ClickIt.Tests.UtilityFunctionTests" name="AltarModsConstants_PlayerMods_ShouldBePrioritized" />
    </UnitTest>
    <UnitTest name="PlayerTargetedMods_ShouldHaveAppropriateWeights" storage="c:\1.path stuff\githubrepositories\clickit\tests\bin\debug\net48\clickit.tests.dll" id="cebd853f-9b4e-ca20-b1f3-76488911521a">
      <Execution id="dd6ef734-82c4-4281-8c00-6103cf702004" />
      <TestMethod codeBase="C:\1.Path stuff\GithubRepositories\ClickIt\Tests\bin\Debug\net48\ClickIt.Tests.dll" adapterTypeName="executor://mstestadapter/v2" className="ClickIt.Tests.ExtendedConstantsTests" name="PlayerTargetedMods_ShouldHaveAppropriateWeights" />
    </UnitTest>
    <UnitTest name="AltarModsConstants_ShouldHaveValidTypeDistribution" storage="c:\1.path stuff\githubrepositories\clickit\tests\bin\debug\net48\clickit.tests.dll" id="f6e9bfc6-6443-4123-a982-6d2a4eb4858a">
      <Execution id="6b1ad4c1-6eea-4e8f-b6de-641ae769c60a" />
      <TestMethod codeBase="C:\1.Path stuff\GithubRepositories\ClickIt\Tests\bin\Debug\net48\ClickIt.Tests.dll" adapterTypeName="executor://mstestadapter/v2" className="ClickIt.Tests.UtilityFunctionTests" name="AltarModsConstants_ShouldHaveValidTypeDistribution" />
    </UnitTest>
    <UnitTest name="AltarModsConstants_HighValueMods_ShouldBeIdentifiable" storage="c:\1.path stuff\githubrepositories\clickit\tests\bin\debug\net48\clickit.tests.dll" id="2b942233-0b14-723c-536c-69c3832eef7b">
      <Execution id="2c13019c-e59d-4022-835d-85c63ec2d107" />
      <TestMethod codeBase="C:\1.Path stuff\GithubRepositories\ClickIt\Tests\bin\Debug\net48\ClickIt.Tests.dll" adapterTypeName="executor://mstestadapter/v2" className="ClickIt.Tests.UtilityFunctionTests" name="AltarModsConstants_HighValueMods_ShouldBeIdentifiable" />
    </UnitTest>
    <UnitTest name="DownsideMods_ShouldNotBeEmpty" storage="c:\1.path stuff\githubrepositories\clickit\tests\bin\debug\net48\clickit.tests.dll" id="7e440687-2125-c666-9384-8cda94159715">
      <Execution id="c57aca43-d486-4c6a-a0b6-dea8ce21af28" />
      <TestMethod codeBase="C:\1.Path stuff\GithubRepositories\ClickIt\Tests\bin\Debug\net48\ClickIt.Tests.dll" adapterTypeName="executor://mstestadapter/v2" className="ClickIt.Tests.AltarModsConstantsTests" name="DownsideMods_ShouldNotBeEmpty" />
    </UnitTest>
    <UnitTest name="FilterTargetDict_ShouldContainExpectedKeys" storage="c:\1.path stuff\githubrepositories\clickit\tests\bin\debug\net48\clickit.tests.dll" id="6d698d24-a9fe-2474-63bf-08d79ad53192">
      <Execution id="34831c77-b349-4c11-8d99-394c877f1184" />
      <TestMethod codeBase="C:\1.Path stuff\GithubRepositories\ClickIt\Tests\bin\Debug\net48\ClickIt.Tests.dll" adapterTypeName="executor://mstestadapter/v2" className="ClickIt.Tests.AltarModsConstantsTests" name="FilterTargetDict_ShouldContainExpectedKeys" />
    </UnitTest>
    <UnitTest name="BossTargetedMods_ShouldExist" storage="c:\1.path stuff\githubrepositories\clickit\tests\bin\debug\net48\clickit.tests.dll" id="f436735f-e0e0-5642-0c04-aae30d37785a">
      <Execution id="fb7b3c1f-ec9f-44a3-8178-6c8719f94b8b" />
      <TestMethod codeBase="C:\1.Path stuff\GithubRepositories\ClickIt\Tests\bin\Debug\net48\ClickIt.Tests.dll" adapterTypeName="executor://mstestadapter/v2" className="ClickIt.Tests.ExtendedConstantsTests" name="BossTargetedMods_ShouldExist" />
    </UnitTest>
    <UnitTest name="DownsideMods_ShouldContainEssentialGameplayMods" storage="c:\1.path stuff\githubrepositories\clickit\tests\bin\debug\net48\clickit.tests.dll" id="c9a312cc-aa1d-e7ec-7115-906a6a9a3d22">
      <Execution id="3ab1d1a8-c589-4dc6-8bae-16d1f1618841" />
      <TestMethod codeBase="C:\1.Path stuff\GithubRepositories\ClickIt\Tests\bin\Debug\net48\ClickIt.Tests.dll" adapterTypeName="executor://mstestadapter/v2" className="ClickIt.Tests.ExtendedConstantsTests" name="DownsideMods_ShouldContainEssentialGameplayMods" />
    </UnitTest>
    <UnitTest name="UpsideMods_ShouldNotBeEmpty" storage="c:\1.path stuff\githubrepositories\clickit\tests\bin\debug\net48\clickit.tests.dll" id="cd8fea07-85c5-7062-80c5-9fe5081431e8">
      <Execution id="0814201f-4784-4f70-af10-84fd12af6a4d" />
      <TestMethod codeBase="C:\1.Path stuff\GithubRepositories\ClickIt\Tests\bin\Debug\net48\ClickIt.Tests.dll" adapterTypeName="executor://mstestadapter/v2" className="ClickIt.Tests.AltarModsConstantsTests" name="UpsideMods_ShouldNotBeEmpty" />
    </UnitTest>
    <UnitTest name="UpsideMods_ShouldHaveValidStructure" storage="c:\1.path stuff\githubrepositories\clickit\tests\bin\debug\net48\clickit.tests.dll" id="248d00c6-c302-7bd6-fc5a-6bca7756d217">
      <Execution id="07e124a3-b57f-49c7-9b1f-92d848435b63" />
      <TestMethod codeBase="C:\1.Path stuff\GithubRepositories\ClickIt\Tests\bin\Debug\net48\ClickIt.Tests.dll" adapterTypeName="executor://mstestadapter/v2" className="ClickIt.Tests.AltarModsConstantsTests" name="UpsideMods_ShouldHaveValidStructure" />
    </UnitTest>
    <UnitTest name="ModTypes_ShouldBeValidAndConsistent" storage="c:\1.path stuff\githubrepositories\clickit\tests\bin\debug\net48\clickit.tests.dll" id="260489a1-cf2d-ac81-79c0-c2c4ad88bdb5">
      <Execution id="118813a4-68e7-46bb-bdc8-6140ff2eea75" />
      <TestMethod codeBase="C:\1.Path stuff\GithubRepositories\ClickIt\Tests\bin\Debug\net48\ClickIt.Tests.dll" adapterTypeName="executor://mstestadapter/v2" className="ClickIt.Tests.ExtendedConstantsTests" name="ModTypes_ShouldBeValidAndConsistent" />
    </UnitTest>
    <UnitTest name="AltarModsConstants_DownsideMods_ShouldHaveUniqueNames" storage="c:\1.path stuff\githubrepositories\clickit\tests\bin\debug\net48\clickit.tests.dll" id="426ee2a5-cf45-4842-36aa-a2444b978cca">
      <Execution id="54fd98b6-61b0-4cf8-9abc-dde99adaf650" />
      <TestMethod codeBase="C:\1.Path stuff\GithubRepositories\ClickIt\Tests\bin\Debug\net48\ClickIt.Tests.dll" adapterTypeName="executor://mstestadapter/v2" className="ClickIt.Tests.UtilityFunctionTests" name="AltarModsConstants_DownsideMods_ShouldHaveUniqueNames" />
    </UnitTest>
    <UnitTest name="UpsideMods_ShouldHaveConsistentDataFormat" storage="c:\1.path stuff\githubrepositories\clickit\tests\bin\debug\net48\clickit.tests.dll" id="b6edeb4d-3e3c-642a-f6f0-27641568a038">
      <Execution id="61b4d2b0-0248-4758-bb1f-3a3a1130c707" />
      <TestMethod codeBase="C:\1.Path stuff\GithubRepositories\ClickIt\Tests\bin\Debug\net48\ClickIt.Tests.dll" adapterTypeName="executor://mstestadapter/v2" className="ClickIt.Tests.ExtendedConstantsTests" name="UpsideMods_ShouldHaveConsistentDataFormat" />
    </UnitTest>
    <UnitTest name="DownsideMods_ShouldHaveConsistentDataFormat" storage="c:\1.path stuff\githubrepositories\clickit\tests\bin\debug\net48\clickit.tests.dll" id="061e59bf-0492-5b0e-6078-213fa56918b7">
      <Execution id="140859bc-5d67-49e5-b1ad-bea31674e945" />
      <TestMethod codeBase="C:\1.Path stuff\GithubRepositories\ClickIt\Tests\bin\Debug\net48\ClickIt.Tests.dll" adapterTypeName="executor://mstestadapter/v2" className="ClickIt.Tests.ExtendedConstantsTests" name="DownsideMods_ShouldHaveConsistentDataFormat" />
    </UnitTest>
    <UnitTest name="AltarTargetDict_ShouldHaveCorrectMappings" storage="c:\1.path stuff\githubrepositories\clickit\tests\bin\debug\net48\clickit.tests.dll" id="e2469839-e919-9f58-0648-fd6483af4b0b">
      <Execution id="2bac1a4c-ac71-44a3-8ff3-8a0c30dfd9d7" />
      <TestMethod codeBase="C:\1.Path stuff\GithubRepositories\ClickIt\Tests\bin\Debug\net48\ClickIt.Tests.dll" adapterTypeName="executor://mstestadapter/v2" className="ClickIt.Tests.ExtendedConstantsTests" name="AltarTargetDict_ShouldHaveCorrectMappings" />
    </UnitTest>
    <UnitTest name="FilterTargetDict_ShouldHaveCorrectMappings" storage="c:\1.path stuff\githubrepositories\clickit\tests\bin\debug\net48\clickit.tests.dll" id="15fcb06f-8632-359a-75ce-6f44f89c5277">
      <Execution id="a816e04f-2b9b-490d-a0cc-ddcb4914aa60" />
      <TestMethod codeBase="C:\1.Path stuff\GithubRepositories\ClickIt\Tests\bin\Debug\net48\ClickIt.Tests.dll" adapterTypeName="executor://mstestadapter/v2" className="ClickIt.Tests.ExtendedConstantsTests" name="FilterTargetDict_ShouldHaveCorrectMappings" />
    </UnitTest>
    <UnitTest name="DownsideMods_ShouldHaveValidStructure" storage="c:\1.path stuff\githubrepositories\clickit\tests\bin\debug\net48\clickit.tests.dll" id="2e14e2a6-11eb-c8c2-9f7a-50c0ca1738f2">
      <Execution id="e2ec3411-df93-4cbb-96f5-0d5682cfd86d" />
      <TestMethod codeBase="C:\1.Path stuff\GithubRepositories\ClickIt\Tests\bin\Debug\net48\ClickIt.Tests.dll" adapterTypeName="executor://mstestadapter/v2" className="ClickIt.Tests.AltarModsConstantsTests" name="DownsideMods_ShouldHaveValidStructure" />
    </UnitTest>
    <UnitTest name="DefaultWeights_ShouldFollowReasonableDistribution" storage="c:\1.path stuff\githubrepositories\clickit\tests\bin\debug\net48\clickit.tests.dll" id="ed57d447-e093-d5c1-cf09-9f7c15f531c2">
      <Execution id="b2761e0a-9b22-405a-be1b-361e6fa7aebd" />
      <TestMethod codeBase="C:\1.Path stuff\GithubRepositories\ClickIt\Tests\bin\Debug\net48\ClickIt.Tests.dll" adapterTypeName="executor://mstestadapter/v2" className="ClickIt.Tests.ExtendedConstantsTests" name="DefaultWeights_ShouldFollowReasonableDistribution" />
    </UnitTest>
    <UnitTest name="AltarModsConstants_FilterAndAltarDicts_ShouldHaveExpectedCoverage" storage="c:\1.path stuff\githubrepositories\clickit\tests\bin\debug\net48\clickit.tests.dll" id="078ca68a-9d68-e993-23b7-79de24968cb8">
      <Execution id="641e3168-0ac0-44b3-8fd3-1769e7f870d2" />
      <TestMethod codeBase="C:\1.Path stuff\GithubRepositories\ClickIt\Tests\bin\Debug\net48\ClickIt.Tests.dll" adapterTypeName="executor://mstestadapter/v2" className="ClickIt.Tests.UtilityFunctionTests" name="AltarModsConstants_FilterAndAltarDicts_ShouldHaveExpectedCoverage" />
    </UnitTest>
    <UnitTest name="AltarModsConstants_ModIds_ShouldNotHaveLeadingOrTrailingWhitespace" storage="c:\1.path stuff\githubrepositories\clickit\tests\bin\debug\net48\clickit.tests.dll" id="8369a21d-54a8-a919-98dd-2c710db28541">
      <Execution id="91f09a45-ea5f-4026-bdb6-ee2a05055289" />
      <TestMethod codeBase="C:\1.Path stuff\GithubRepositories\ClickIt\Tests\bin\Debug\net48\ClickIt.Tests.dll" adapterTypeName="executor://mstestadapter/v2" className="ClickIt.Tests.UtilityFunctionTests" name="AltarModsConstants_ModIds_ShouldNotHaveLeadingOrTrailingWhitespace" />
    </UnitTest>
    <UnitTest name="ModCollections_ShouldHaveReasonableSize" storage="c:\1.path stuff\githubrepositories\clickit\tests\bin\debug\net48\clickit.tests.dll" id="6b8ec001-d942-663e-5555-3cd7c053c8d4">
      <Execution id="36c1eecc-75c7-4ac3-b63f-468cee03636e" />
      <TestMethod codeBase="C:\1.Path stuff\GithubRepositories\ClickIt\Tests\bin\Debug\net48\ClickIt.Tests.dll" adapterTypeName="executor://mstestadapter/v2" className="ClickIt.Tests.AltarModsConstantsTests" name="ModCollections_ShouldHaveReasonableSize" />
    </UnitTest>
    <UnitTest name="ModCollections_ShouldHaveBalancedCounts" storage="c:\1.path stuff\githubrepositories\clickit\tests\bin\debug\net48\clickit.tests.dll" id="128b796f-ea93-fb99-78f5-b328aafb2a7e">
      <Execution id="4fc272bb-1ae9-4959-86db-d895cdf89cc4" />
      <TestMethod codeBase="C:\1.Path stuff\GithubRepositories\ClickIt\Tests\bin\Debug\net48\ClickIt.Tests.dll" adapterTypeName="executor://mstestadapter/v2" className="ClickIt.Tests.ExtendedConstantsTests" name="ModCollections_ShouldHaveBalancedCounts" />
    </UnitTest>
    <UnitTest name="UpsideMods_ShouldHaveUniqueIds" storage="c:\1.path stuff\githubrepositories\clickit\tests\bin\debug\net48\clickit.tests.dll" id="46cabf82-2444-0088-5b02-785f0f225c12">
      <Execution id="739a2e4e-8409-44c4-9fcc-f3ed90e77767" />
      <TestMethod codeBase="C:\1.Path stuff\GithubRepositories\ClickIt\Tests\bin\Debug\net48\ClickIt.Tests.dll" adapterTypeName="executor://mstestadapter/v2" className="ClickIt.Tests.AltarModsConstantsTests" name="UpsideMods_ShouldHaveUniqueIds" />
    </UnitTest>
    <UnitTest name="AltarModsConstants_AllMods_ShouldHaveValidWeightRanges" storage="c:\1.path stuff\githubrepositories\clickit\tests\bin\debug\net48\clickit.tests.dll" id="e892ec32-5ef7-2210-3298-2be37b1da00f">
      <Execution id="59ab63eb-c662-4491-af5f-ac690a61b6f5" />
      <TestMethod codeBase="C:\1.Path stuff\GithubRepositories\ClickIt\Tests\bin\Debug\net48\ClickIt.Tests.dll" adapterTypeName="executor://mstestadapter/v2" className="ClickIt.Tests.UtilityFunctionTests" name="AltarModsConstants_AllMods_ShouldHaveValidWeightRanges" />
    </UnitTest>
    <UnitTest name="UpsideMods_ShouldContainEssentialGameplayMods" storage="c:\1.path stuff\githubrepositories\clickit\tests\bin\debug\net48\clickit.tests.dll" id="97d31d73-bf28-0aa5-7ffd-7d9562c2baca">
      <Execution id="e09984b8-8fe1-4dcb-a42f-449a7dff6c3a" />
      <TestMethod codeBase="C:\1.Path stuff\GithubRepositories\ClickIt\Tests\bin\Debug\net48\ClickIt.Tests.dll" adapterTypeName="executor://mstestadapter/v2" className="ClickIt.Tests.ExtendedConstantsTests" name="UpsideMods_ShouldContainEssentialGameplayMods" />
    </UnitTest>
    <UnitTest name="DownsideMods_ShouldHaveUniqueIds" storage="c:\1.path stuff\githubrepositories\clickit\tests\bin\debug\net48\clickit.tests.dll" id="8f93e997-62b9-86aa-244b-4acb788e20de">
      <Execution id="9c7265b5-8f1a-419d-9161-ef5e2c4ba4af" />
      <TestMethod codeBase="C:\1.Path stuff\GithubRepositories\ClickIt\Tests\bin\Debug\net48\ClickIt.Tests.dll" adapterTypeName="executor://mstestadapter/v2" className="ClickIt.Tests.AltarModsConstantsTests" name="DownsideMods_ShouldHaveUniqueIds" />
    </UnitTest>
    <UnitTest name="AltarModsConstants_ModNames_ShouldBeDescriptive" storage="c:\1.path stuff\githubrepositories\clickit\tests\bin\debug\net48\clickit.tests.dll" id="53d6b819-c67d-0003-1d18-1e487a15d2ef">
      <Execution id="6dde22c1-5d44-4200-80f2-76441aad4daf" />
      <TestMethod codeBase="C:\1.Path stuff\GithubRepositories\ClickIt\Tests\bin\Debug\net48\ClickIt.Tests.dll" adapterTypeName="executor://mstestadapter/v2" className="ClickIt.Tests.UtilityFunctionTests" name="AltarModsConstants_ModNames_ShouldBeDescriptive" />
    </UnitTest>
    <UnitTest name="AltarModsConstants_LowValueMods_ShouldExist" storage="c:\1.path stuff\githubrepositories\clickit\tests\bin\debug\net48\clickit.tests.dll" id="3a61beba-698c-f922-c647-1aed1276266b">
      <Execution id="2f3849a8-cf16-46a9-8406-8315cd3eeba2" />
      <TestMethod codeBase="C:\1.Path stuff\GithubRepositories\ClickIt\Tests\bin\Debug\net48\ClickIt.Tests.dll" adapterTypeName="executor://mstestadapter/v2" className="ClickIt.Tests.UtilityFunctionTests" name="AltarModsConstants_LowValueMods_ShouldExist" />
    </UnitTest>
    <UnitTest name="AltarModsConstants_UpsideMods_ShouldHaveUniqueNames" storage="c:\1.path stuff\githubrepositories\clickit\tests\bin\debug\net48\clickit.tests.dll" id="ee4c6a80-67ea-ad07-5d96-ac8c10b054ad">
      <Execution id="9f11ef7d-917b-44f9-ab43-976a17941932" />
      <TestMethod codeBase="C:\1.Path stuff\GithubRepositories\ClickIt\Tests\bin\Debug\net48\ClickIt.Tests.dll" adapterTypeName="executor://mstestadapter/v2" className="ClickIt.Tests.UtilityFunctionTests" name="AltarModsConstants_UpsideMods_ShouldHaveUniqueNames" />
    </UnitTest>
    <UnitTest name="AltarTargetDict_ShouldContainExpectedKeys" storage="c:\1.path stuff\githubrepositories\clickit\tests\bin\debug\net48\clickit.tests.dll" id="595f203c-4c11-4413-5fed-f653b27e96f2">
      <Execution id="a86988af-d2f7-4f89-949c-9e128d558862" />
      <TestMethod codeBase="C:\1.Path stuff\GithubRepositories\ClickIt\Tests\bin\Debug\net48\ClickIt.Tests.dll" adapterTypeName="executor://mstestadapter/v2" className="ClickIt.Tests.AltarModsConstantsTests" name="AltarTargetDict_ShouldContainExpectedKeys" />
    </UnitTest>
  </TestDefinitions>
  <TestEntries>
    <TestEntry testId="cd8fea07-85c5-7062-80c5-9fe5081431e8" executionId="0814201f-4784-4f70-af10-84fd12af6a4d" testListId="8c84fa94-04c1-424b-9868-57a2d4851a1d" />
    <TestEntry testId="8369a21d-54a8-a919-98dd-2c710db28541" executionId="91f09a45-ea5f-4026-bdb6-ee2a05055289" testListId="8c84fa94-04c1-424b-9868-57a2d4851a1d" />
    <TestEntry testId="cebd853f-9b4e-ca20-b1f3-76488911521a" executionId="dd6ef734-82c4-4281-8c00-6103cf702004" testListId="8c84fa94-04c1-424b-9868-57a2d4851a1d" />
    <TestEntry testId="061e59bf-0492-5b0e-6078-213fa56918b7" executionId="140859bc-5d67-49e5-b1ad-bea31674e945" testListId="8c84fa94-04c1-424b-9868-57a2d4851a1d" />
    <TestEntry testId="ed57d447-e093-d5c1-cf09-9f7c15f531c2" executionId="b2761e0a-9b22-405a-be1b-361e6fa7aebd" testListId="8c84fa94-04c1-424b-9868-57a2d4851a1d" />
    <TestEntry testId="248d00c6-c302-7bd6-fc5a-6bca7756d217" executionId="07e124a3-b57f-49c7-9b1f-92d848435b63" testListId="8c84fa94-04c1-424b-9868-57a2d4851a1d" />
    <TestEntry testId="8ade1ad6-cd5b-8300-f442-60d687ecfaf9" executionId="79a06b61-f104-4395-b2f8-7699e6bd4eb3" testListId="8c84fa94-04c1-424b-9868-57a2d4851a1d" />
    <TestEntry testId="426ee2a5-cf45-4842-36aa-a2444b978cca" executionId="54fd98b6-61b0-4cf8-9abc-dde99adaf650" testListId="8c84fa94-04c1-424b-9868-57a2d4851a1d" />
    <TestEntry testId="c9a312cc-aa1d-e7ec-7115-906a6a9a3d22" executionId="3ab1d1a8-c589-4dc6-8bae-16d1f1618841" testListId="8c84fa94-04c1-424b-9868-57a2d4851a1d" />
    <TestEntry testId="3a61beba-698c-f922-c647-1aed1276266b" executionId="2f3849a8-cf16-46a9-8406-8315cd3eeba2" testListId="8c84fa94-04c1-424b-9868-57a2d4851a1d" />
    <TestEntry testId="e2469839-e919-9f58-0648-fd6483af4b0b" executionId="2bac1a4c-ac71-44a3-8ff3-8a0c30dfd9d7" testListId="8c84fa94-04c1-424b-9868-57a2d4851a1d" />
    <TestEntry testId="128b796f-ea93-fb99-78f5-b328aafb2a7e" executionId="4fc272bb-1ae9-4959-86db-d895cdf89cc4" testListId="8c84fa94-04c1-424b-9868-57a2d4851a1d" />
    <TestEntry testId="260489a1-cf2d-ac81-79c0-c2c4ad88bdb5" executionId="118813a4-68e7-46bb-bdc8-6140ff2eea75" testListId="8c84fa94-04c1-424b-9868-57a2d4851a1d" />
    <TestEntry testId="6d698d24-a9fe-2474-63bf-08d79ad53192" executionId="34831c77-b349-4c11-8d99-394c877f1184" testListId="8c84fa94-04c1-424b-9868-57a2d4851a1d" />
    <TestEntry testId="b6edeb4d-3e3c-642a-f6f0-27641568a038" executionId="61b4d2b0-0248-4758-bb1f-3a3a1130c707" testListId="8c84fa94-04c1-424b-9868-57a2d4851a1d" />
    <TestEntry testId="f6e9bfc6-6443-4123-a982-6d2a4eb4858a" executionId="6b1ad4c1-6eea-4e8f-b6de-641ae769c60a" testListId="8c84fa94-04c1-424b-9868-57a2d4851a1d" />
    <TestEntry testId="53d6b819-c67d-0003-1d18-1e487a15d2ef" executionId="6dde22c1-5d44-4200-80f2-76441aad4daf" testListId="8c84fa94-04c1-424b-9868-57a2d4851a1d" />
    <TestEntry testId="f436735f-e0e0-5642-0c04-aae30d37785a" executionId="fb7b3c1f-ec9f-44a3-8178-6c8719f94b8b" testListId="8c84fa94-04c1-424b-9868-57a2d4851a1d" />
    <TestEntry testId="595f203c-4c11-4413-5fed-f653b27e96f2" executionId="a86988af-d2f7-4f89-949c-9e128d558862" testListId="8c84fa94-04c1-424b-9868-57a2d4851a1d" />
    <TestEntry testId="2b942233-0b14-723c-536c-69c3832eef7b" executionId="2c13019c-e59d-4022-835d-85c63ec2d107" testListId="8c84fa94-04c1-424b-9868-57a2d4851a1d" />
    <TestEntry testId="7e440687-2125-c666-9384-8cda94159715" executionId="c57aca43-d486-4c6a-a0b6-dea8ce21af28" testListId="8c84fa94-04c1-424b-9868-57a2d4851a1d" />
    <TestEntry testId="ee4c6a80-67ea-ad07-5d96-ac8c10b054ad" executionId="9f11ef7d-917b-44f9-ab43-976a17941932" testListId="8c84fa94-04c1-424b-9868-57a2d4851a1d" />
    <TestEntry testId="078ca68a-9d68-e993-23b7-79de24968cb8" executionId="641e3168-0ac0-44b3-8fd3-1769e7f870d2" testListId="8c84fa94-04c1-424b-9868-57a2d4851a1d" />
    <TestEntry testId="6b8ec001-d942-663e-5555-3cd7c053c8d4" executionId="36c1eecc-75c7-4ac3-b63f-468cee03636e" testListId="8c84fa94-04c1-424b-9868-57a2d4851a1d" />
    <TestEntry testId="46cabf82-2444-0088-5b02-785f0f225c12" executionId="739a2e4e-8409-44c4-9fcc-f3ed90e77767" testListId="8c84fa94-04c1-424b-9868-57a2d4851a1d" />
    <TestEntry testId="15fcb06f-8632-359a-75ce-6f44f89c5277" executionId="a816e04f-2b9b-490d-a0cc-ddcb4914aa60" testListId="8c84fa94-04c1-424b-9868-57a2d4851a1d" />
    <TestEntry testId="e892ec32-5ef7-2210-3298-2be37b1da00f" executionId="59ab63eb-c662-4491-af5f-ac690a61b6f5" testListId="8c84fa94-04c1-424b-9868-57a2d4851a1d" />
    <TestEntry testId="2e14e2a6-11eb-c8c2-9f7a-50c0ca1738f2" executionId="e2ec3411-df93-4cbb-96f5-0d5682cfd86d" testListId="8c84fa94-04c1-424b-9868-57a2d4851a1d" />
    <TestEntry testId="97d31d73-bf28-0aa5-7ffd-7d9562c2baca" executionId="e09984b8-8fe1-4dcb-a42f-449a7dff6c3a" testListId="8c84fa94-04c1-424b-9868-57a2d4851a1d" />
    <TestEntry testId="8f93e997-62b9-86aa-244b-4acb788e20de" executionId="9c7265b5-8f1a-419d-9161-ef5e2c4ba4af" testListId="8c84fa94-04c1-424b-9868-57a2d4851a1d" />
  </TestEntries>
  <TestLists>
    <TestList name="Results Not in a List" id="8c84fa94-04c1-424b-9868-57a2d4851a1d" />
    <TestList name="All Loaded Results" id="19431567-8539-422a-85d7-44ee4e166bda" />
  </TestLists>
  <ResultSummary outcome="Completed">
    <Counters total="30" executed="30" passed="30" failed="0" error="0" timeout="0" aborted="0" inconclusive="0" passedButRunAborted="0" notRunnable="0" notExecuted="0" disconnected="0" warning="0" completed="0" inProgress="0" pending="0" />
  </ResultSummary>
</TestRun>