<?xml version="1.0" encoding="utf-8"?>
<TestRun id="31dd67c2-fc46-434b-b785-5b2c93e62195" name="Alex@DESKTOP-G8PCQAF 2025-11-05 20:48:57" runUser="DESKTOP-G8PCQAF\Alex" xmlns="http://microsoft.com/schemas/VisualStudio/TeamTest/2010">
  <Times creation="2025-11-05T20:48:57.0196728+00:00" queuing="2025-11-05T20:48:57.0196729+00:00" start="2025-11-05T20:48:55.9355287+00:00" finish="2025-11-05T20:48:57.1531821+00:00" />
  <TestSettings name="default" id="cb85dec3-056e-4af4-82c2-c0530de175a0">
    <Deployment runDeploymentRoot="Alex_DESKTOP-G8PCQAF_2025-11-05_20_48_57" />
  </TestSettings>
  <Results>
    <UnitTestResult executionId="850409a5-81f0-45f3-a83b-86f9c01c9a70" testId="f6e9bfc6-6443-4123-a982-6d2a4eb4858a" testName="AltarModsConstants_ShouldHaveValidTypeDistribution" computerName="DESKTOP-G8PCQAF" duration="00:00:00.0044534" startTime="2025-11-05T20:48:57.0468018+00:00" endTime="2025-11-05T20:48:57.0515716+00:00" testType="13cdc9d9-ddb5-4fa4-a97d-d965ccfc6d4b" outcome="Passed" testListId="8c84fa94-04c1-424b-9868-57a2d4851a1d" relativeResultsDirectory="850409a5-81f0-45f3-a83b-86f9c01c9a70" />
    <UnitTestResult executionId="5745230a-56f2-4b5c-a2ac-b6e9e6976698" testId="b6edeb4d-3e3c-642a-f6f0-27641568a038" testName="UpsideMods_ShouldHaveConsistentDataFormat" computerName="DESKTOP-G8PCQAF" duration="00:00:00.0013195" startTime="2025-11-05T20:48:56.9866415+00:00" endTime="2025-11-05T20:48:56.9885010+00:00" testType="13cdc9d9-ddb5-4fa4-a97d-d965ccfc6d4b" outcome="Passed" testListId="8c84fa94-04c1-424b-9868-57a2d4851a1d" relativeResultsDirectory="5745230a-56f2-4b5c-a2ac-b6e9e6976698" />
    <UnitTestResult executionId="078e6fd7-d487-4d58-808a-0cdc5187f972" testId="6b8ec001-d942-663e-5555-3cd7c053c8d4" testName="ModCollections_ShouldHaveReasonableSize" computerName="DESKTOP-G8PCQAF" duration="00:00:00.0029355" startTime="2025-11-05T20:48:56.9682801+00:00" endTime="2025-11-05T20:48:56.9721310+00:00" testType="13cdc9d9-ddb5-4fa4-a97d-d965ccfc6d4b" outcome="Passed" testListId="8c84fa94-04c1-424b-9868-57a2d4851a1d" relativeResultsDirectory="078e6fd7-d487-4d58-808a-0cdc5187f972" />
    <UnitTestResult executionId="451cf851-3ef9-4e2a-91dc-d83e4c0448f5" testId="15fcb06f-8632-359a-75ce-6f44f89c5277" testName="FilterTargetDict_ShouldHaveCorrectMappings" computerName="DESKTOP-G8PCQAF" duration="00:00:00.0009186" startTime="2025-11-05T20:48:56.9903077+00:00" endTime="2025-11-05T20:48:56.9913164+00:00" testType="13cdc9d9-ddb5-4fa4-a97d-d965ccfc6d4b" outcome="Passed" testListId="8c84fa94-04c1-424b-9868-57a2d4851a1d" relativeResultsDirectory="451cf851-3ef9-4e2a-91dc-d83e4c0448f5" />
    <UnitTestResult executionId="523860d1-7dc0-456c-8a4e-b97627837011" testId="248d00c6-c302-7bd6-fc5a-6bca7756d217" testName="UpsideMods_ShouldHaveValidStructure" computerName="DESKTOP-G8PCQAF" duration="00:00:00.0004058" startTime="2025-11-05T20:48:56.9640617+00:00" endTime="2025-11-05T20:48:56.9650678+00:00" testType="13cdc9d9-ddb5-4fa4-a97d-d965ccfc6d4b" outcome="Passed" testListId="8c84fa94-04c1-424b-9868-57a2d4851a1d" relativeResultsDirectory="523860d1-7dc0-456c-8a4e-b97627837011" />
    <UnitTestResult executionId="e638aea3-664c-4446-8877-fb620dea8754" testId="46cabf82-2444-0088-5b02-785f0f225c12" testName="UpsideMods_ShouldHaveUniqueIds" computerName="DESKTOP-G8PCQAF" duration="00:00:00.0001504" startTime="2025-11-05T20:48:56.9682801+00:00" endTime="2025-11-05T20:48:56.9682801+00:00" testType="13cdc9d9-ddb5-4fa4-a97d-d965ccfc6d4b" outcome="Passed" testListId="8c84fa94-04c1-424b-9868-57a2d4851a1d" relativeResultsDirectory="e638aea3-664c-4446-8877-fb620dea8754" />
    <UnitTestResult executionId="d47054b1-dd60-4c33-a5b4-1b9f68b6a528" testId="078ca68a-9d68-e993-23b7-79de24968cb8" testName="AltarModsConstants_FilterAndAltarDicts_ShouldHaveExpectedCoverage" computerName="DESKTOP-G8PCQAF" duration="00:00:00.0073381" startTime="2025-11-05T20:48:57.0537367+00:00" endTime="2025-11-05T20:48:57.0609811+00:00" testType="13cdc9d9-ddb5-4fa4-a97d-d965ccfc6d4b" outcome="Passed" testListId="8c84fa94-04c1-424b-9868-57a2d4851a1d" relativeResultsDirectory="d47054b1-dd60-4c33-a5b4-1b9f68b6a528" />
    <UnitTestResult executionId="052e628d-44c4-4c06-96af-8820ad7331e8" testId="061e59bf-0492-5b0e-6078-213fa56918b7" testName="DownsideMods_ShouldHaveConsistentDataFormat" computerName="DESKTOP-G8PCQAF" duration="00:00:00.0004025" startTime="2025-11-05T20:48:56.9885010+00:00" endTime="2025-11-05T20:48:56.9890626+00:00" testType="13cdc9d9-ddb5-4fa4-a97d-d965ccfc6d4b" outcome="Passed" testListId="8c84fa94-04c1-424b-9868-57a2d4851a1d" relativeResultsDirectory="052e628d-44c4-4c06-96af-8820ad7331e8" />
    <UnitTestResult executionId="af329e79-8ba0-49fc-9470-7876922ac31f" testId="2b942233-0b14-723c-536c-69c3832eef7b" testName="AltarModsConstants_HighValueMods_ShouldBeIdentifiable" computerName="DESKTOP-G8PCQAF" duration="00:00:00.0013400" startTime="2025-11-05T20:48:57.0515716+00:00" endTime="2025-11-05T20:48:57.0527310+00:00" testType="13cdc9d9-ddb5-4fa4-a97d-d965ccfc6d4b" outcome="Passed" testListId="8c84fa94-04c1-424b-9868-57a2d4851a1d" relativeResultsDirectory="af329e79-8ba0-49fc-9470-7876922ac31f" />
    <UnitTestResult executionId="0d54c884-c932-49a7-a314-22d207d38bb3" testId="c9a312cc-aa1d-e7ec-7115-906a6a9a3d22" testName="DownsideMods_ShouldContainEssentialGameplayMods" computerName="DESKTOP-G8PCQAF" duration="00:00:00.0002386" startTime="2025-11-05T20:48:56.9903077+00:00" endTime="2025-11-05T20:48:56.9903077+00:00" testType="13cdc9d9-ddb5-4fa4-a97d-d965ccfc6d4b" outcome="Passed" testListId="8c84fa94-04c1-424b-9868-57a2d4851a1d" relativeResultsDirectory="0d54c884-c932-49a7-a314-22d207d38bb3" />
    <UnitTestResult executionId="32afbf2c-2d33-44bd-a077-696fbeeecaea" testId="cd8fea07-85c5-7062-80c5-9fe5081431e8" testName="UpsideMods_ShouldNotBeEmpty" computerName="DESKTOP-G8PCQAF" duration="00:00:00.0000994" startTime="2025-11-05T20:48:56.9467917+00:00" endTime="2025-11-05T20:48:56.9476710+00:00" testType="13cdc9d9-ddb5-4fa4-a97d-d965ccfc6d4b" outcome="Passed" testListId="8c84fa94-04c1-424b-9868-57a2d4851a1d" relativeResultsDirectory="32afbf2c-2d33-44bd-a077-696fbeeecaea" />
    <UnitTestResult executionId="52e3eb90-5aac-422c-8f84-6df6259c29af" testId="3a61beba-698c-f922-c647-1aed1276266b" testName="AltarModsConstants_LowValueMods_ShouldExist" computerName="DESKTOP-G8PCQAF" duration="00:00:00.0002345" startTime="2025-11-05T20:48:57.0527310+00:00" endTime="2025-11-05T20:48:57.0527310+00:00" testType="13cdc9d9-ddb5-4fa4-a97d-d965ccfc6d4b" outcome="Passed" testListId="8c84fa94-04c1-424b-9868-57a2d4851a1d" relativeResultsDirectory="52e3eb90-5aac-422c-8f84-6df6259c29af" />
    <UnitTestResult executionId="93ee4416-67bd-44b7-9f2a-2151b41f0c9b" testId="8f93e997-62b9-86aa-244b-4acb788e20de" testName="DownsideMods_ShouldHaveUniqueIds" computerName="DESKTOP-G8PCQAF" duration="00:00:00.0031576" startTime="2025-11-05T20:48:56.9650678+00:00" endTime="2025-11-05T20:48:56.9682801+00:00" testType="13cdc9d9-ddb5-4fa4-a97d-d965ccfc6d4b" outcome="Passed" testListId="8c84fa94-04c1-424b-9868-57a2d4851a1d" relativeResultsDirectory="93ee4416-67bd-44b7-9f2a-2151b41f0c9b" />
    <UnitTestResult executionId="f9668f1e-2589-45e6-b4fa-7eb9a1963b8d" testId="8369a21d-54a8-a919-98dd-2c710db28541" testName="AltarModsConstants_ModIds_ShouldNotHaveLeadingOrTrailingWhitespace" computerName="DESKTOP-G8PCQAF" duration="00:00:00.0025705" startTime="2025-11-05T20:48:57.0434863+00:00" endTime="2025-11-05T20:48:57.0468018+00:00" testType="13cdc9d9-ddb5-4fa4-a97d-d965ccfc6d4b" outcome="Passed" testListId="8c84fa94-04c1-424b-9868-57a2d4851a1d" relativeResultsDirectory="f9668f1e-2589-45e6-b4fa-7eb9a1963b8d" />
    <UnitTestResult executionId="94733bea-73d4-4b08-abb6-7fbe0e9422c7" testId="ed57d447-e093-d5c1-cf09-9f7c15f531c2" testName="DefaultWeights_ShouldFollowReasonableDistribution" computerName="DESKTOP-G8PCQAF" duration="00:00:00.0390264" startTime="2025-11-05T20:48:56.9955469+00:00" endTime="2025-11-05T20:48:57.0343780+00:00" testType="13cdc9d9-ddb5-4fa4-a97d-d965ccfc6d4b" outcome="Passed" testListId="8c84fa94-04c1-424b-9868-57a2d4851a1d" relativeResultsDirectory="94733bea-73d4-4b08-abb6-7fbe0e9422c7" />
    <UnitTestResult executionId="47ec440e-ed8b-4764-b838-7626367e75cc" testId="53d6b819-c67d-0003-1d18-1e487a15d2ef" testName="AltarModsConstants_ModNames_ShouldBeDescriptive" computerName="DESKTOP-G8PCQAF" duration="00:00:00.0015391" startTime="2025-11-05T20:48:57.0614805+00:00" endTime="2025-11-05T20:48:57.0635912+00:00" testType="13cdc9d9-ddb5-4fa4-a97d-d965ccfc6d4b" outcome="Passed" testListId="8c84fa94-04c1-424b-9868-57a2d4851a1d" relativeResultsDirectory="47ec440e-ed8b-4764-b838-7626367e75cc" />
    <UnitTestResult executionId="027d71ef-4953-4648-810f-d49be06174f8" testId="2e14e2a6-11eb-c8c2-9f7a-50c0ca1738f2" testName="DownsideMods_ShouldHaveValidStructure" computerName="DESKTOP-G8PCQAF" duration="00:00:00.0106597" startTime="2025-11-05T20:48:56.9536813+00:00" endTime="2025-11-05T20:48:56.9640617+00:00" testType="13cdc9d9-ddb5-4fa4-a97d-d965ccfc6d4b" outcome="Passed" testListId="8c84fa94-04c1-424b-9868-57a2d4851a1d" relativeResultsDirectory="027d71ef-4953-4648-810f-d49be06174f8" />
    <UnitTestResult executionId="83b4ec34-b521-44b1-95f7-bee1845b5c84" testId="e2469839-e919-9f58-0648-fd6483af4b0b" testName="AltarTargetDict_ShouldHaveCorrectMappings" computerName="DESKTOP-G8PCQAF" duration="00:00:00.0001459" startTime="2025-11-05T20:48:56.9913164+00:00" endTime="2025-11-05T20:48:56.9918186+00:00" testType="13cdc9d9-ddb5-4fa4-a97d-d965ccfc6d4b" outcome="Passed" testListId="8c84fa94-04c1-424b-9868-57a2d4851a1d" relativeResultsDirectory="83b4ec34-b521-44b1-95f7-bee1845b5c84" />
    <UnitTestResult executionId="04988e9f-0a6c-4c34-a1da-079413761b89" testId="e892ec32-5ef7-2210-3298-2be37b1da00f" testName="AltarModsConstants_AllMods_ShouldHaveValidWeightRanges" computerName="DESKTOP-G8PCQAF" duration="00:00:00.0012645" startTime="2025-11-05T20:48:57.0424806+00:00" endTime="2025-11-05T20:48:57.0434863+00:00" testType="13cdc9d9-ddb5-4fa4-a97d-d965ccfc6d4b" outcome="Passed" testListId="8c84fa94-04c1-424b-9868-57a2d4851a1d" relativeResultsDirectory="04988e9f-0a6c-4c34-a1da-079413761b89" />
    <UnitTestResult executionId="7c989855-40b5-4036-a3f7-80e50f04e97c" testId="f436735f-e0e0-5642-0c04-aae30d37785a" testName="BossTargetedMods_ShouldExist" computerName="DESKTOP-G8PCQAF" duration="00:00:00.0002976" startTime="2025-11-05T20:48:57.0380975+00:00" endTime="2025-11-05T20:48:57.0385989+00:00" testType="13cdc9d9-ddb5-4fa4-a97d-d965ccfc6d4b" outcome="Passed" testListId="8c84fa94-04c1-424b-9868-57a2d4851a1d" relativeResultsDirectory="7c989855-40b5-4036-a3f7-80e50f04e97c" />
    <UnitTestResult executionId="ebbbf743-031d-4d91-a13d-0d3e2d68d522" testId="595f203c-4c11-4413-5fed-f653b27e96f2" testName="AltarTargetDict_ShouldContainExpectedKeys" computerName="DESKTOP-G8PCQAF" duration="00:00:00.0002225" startTime="2025-11-05T20:48:56.9526759+00:00" endTime="2025-11-05T20:48:56.9536813+00:00" testType="13cdc9d9-ddb5-4fa4-a97d-d965ccfc6d4b" outcome="Passed" testListId="8c84fa94-04c1-424b-9868-57a2d4851a1d" relativeResultsDirectory="ebbbf743-031d-4d91-a13d-0d3e2d68d522" />
    <UnitTestResult executionId="a41c0b72-54af-4040-8ae6-40ecb4cdead8" testId="260489a1-cf2d-ac81-79c0-c2c4ad88bdb5" testName="ModTypes_ShouldBeValidAndConsistent" computerName="DESKTOP-G8PCQAF" duration="00:00:00.0037278" startTime="2025-11-05T20:48:56.9918186+00:00" endTime="2025-11-05T20:48:56.9955469+00:00" testType="13cdc9d9-ddb5-4fa4-a97d-d965ccfc6d4b" outcome="Passed" testListId="8c84fa94-04c1-424b-9868-57a2d4851a1d" relativeResultsDirectory="a41c0b72-54af-4040-8ae6-40ecb4cdead8" />
    <UnitTestResult executionId="8f5dc17a-6d9b-43e7-b701-c2a328c02196" testId="ee4c6a80-67ea-ad07-5d96-ac8c10b054ad" testName="AltarModsConstants_UpsideMods_ShouldHaveUniqueNames" computerName="DESKTOP-G8PCQAF" duration="00:00:00.0013853" startTime="2025-11-05T20:48:57.0385989+00:00" endTime="2025-11-05T20:48:57.0404627+00:00" testType="13cdc9d9-ddb5-4fa4-a97d-d965ccfc6d4b" outcome="Passed" testListId="8c84fa94-04c1-424b-9868-57a2d4851a1d" relativeResultsDirectory="8f5dc17a-6d9b-43e7-b701-c2a328c02196" />
    <UnitTestResult executionId="6baf494d-ac45-4075-8960-b1a61ed829f9" testId="8ade1ad6-cd5b-8300-f442-60d687ecfaf9" testName="AltarModsConstants_PlayerMods_ShouldBePrioritized" computerName="DESKTOP-G8PCQAF" duration="00:00:00.0004993" startTime="2025-11-05T20:48:57.0609811+00:00" endTime="2025-11-05T20:48:57.0614805+00:00" testType="13cdc9d9-ddb5-4fa4-a97d-d965ccfc6d4b" outcome="Passed" testListId="8c84fa94-04c1-424b-9868-57a2d4851a1d" relativeResultsDirectory="6baf494d-ac45-4075-8960-b1a61ed829f9" />
    <UnitTestResult executionId="05678a93-8814-47f4-b979-12e644a5b8fd" testId="7e440687-2125-c666-9384-8cda94159715" testName="DownsideMods_ShouldNotBeEmpty" computerName="DESKTOP-G8PCQAF" duration="00:00:00.0273447" startTime="2025-11-05T20:48:56.7500921+00:00" endTime="2025-11-05T20:48:56.9410670+00:00" testType="13cdc9d9-ddb5-4fa4-a97d-d965ccfc6d4b" outcome="Passed" testListId="8c84fa94-04c1-424b-9868-57a2d4851a1d" relativeResultsDirectory="05678a93-8814-47f4-b979-12e644a5b8fd" />
    <UnitTestResult executionId="be785065-3f3a-4c3a-9d42-c0d33f7c7337" testId="128b796f-ea93-fb99-78f5-b328aafb2a7e" testName="ModCollections_ShouldHaveBalancedCounts" computerName="DESKTOP-G8PCQAF" duration="00:00:00.0001426" startTime="2025-11-05T20:48:57.0385989+00:00" endTime="2025-11-05T20:48:57.0385989+00:00" testType="13cdc9d9-ddb5-4fa4-a97d-d965ccfc6d4b" outcome="Passed" testListId="8c84fa94-04c1-424b-9868-57a2d4851a1d" relativeResultsDirectory="be785065-3f3a-4c3a-9d42-c0d33f7c7337" />
    <UnitTestResult executionId="9afbb94f-029c-44eb-b6c1-0728a46b98cc" testId="426ee2a5-cf45-4842-36aa-a2444b978cca" testName="AltarModsConstants_DownsideMods_ShouldHaveUniqueNames" computerName="DESKTOP-G8PCQAF" duration="00:00:00.0001995" startTime="2025-11-05T20:48:57.0424806+00:00" endTime="2025-11-05T20:48:57.0424806+00:00" testType="13cdc9d9-ddb5-4fa4-a97d-d965ccfc6d4b" outcome="Passed" testListId="8c84fa94-04c1-424b-9868-57a2d4851a1d" relativeResultsDirectory="9afbb94f-029c-44eb-b6c1-0728a46b98cc" />
    <UnitTestResult executionId="5fd2f564-9791-4f63-bc48-e15257dbd42f" testId="cebd853f-9b4e-ca20-b1f3-76488911521a" testName="PlayerTargetedMods_ShouldHaveAppropriateWeights" computerName="DESKTOP-G8PCQAF" duration="00:00:00.0026631" startTime="2025-11-05T20:48:57.0343780+00:00" endTime="2025-11-05T20:48:57.0375678+00:00" testType="13cdc9d9-ddb5-4fa4-a97d-d965ccfc6d4b" outcome="Passed" testListId="8c84fa94-04c1-424b-9868-57a2d4851a1d" relativeResultsDirectory="5fd2f564-9791-4f63-bc48-e15257dbd42f" />
    <UnitTestResult executionId="7673cb2c-4c38-4ccc-9727-55fb09951be8" testId="6d698d24-a9fe-2474-63bf-08d79ad53192" testName="FilterTargetDict_ShouldContainExpectedKeys" computerName="DESKTOP-G8PCQAF" duration="00:00:00.0055726" startTime="2025-11-05T20:48:56.9476710+00:00" endTime="2025-11-05T20:48:56.9526759+00:00" testType="13cdc9d9-ddb5-4fa4-a97d-d965ccfc6d4b" outcome="Passed" testListId="8c84fa94-04c1-424b-9868-57a2d4851a1d" relativeResultsDirectory="7673cb2c-4c38-4ccc-9727-55fb09951be8" />
    <UnitTestResult executionId="70c61999-42bb-4f03-8f8f-6ef5f6de3e44" testId="97d31d73-bf28-0aa5-7ffd-7d9562c2baca" testName="UpsideMods_ShouldContainEssentialGameplayMods" computerName="DESKTOP-G8PCQAF" duration="00:00:00.0008477" startTime="2025-11-05T20:48:56.9890626+00:00" endTime="2025-11-05T20:48:56.9897729+00:00" testType="13cdc9d9-ddb5-4fa4-a97d-d965ccfc6d4b" outcome="Passed" testListId="8c84fa94-04c1-424b-9868-57a2d4851a1d" relativeResultsDirectory="70c61999-42bb-4f03-8f8f-6ef5f6de3e44" />
  </Results>
  <TestDefinitions>
    <UnitTest name="AltarModsConstants_PlayerMods_ShouldBePrioritized" storage="c:\1.path stuff\githubrepositories\clickit\tests\bin\debug\net48\clickit.tests.dll" id="8ade1ad6-cd5b-8300-f442-60d687ecfaf9">
      <Execution id="6baf494d-ac45-4075-8960-b1a61ed829f9" />
      <TestMethod codeBase="C:\1.Path stuff\GithubRepositories\ClickIt\Tests\bin\Debug\net48\ClickIt.Tests.dll" adapterTypeName="executor://mstestadapter/v2" className="ClickIt.Tests.UtilityFunctionTests" name="AltarModsConstants_PlayerMods_ShouldBePrioritized" />
    </UnitTest>
    <UnitTest name="PlayerTargetedMods_ShouldHaveAppropriateWeights" storage="c:\1.path stuff\githubrepositories\clickit\tests\bin\debug\net48\clickit.tests.dll" id="cebd853f-9b4e-ca20-b1f3-76488911521a">
      <Execution id="5fd2f564-9791-4f63-bc48-e15257dbd42f" />
      <TestMethod codeBase="C:\1.Path stuff\GithubRepositories\ClickIt\Tests\bin\Debug\net48\ClickIt.Tests.dll" adapterTypeName="executor://mstestadapter/v2" className="ClickIt.Tests.ExtendedConstantsTests" name="PlayerTargetedMods_ShouldHaveAppropriateWeights" />
    </UnitTest>
    <UnitTest name="AltarModsConstants_ShouldHaveValidTypeDistribution" storage="c:\1.path stuff\githubrepositories\clickit\tests\bin\debug\net48\clickit.tests.dll" id="f6e9bfc6-6443-4123-a982-6d2a4eb4858a">
      <Execution id="850409a5-81f0-45f3-a83b-86f9c01c9a70" />
      <TestMethod codeBase="C:\1.Path stuff\GithubRepositories\ClickIt\Tests\bin\Debug\net48\ClickIt.Tests.dll" adapterTypeName="executor://mstestadapter/v2" className="ClickIt.Tests.UtilityFunctionTests" name="AltarModsConstants_ShouldHaveValidTypeDistribution" />
    </UnitTest>
    <UnitTest name="AltarModsConstants_HighValueMods_ShouldBeIdentifiable" storage="c:\1.path stuff\githubrepositories\clickit\tests\bin\debug\net48\clickit.tests.dll" id="2b942233-0b14-723c-536c-69c3832eef7b">
      <Execution id="af329e79-8ba0-49fc-9470-7876922ac31f" />
      <TestMethod codeBase="C:\1.Path stuff\GithubRepositories\ClickIt\Tests\bin\Debug\net48\ClickIt.Tests.dll" adapterTypeName="executor://mstestadapter/v2" className="ClickIt.Tests.UtilityFunctionTests" name="AltarModsConstants_HighValueMods_ShouldBeIdentifiable" />
    </UnitTest>
    <UnitTest name="DownsideMods_ShouldNotBeEmpty" storage="c:\1.path stuff\githubrepositories\clickit\tests\bin\debug\net48\clickit.tests.dll" id="7e440687-2125-c666-9384-8cda94159715">
      <Execution id="05678a93-8814-47f4-b979-12e644a5b8fd" />
      <TestMethod codeBase="C:\1.Path stuff\GithubRepositories\ClickIt\Tests\bin\Debug\net48\ClickIt.Tests.dll" adapterTypeName="executor://mstestadapter/v2" className="ClickIt.Tests.AltarModsConstantsTests" name="DownsideMods_ShouldNotBeEmpty" />
    </UnitTest>
    <UnitTest name="FilterTargetDict_ShouldContainExpectedKeys" storage="c:\1.path stuff\githubrepositories\clickit\tests\bin\debug\net48\clickit.tests.dll" id="6d698d24-a9fe-2474-63bf-08d79ad53192">
      <Execution id="7673cb2c-4c38-4ccc-9727-55fb09951be8" />
      <TestMethod codeBase="C:\1.Path stuff\GithubRepositories\ClickIt\Tests\bin\Debug\net48\ClickIt.Tests.dll" adapterTypeName="executor://mstestadapter/v2" className="ClickIt.Tests.AltarModsConstantsTests" name="FilterTargetDict_ShouldContainExpectedKeys" />
    </UnitTest>
    <UnitTest name="BossTargetedMods_ShouldExist" storage="c:\1.path stuff\githubrepositories\clickit\tests\bin\debug\net48\clickit.tests.dll" id="f436735f-e0e0-5642-0c04-aae30d37785a">
      <Execution id="7c989855-40b5-4036-a3f7-80e50f04e97c" />
      <TestMethod codeBase="C:\1.Path stuff\GithubRepositories\ClickIt\Tests\bin\Debug\net48\ClickIt.Tests.dll" adapterTypeName="executor://mstestadapter/v2" className="ClickIt.Tests.ExtendedConstantsTests" name="BossTargetedMods_ShouldExist" />
    </UnitTest>
    <UnitTest name="DownsideMods_ShouldContainEssentialGameplayMods" storage="c:\1.path stuff\githubrepositories\clickit\tests\bin\debug\net48\clickit.tests.dll" id="c9a312cc-aa1d-e7ec-7115-906a6a9a3d22">
      <Execution id="0d54c884-c932-49a7-a314-22d207d38bb3" />
      <TestMethod codeBase="C:\1.Path stuff\GithubRepositories\ClickIt\Tests\bin\Debug\net48\ClickIt.Tests.dll" adapterTypeName="executor://mstestadapter/v2" className="ClickIt.Tests.ExtendedConstantsTests" name="DownsideMods_ShouldContainEssentialGameplayMods" />
    </UnitTest>
    <UnitTest name="UpsideMods_ShouldNotBeEmpty" storage="c:\1.path stuff\githubrepositories\clickit\tests\bin\debug\net48\clickit.tests.dll" id="cd8fea07-85c5-7062-80c5-9fe5081431e8">
      <Execution id="32afbf2c-2d33-44bd-a077-696fbeeecaea" />
      <TestMethod codeBase="C:\1.Path stuff\GithubRepositories\ClickIt\Tests\bin\Debug\net48\ClickIt.Tests.dll" adapterTypeName="executor://mstestadapter/v2" className="ClickIt.Tests.AltarModsConstantsTests" name="UpsideMods_ShouldNotBeEmpty" />
    </UnitTest>
    <UnitTest name="UpsideMods_ShouldHaveValidStructure" storage="c:\1.path stuff\githubrepositories\clickit\tests\bin\debug\net48\clickit.tests.dll" id="248d00c6-c302-7bd6-fc5a-6bca7756d217">
      <Execution id="523860d1-7dc0-456c-8a4e-b97627837011" />
      <TestMethod codeBase="C:\1.Path stuff\GithubRepositories\ClickIt\Tests\bin\Debug\net48\ClickIt.Tests.dll" adapterTypeName="executor://mstestadapter/v2" className="ClickIt.Tests.AltarModsConstantsTests" name="UpsideMods_ShouldHaveValidStructure" />
    </UnitTest>
    <UnitTest name="ModTypes_ShouldBeValidAndConsistent" storage="c:\1.path stuff\githubrepositories\clickit\tests\bin\debug\net48\clickit.tests.dll" id="260489a1-cf2d-ac81-79c0-c2c4ad88bdb5">
      <Execution id="a41c0b72-54af-4040-8ae6-40ecb4cdead8" />
      <TestMethod codeBase="C:\1.Path stuff\GithubRepositories\ClickIt\Tests\bin\Debug\net48\ClickIt.Tests.dll" adapterTypeName="executor://mstestadapter/v2" className="ClickIt.Tests.ExtendedConstantsTests" name="ModTypes_ShouldBeValidAndConsistent" />
    </UnitTest>
    <UnitTest name="AltarModsConstants_DownsideMods_ShouldHaveUniqueNames" storage="c:\1.path stuff\githubrepositories\clickit\tests\bin\debug\net48\clickit.tests.dll" id="426ee2a5-cf45-4842-36aa-a2444b978cca">
      <Execution id="9afbb94f-029c-44eb-b6c1-0728a46b98cc" />
      <TestMethod codeBase="C:\1.Path stuff\GithubRepositories\ClickIt\Tests\bin\Debug\net48\ClickIt.Tests.dll" adapterTypeName="executor://mstestadapter/v2" className="ClickIt.Tests.UtilityFunctionTests" name="AltarModsConstants_DownsideMods_ShouldHaveUniqueNames" />
    </UnitTest>
    <UnitTest name="UpsideMods_ShouldHaveConsistentDataFormat" storage="c:\1.path stuff\githubrepositories\clickit\tests\bin\debug\net48\clickit.tests.dll" id="b6edeb4d-3e3c-642a-f6f0-27641568a038">
      <Execution id="5745230a-56f2-4b5c-a2ac-b6e9e6976698" />
      <TestMethod codeBase="C:\1.Path stuff\GithubRepositories\ClickIt\Tests\bin\Debug\net48\ClickIt.Tests.dll" adapterTypeName="executor://mstestadapter/v2" className="ClickIt.Tests.ExtendedConstantsTests" name="UpsideMods_ShouldHaveConsistentDataFormat" />
    </UnitTest>
    <UnitTest name="DownsideMods_ShouldHaveConsistentDataFormat" storage="c:\1.path stuff\githubrepositories\clickit\tests\bin\debug\net48\clickit.tests.dll" id="061e59bf-0492-5b0e-6078-213fa56918b7">
      <Execution id="052e628d-44c4-4c06-96af-8820ad7331e8" />
      <TestMethod codeBase="C:\1.Path stuff\GithubRepositories\ClickIt\Tests\bin\Debug\net48\ClickIt.Tests.dll" adapterTypeName="executor://mstestadapter/v2" className="ClickIt.Tests.ExtendedConstantsTests" name="DownsideMods_ShouldHaveConsistentDataFormat" />
    </UnitTest>
    <UnitTest name="AltarTargetDict_ShouldHaveCorrectMappings" storage="c:\1.path stuff\githubrepositories\clickit\tests\bin\debug\net48\clickit.tests.dll" id="e2469839-e919-9f58-0648-fd6483af4b0b">
      <Execution id="83b4ec34-b521-44b1-95f7-bee1845b5c84" />
      <TestMethod codeBase="C:\1.Path stuff\GithubRepositories\ClickIt\Tests\bin\Debug\net48\ClickIt.Tests.dll" adapterTypeName="executor://mstestadapter/v2" className="ClickIt.Tests.ExtendedConstantsTests" name="AltarTargetDict_ShouldHaveCorrectMappings" />
    </UnitTest>
    <UnitTest name="FilterTargetDict_ShouldHaveCorrectMappings" storage="c:\1.path stuff\githubrepositories\clickit\tests\bin\debug\net48\clickit.tests.dll" id="15fcb06f-8632-359a-75ce-6f44f89c5277">
      <Execution id="451cf851-3ef9-4e2a-91dc-d83e4c0448f5" />
      <TestMethod codeBase="C:\1.Path stuff\GithubRepositories\ClickIt\Tests\bin\Debug\net48\ClickIt.Tests.dll" adapterTypeName="executor://mstestadapter/v2" className="ClickIt.Tests.ExtendedConstantsTests" name="FilterTargetDict_ShouldHaveCorrectMappings" />
    </UnitTest>
    <UnitTest name="DownsideMods_ShouldHaveValidStructure" storage="c:\1.path stuff\githubrepositories\clickit\tests\bin\debug\net48\clickit.tests.dll" id="2e14e2a6-11eb-c8c2-9f7a-50c0ca1738f2">
      <Execution id="027d71ef-4953-4648-810f-d49be06174f8" />
      <TestMethod codeBase="C:\1.Path stuff\GithubRepositories\ClickIt\Tests\bin\Debug\net48\ClickIt.Tests.dll" adapterTypeName="executor://mstestadapter/v2" className="ClickIt.Tests.AltarModsConstantsTests" name="DownsideMods_ShouldHaveValidStructure" />
    </UnitTest>
    <UnitTest name="DefaultWeights_ShouldFollowReasonableDistribution" storage="c:\1.path stuff\githubrepositories\clickit\tests\bin\debug\net48\clickit.tests.dll" id="ed57d447-e093-d5c1-cf09-9f7c15f531c2">
      <Execution id="94733bea-73d4-4b08-abb6-7fbe0e9422c7" />
      <TestMethod codeBase="C:\1.Path stuff\GithubRepositories\ClickIt\Tests\bin\Debug\net48\ClickIt.Tests.dll" adapterTypeName="executor://mstestadapter/v2" className="ClickIt.Tests.ExtendedConstantsTests" name="DefaultWeights_ShouldFollowReasonableDistribution" />
    </UnitTest>
    <UnitTest name="AltarModsConstants_FilterAndAltarDicts_ShouldHaveExpectedCoverage" storage="c:\1.path stuff\githubrepositories\clickit\tests\bin\debug\net48\clickit.tests.dll" id="078ca68a-9d68-e993-23b7-79de24968cb8">
      <Execution id="d47054b1-dd60-4c33-a5b4-1b9f68b6a528" />
      <TestMethod codeBase="C:\1.Path stuff\GithubRepositories\ClickIt\Tests\bin\Debug\net48\ClickIt.Tests.dll" adapterTypeName="executor://mstestadapter/v2" className="ClickIt.Tests.UtilityFunctionTests" name="AltarModsConstants_FilterAndAltarDicts_ShouldHaveExpectedCoverage" />
    </UnitTest>
    <UnitTest name="AltarModsConstants_ModIds_ShouldNotHaveLeadingOrTrailingWhitespace" storage="c:\1.path stuff\githubrepositories\clickit\tests\bin\debug\net48\clickit.tests.dll" id="8369a21d-54a8-a919-98dd-2c710db28541">
      <Execution id="f9668f1e-2589-45e6-b4fa-7eb9a1963b8d" />
      <TestMethod codeBase="C:\1.Path stuff\GithubRepositories\ClickIt\Tests\bin\Debug\net48\ClickIt.Tests.dll" adapterTypeName="executor://mstestadapter/v2" className="ClickIt.Tests.UtilityFunctionTests" name="AltarModsConstants_ModIds_ShouldNotHaveLeadingOrTrailingWhitespace" />
    </UnitTest>
    <UnitTest name="ModCollections_ShouldHaveReasonableSize" storage="c:\1.path stuff\githubrepositories\clickit\tests\bin\debug\net48\clickit.tests.dll" id="6b8ec001-d942-663e-5555-3cd7c053c8d4">
      <Execution id="078e6fd7-d487-4d58-808a-0cdc5187f972" />
      <TestMethod codeBase="C:\1.Path stuff\GithubRepositories\ClickIt\Tests\bin\Debug\net48\ClickIt.Tests.dll" adapterTypeName="executor://mstestadapter/v2" className="ClickIt.Tests.AltarModsConstantsTests" name="ModCollections_ShouldHaveReasonableSize" />
    </UnitTest>
    <UnitTest name="ModCollections_ShouldHaveBalancedCounts" storage="c:\1.path stuff\githubrepositories\clickit\tests\bin\debug\net48\clickit.tests.dll" id="128b796f-ea93-fb99-78f5-b328aafb2a7e">
      <Execution id="be785065-3f3a-4c3a-9d42-c0d33f7c7337" />
      <TestMethod codeBase="C:\1.Path stuff\GithubRepositories\ClickIt\Tests\bin\Debug\net48\ClickIt.Tests.dll" adapterTypeName="executor://mstestadapter/v2" className="ClickIt.Tests.ExtendedConstantsTests" name="ModCollections_ShouldHaveBalancedCounts" />
    </UnitTest>
    <UnitTest name="UpsideMods_ShouldHaveUniqueIds" storage="c:\1.path stuff\githubrepositories\clickit\tests\bin\debug\net48\clickit.tests.dll" id="46cabf82-2444-0088-5b02-785f0f225c12">
      <Execution id="e638aea3-664c-4446-8877-fb620dea8754" />
      <TestMethod codeBase="C:\1.Path stuff\GithubRepositories\ClickIt\Tests\bin\Debug\net48\ClickIt.Tests.dll" adapterTypeName="executor://mstestadapter/v2" className="ClickIt.Tests.AltarModsConstantsTests" name="UpsideMods_ShouldHaveUniqueIds" />
    </UnitTest>
    <UnitTest name="AltarModsConstants_AllMods_ShouldHaveValidWeightRanges" storage="c:\1.path stuff\githubrepositories\clickit\tests\bin\debug\net48\clickit.tests.dll" id="e892ec32-5ef7-2210-3298-2be37b1da00f">
      <Execution id="04988e9f-0a6c-4c34-a1da-079413761b89" />
      <TestMethod codeBase="C:\1.Path stuff\GithubRepositories\ClickIt\Tests\bin\Debug\net48\ClickIt.Tests.dll" adapterTypeName="executor://mstestadapter/v2" className="ClickIt.Tests.UtilityFunctionTests" name="AltarModsConstants_AllMods_ShouldHaveValidWeightRanges" />
    </UnitTest>
    <UnitTest name="UpsideMods_ShouldContainEssentialGameplayMods" storage="c:\1.path stuff\githubrepositories\clickit\tests\bin\debug\net48\clickit.tests.dll" id="97d31d73-bf28-0aa5-7ffd-7d9562c2baca">
      <Execution id="70c61999-42bb-4f03-8f8f-6ef5f6de3e44" />
      <TestMethod codeBase="C:\1.Path stuff\GithubRepositories\ClickIt\Tests\bin\Debug\net48\ClickIt.Tests.dll" adapterTypeName="executor://mstestadapter/v2" className="ClickIt.Tests.ExtendedConstantsTests" name="UpsideMods_ShouldContainEssentialGameplayMods" />
    </UnitTest>
    <UnitTest name="DownsideMods_ShouldHaveUniqueIds" storage="c:\1.path stuff\githubrepositories\clickit\tests\bin\debug\net48\clickit.tests.dll" id="8f93e997-62b9-86aa-244b-4acb788e20de">
      <Execution id="93ee4416-67bd-44b7-9f2a-2151b41f0c9b" />
      <TestMethod codeBase="C:\1.Path stuff\GithubRepositories\ClickIt\Tests\bin\Debug\net48\ClickIt.Tests.dll" adapterTypeName="executor://mstestadapter/v2" className="ClickIt.Tests.AltarModsConstantsTests" name="DownsideMods_ShouldHaveUniqueIds" />
    </UnitTest>
    <UnitTest name="AltarModsConstants_ModNames_ShouldBeDescriptive" storage="c:\1.path stuff\githubrepositories\clickit\tests\bin\debug\net48\clickit.tests.dll" id="53d6b819-c67d-0003-1d18-1e487a15d2ef">
      <Execution id="47ec440e-ed8b-4764-b838-7626367e75cc" />
      <TestMethod codeBase="C:\1.Path stuff\GithubRepositories\ClickIt\Tests\bin\Debug\net48\ClickIt.Tests.dll" adapterTypeName="executor://mstestadapter/v2" className="ClickIt.Tests.UtilityFunctionTests" name="AltarModsConstants_ModNames_ShouldBeDescriptive" />
    </UnitTest>
    <UnitTest name="AltarModsConstants_LowValueMods_ShouldExist" storage="c:\1.path stuff\githubrepositories\clickit\tests\bin\debug\net48\clickit.tests.dll" id="3a61beba-698c-f922-c647-1aed1276266b">
      <Execution id="52e3eb90-5aac-422c-8f84-6df6259c29af" />
      <TestMethod codeBase="C:\1.Path stuff\GithubRepositories\ClickIt\Tests\bin\Debug\net48\ClickIt.Tests.dll" adapterTypeName="executor://mstestadapter/v2" className="ClickIt.Tests.UtilityFunctionTests" name="AltarModsConstants_LowValueMods_ShouldExist" />
    </UnitTest>
    <UnitTest name="AltarModsConstants_UpsideMods_ShouldHaveUniqueNames" storage="c:\1.path stuff\githubrepositories\clickit\tests\bin\debug\net48\clickit.tests.dll" id="ee4c6a80-67ea-ad07-5d96-ac8c10b054ad">
      <Execution id="8f5dc17a-6d9b-43e7-b701-c2a328c02196" />
      <TestMethod codeBase="C:\1.Path stuff\GithubRepositories\ClickIt\Tests\bin\Debug\net48\ClickIt.Tests.dll" adapterTypeName="executor://mstestadapter/v2" className="ClickIt.Tests.UtilityFunctionTests" name="AltarModsConstants_UpsideMods_ShouldHaveUniqueNames" />
    </UnitTest>
    <UnitTest name="AltarTargetDict_ShouldContainExpectedKeys" storage="c:\1.path stuff\githubrepositories\clickit\tests\bin\debug\net48\clickit.tests.dll" id="595f203c-4c11-4413-5fed-f653b27e96f2">
      <Execution id="ebbbf743-031d-4d91-a13d-0d3e2d68d522" />
      <TestMethod codeBase="C:\1.Path stuff\GithubRepositories\ClickIt\Tests\bin\Debug\net48\ClickIt.Tests.dll" adapterTypeName="executor://mstestadapter/v2" className="ClickIt.Tests.AltarModsConstantsTests" name="AltarTargetDict_ShouldContainExpectedKeys" />
    </UnitTest>
  </TestDefinitions>
  <TestEntries>
    <TestEntry testId="f6e9bfc6-6443-4123-a982-6d2a4eb4858a" executionId="850409a5-81f0-45f3-a83b-86f9c01c9a70" testListId="8c84fa94-04c1-424b-9868-57a2d4851a1d" />
    <TestEntry testId="b6edeb4d-3e3c-642a-f6f0-27641568a038" executionId="5745230a-56f2-4b5c-a2ac-b6e9e6976698" testListId="8c84fa94-04c1-424b-9868-57a2d4851a1d" />
    <TestEntry testId="6b8ec001-d942-663e-5555-3cd7c053c8d4" executionId="078e6fd7-d487-4d58-808a-0cdc5187f972" testListId="8c84fa94-04c1-424b-9868-57a2d4851a1d" />
    <TestEntry testId="15fcb06f-8632-359a-75ce-6f44f89c5277" executionId="451cf851-3ef9-4e2a-91dc-d83e4c0448f5" testListId="8c84fa94-04c1-424b-9868-57a2d4851a1d" />
    <TestEntry testId="248d00c6-c302-7bd6-fc5a-6bca7756d217" executionId="523860d1-7dc0-456c-8a4e-b97627837011" testListId="8c84fa94-04c1-424b-9868-57a2d4851a1d" />
    <TestEntry testId="46cabf82-2444-0088-5b02-785f0f225c12" executionId="e638aea3-664c-4446-8877-fb620dea8754" testListId="8c84fa94-04c1-424b-9868-57a2d4851a1d" />
    <TestEntry testId="078ca68a-9d68-e993-23b7-79de24968cb8" executionId="d47054b1-dd60-4c33-a5b4-1b9f68b6a528" testListId="8c84fa94-04c1-424b-9868-57a2d4851a1d" />
    <TestEntry testId="061e59bf-0492-5b0e-6078-213fa56918b7" executionId="052e628d-44c4-4c06-96af-8820ad7331e8" testListId="8c84fa94-04c1-424b-9868-57a2d4851a1d" />
    <TestEntry testId="2b942233-0b14-723c-536c-69c3832eef7b" executionId="af329e79-8ba0-49fc-9470-7876922ac31f" testListId="8c84fa94-04c1-424b-9868-57a2d4851a1d" />
    <TestEntry testId="c9a312cc-aa1d-e7ec-7115-906a6a9a3d22" executionId="0d54c884-c932-49a7-a314-22d207d38bb3" testListId="8c84fa94-04c1-424b-9868-57a2d4851a1d" />
    <TestEntry testId="cd8fea07-85c5-7062-80c5-9fe5081431e8" executionId="32afbf2c-2d33-44bd-a077-696fbeeecaea" testListId="8c84fa94-04c1-424b-9868-57a2d4851a1d" />
    <TestEntry testId="3a61beba-698c-f922-c647-1aed1276266b" executionId="52e3eb90-5aac-422c-8f84-6df6259c29af" testListId="8c84fa94-04c1-424b-9868-57a2d4851a1d" />
    <TestEntry testId="8f93e997-62b9-86aa-244b-4acb788e20de" executionId="93ee4416-67bd-44b7-9f2a-2151b41f0c9b" testListId="8c84fa94-04c1-424b-9868-57a2d4851a1d" />
    <TestEntry testId="8369a21d-54a8-a919-98dd-2c710db28541" executionId="f9668f1e-2589-45e6-b4fa-7eb9a1963b8d" testListId="8c84fa94-04c1-424b-9868-57a2d4851a1d" />
    <TestEntry testId="ed57d447-e093-d5c1-cf09-9f7c15f531c2" executionId="94733bea-73d4-4b08-abb6-7fbe0e9422c7" testListId="8c84fa94-04c1-424b-9868-57a2d4851a1d" />
    <TestEntry testId="53d6b819-c67d-0003-1d18-1e487a15d2ef" executionId="47ec440e-ed8b-4764-b838-7626367e75cc" testListId="8c84fa94-04c1-424b-9868-57a2d4851a1d" />
    <TestEntry testId="2e14e2a6-11eb-c8c2-9f7a-50c0ca1738f2" executionId="027d71ef-4953-4648-810f-d49be06174f8" testListId="8c84fa94-04c1-424b-9868-57a2d4851a1d" />
    <TestEntry testId="e2469839-e919-9f58-0648-fd6483af4b0b" executionId="83b4ec34-b521-44b1-95f7-bee1845b5c84" testListId="8c84fa94-04c1-424b-9868-57a2d4851a1d" />
    <TestEntry testId="e892ec32-5ef7-2210-3298-2be37b1da00f" executionId="04988e9f-0a6c-4c34-a1da-079413761b89" testListId="8c84fa94-04c1-424b-9868-57a2d4851a1d" />
    <TestEntry testId="f436735f-e0e0-5642-0c04-aae30d37785a" executionId="7c989855-40b5-4036-a3f7-80e50f04e97c" testListId="8c84fa94-04c1-424b-9868-57a2d4851a1d" />
    <TestEntry testId="595f203c-4c11-4413-5fed-f653b27e96f2" executionId="ebbbf743-031d-4d91-a13d-0d3e2d68d522" testListId="8c84fa94-04c1-424b-9868-57a2d4851a1d" />
    <TestEntry testId="260489a1-cf2d-ac81-79c0-c2c4ad88bdb5" executionId="a41c0b72-54af-4040-8ae6-40ecb4cdead8" testListId="8c84fa94-04c1-424b-9868-57a2d4851a1d" />
    <TestEntry testId="ee4c6a80-67ea-ad07-5d96-ac8c10b054ad" executionId="8f5dc17a-6d9b-43e7-b701-c2a328c02196" testListId="8c84fa94-04c1-424b-9868-57a2d4851a1d" />
    <TestEntry testId="8ade1ad6-cd5b-8300-f442-60d687ecfaf9" executionId="6baf494d-ac45-4075-8960-b1a61ed829f9" testListId="8c84fa94-04c1-424b-9868-57a2d4851a1d" />
    <TestEntry testId="7e440687-2125-c666-9384-8cda94159715" executionId="05678a93-8814-47f4-b979-12e644a5b8fd" testListId="8c84fa94-04c1-424b-9868-57a2d4851a1d" />
    <TestEntry testId="128b796f-ea93-fb99-78f5-b328aafb2a7e" executionId="be785065-3f3a-4c3a-9d42-c0d33f7c7337" testListId="8c84fa94-04c1-424b-9868-57a2d4851a1d" />
    <TestEntry testId="426ee2a5-cf45-4842-36aa-a2444b978cca" executionId="9afbb94f-029c-44eb-b6c1-0728a46b98cc" testListId="8c84fa94-04c1-424b-9868-57a2d4851a1d" />
    <TestEntry testId="cebd853f-9b4e-ca20-b1f3-76488911521a" executionId="5fd2f564-9791-4f63-bc48-e15257dbd42f" testListId="8c84fa94-04c1-424b-9868-57a2d4851a1d" />
    <TestEntry testId="6d698d24-a9fe-2474-63bf-08d79ad53192" executionId="7673cb2c-4c38-4ccc-9727-55fb09951be8" testListId="8c84fa94-04c1-424b-9868-57a2d4851a1d" />
    <TestEntry testId="97d31d73-bf28-0aa5-7ffd-7d9562c2baca" executionId="70c61999-42bb-4f03-8f8f-6ef5f6de3e44" testListId="8c84fa94-04c1-424b-9868-57a2d4851a1d" />
  </TestEntries>
  <TestLists>
    <TestList name="Results Not in a List" id="8c84fa94-04c1-424b-9868-57a2d4851a1d" />
    <TestList name="All Loaded Results" id="19431567-8539-422a-85d7-44ee4e166bda" />
  </TestLists>
  <ResultSummary outcome="Completed">
    <Counters total="30" executed="30" passed="30" failed="0" error="0" timeout="0" aborted="0" inconclusive="0" passedButRunAborted="0" notRunnable="0" notExecuted="0" disconnected="0" warning="0" completed="0" inProgress="0" pending="0" />
  </ResultSummary>
</TestRun>