<?xml version="1.0" encoding="utf-8"?>
<TestRun id="da78c281-743f-4243-96d8-1a75f2524e77" name="@runnervmf2e7y 2025-11-05 23:50:44" xmlns="http://microsoft.com/schemas/VisualStudio/TeamTest/2010">
  <Times creation="2025-11-05T23:50:44.3897736+00:00" queuing="2025-11-05T23:50:44.3897736+00:00" start="2025-11-05T23:50:44.0437940+00:00" finish="2025-11-05T23:50:44.3902819+00:00" />
  <TestSettings name="default" id="3a5e1f95-d586-4666-b916-044b672ca522">
    <Deployment runDeploymentRoot="_runnervmf2e7y_2025-11-05_23_50_44" />
  </TestSettings>
  <TestLists>
    <TestList name="Results Not in a List" id="8c84fa94-04c1-424b-9868-57a2d4851a1d" />
    <TestList name="All Loaded Results" id="19431567-8539-422a-85d7-44ee4e166bda" />
  </TestLists>
  <ResultSummary outcome="Failed">
    <Counters total="0" executed="0" passed="0" failed="0" error="0" timeout="0" aborted="0" inconclusive="0" passedButRunAborted="0" notRunnable="0" notExecuted="0" disconnected="0" warning="0" completed="0" inProgress="0" pending="0" />
    <RunInfos>
      <RunInfo computerName="runnervmf2e7y" outcome="Error" timestamp="2025-11-05T23:50:44.3583380+00:00">
        <Text>System.IO.FileNotFoundException: Could not find 'mono' host. Make sure that 'mono' is installed on the machine and is available in PATH environment variable.
   at Microsoft.VisualStudio.TestPlatform.CrossPlatEngine.Helpers.DotnetHostHelper.GetMonoPath() in /_/src/Microsoft.TestPlatform.CoreUtilities/Helpers/DotnetHostHelper.cs:line 93
   at Microsoft.VisualStudio.TestPlatform.CrossPlatEngine.Hosting.DefaultTestHostManager.GetTestHostProcessStartInfo(IEnumerable`1 sources, IDictionary`2 environmentVariables, TestRunnerConnectionInfo connectionInfo) in /_/src/Microsoft.TestPlatform.TestHostProvider/Hosting/DefaultTestHostManager.cs:line 219
   at Microsoft.VisualStudio.TestPlatform.CrossPlatEngine.Client.ProxyOperationManager.SetupChannel(IEnumerable`1 sources, String runSettings) in /_/src/Microsoft.TestPlatform.CrossPlatEngine/Client/ProxyOperationManager.cs:line 229
   at Microsoft.VisualStudio.TestPlatform.CrossPlatEngine.Client.ProxyExecutionManager.InitializeTestRun(TestRunCriteria testRunCriteria, IInternalTestRunEventsHandler eventHandler) in /_/src/Microsoft.TestPlatform.CrossPlatEngine/Client/ProxyExecutionManager.cs:line 184</Text>
      </RunInfo>
    </RunInfos>
  </ResultSummary>
</TestRun>